{"/Users/castlemilk/PycharmProjects/nutry/web/app/config.js": {"path":"/Users/castlemilk/PycharmProjects/nutry/web/app/config.js","statementMap":{"0":{"start":{"line":1,"column":35},"end":{"line":9,"column":1}},"1":{"start":{"line":10,"column":30},"end":{"line":12,"column":1}}},"fnMap":{},"branchMap":{},"s":{"0":1,"1":1},"f":{},"b":{},"_coverageSchema":"332fd63041d2c1bcb487cc26dd0d5f7d97098a6c","hash":"0371b28ae7629f6ccac8f5a09d62c1be38a25418"}
,"/Users/castlemilk/PycharmProjects/nutry/web/app/configureStore.js": {"path":"/Users/castlemilk/PycharmProjects/nutry/web/app/configureStore.js","statementMap":{"0":{"start":{"line":11,"column":23},"end":{"line":11,"column":45}},"1":{"start":{"line":17,"column":22},"end":{"line":20,"column":3}},"2":{"start":{"line":22,"column":20},"end":{"line":24,"column":3}},"3":{"start":{"line":29,"column":4},"end":{"line":37,"column":15}},"4":{"start":{"line":40,"column":16},"end":{"line":44,"column":3}},"5":{"start":{"line":47,"column":2},"end":{"line":47,"column":37}},"6":{"start":{"line":48,"column":2},"end":{"line":48,"column":30}},"7":{"start":{"line":49,"column":2},"end":{"line":49,"column":27}},"8":{"start":{"line":59,"column":2},"end":{"line":59,"column":15}}},"fnMap":{"0":{"name":"configureStore","decl":{"start":{"line":13,"column":24},"end":{"line":13,"column":38}},"loc":{"start":{"line":13,"column":67},"end":{"line":60,"column":1}},"line":13}},"branchMap":{"0":{"loc":{"start":{"line":13,"column":39},"end":{"line":13,"column":56}},"type":"default-arg","locations":[{"start":{"line":13,"column":54},"end":{"line":13,"column":56}}],"line":13},"1":{"loc":{"start":{"line":29,"column":4},"end":{"line":37,"column":15}},"type":"cond-expr","locations":[{"start":{"line":32,"column":8},"end":{"line":36,"column":8}},{"start":{"line":37,"column":8},"end":{"line":37,"column":15}}],"line":29},"2":{"loc":{"start":{"line":29,"column":4},"end":{"line":31,"column":47}},"type":"binary-expr","locations":[{"start":{"line":29,"column":4},"end":{"line":29,"column":41}},{"start":{"line":30,"column":4},"end":{"line":30,"column":30}},{"start":{"line":31,"column":4},"end":{"line":31,"column":47}}],"line":29}},"s":{"0":6,"1":39,"2":39,"3":39,"4":39,"5":39,"6":39,"7":39,"8":39},"f":{"0":39},"b":{"0":[1],"1":[1,38],"2":[39,39,39]},"_coverageSchema":"332fd63041d2c1bcb487cc26dd0d5f7d97098a6c","hash":"74d4c8b24735af0e875043c18a53b33e0dca6dac"}
,"/Users/castlemilk/PycharmProjects/nutry/web/app/i18n.js": {"path":"/Users/castlemilk/PycharmProjects/nutry/web/app/i18n.js","statementMap":{"0":{"start":{"line":13,"column":26},"end":{"line":15,"column":1}},"1":{"start":{"line":17,"column":0},"end":{"line":17,"column":28}},"2":{"start":{"line":19,"column":41},"end":{"line":30,"column":1}},"3":{"start":{"line":20,"column":35},"end":{"line":22,"column":8}},"4":{"start":{"line":23,"column":2},"end":{"line":29,"column":9}},"5":{"start":{"line":24,"column":18},"end":{"line":24,"column":31}},"6":{"start":{"line":25,"column":4},"end":{"line":27,"column":5}},"7":{"start":{"line":26,"column":6},"end":{"line":26,"column":46}},"8":{"start":{"line":28,"column":4},"end":{"line":28,"column":64}},"9":{"start":{"line":32,"column":35},"end":{"line":34,"column":1}}},"fnMap":{"0":{"name":"(anonymous_0)","decl":{"start":{"line":19,"column":41},"end":{"line":19,"column":42}},"loc":{"start":{"line":19,"column":63},"end":{"line":30,"column":1}},"line":19},"1":{"name":"(anonymous_1)","decl":{"start":{"line":23,"column":38},"end":{"line":23,"column":39}},"loc":{"start":{"line":23,"column":66},"end":{"line":29,"column":3}},"line":23}},"branchMap":{"0":{"loc":{"start":{"line":20,"column":35},"end":{"line":22,"column":8}},"type":"cond-expr","locations":[{"start":{"line":21,"column":6},"end":{"line":21,"column":70}},{"start":{"line":22,"column":6},"end":{"line":22,"column":8}}],"line":20},"1":{"loc":{"start":{"line":25,"column":4},"end":{"line":27,"column":5}},"type":"if","locations":[{"start":{"line":25,"column":4},"end":{"line":27,"column":5}},{"start":{"line":25,"column":4},"end":{"line":27,"column":5}}],"line":25},"2":{"loc":{"start":{"line":25,"column":8},"end":{"line":25,"column":45}},"type":"binary-expr","locations":[{"start":{"line":25,"column":8},"end":{"line":25,"column":16}},{"start":{"line":25,"column":20},"end":{"line":25,"column":45}}],"line":25}},"s":{"0":2,"1":2,"2":2,"3":5,"4":5,"5":7,"6":7,"7":1,"8":7,"9":2},"f":{"0":5,"1":7},"b":{"0":[1,4],"1":[1,6],"2":[7,1]},"_coverageSchema":"332fd63041d2c1bcb487cc26dd0d5f7d97098a6c","hash":"97831f41386b73c40220dcbfe266fcfc42c2d705"}
,"/Users/castlemilk/PycharmProjects/nutry/web/app/reducers.js": {"path":"/Users/castlemilk/PycharmProjects/nutry/web/app/reducers.js","statementMap":{"0":{"start":{"line":20,"column":26},"end":{"line":22,"column":2}},"1":{"start":{"line":28,"column":2},"end":{"line":36,"column":3}},"2":{"start":{"line":35,"column":6},"end":{"line":35,"column":19}},"3":{"start":{"line":43,"column":2},"end":{"line":47,"column":5}}},"fnMap":{"0":{"name":"routeReducer","decl":{"start":{"line":27,"column":9},"end":{"line":27,"column":21}},"loc":{"start":{"line":27,"column":57},"end":{"line":37,"column":1}},"line":27},"1":{"name":"createReducer","decl":{"start":{"line":42,"column":24},"end":{"line":42,"column":37}},"loc":{"start":{"line":42,"column":56},"end":{"line":48,"column":1}},"line":42}},"branchMap":{"0":{"loc":{"start":{"line":27,"column":22},"end":{"line":27,"column":47}},"type":"default-arg","locations":[{"start":{"line":27,"column":30},"end":{"line":27,"column":47}}],"line":27},"1":{"loc":{"start":{"line":28,"column":2},"end":{"line":36,"column":3}},"type":"switch","locations":[{"start":{"line":34,"column":4},"end":{"line":35,"column":19}}],"line":28}},"s":{"0":7,"1":49,"2":49,"3":44},"f":{"0":49,"1":44},"b":{"0":[39],"1":[49]},"_coverageSchema":"332fd63041d2c1bcb487cc26dd0d5f7d97098a6c","hash":"69a2b127b1eb68a378a5788de402b3a9bc9ec3ee"}
,"/Users/castlemilk/PycharmProjects/nutry/web/app/components/CodeEditor/index.js": {"path":"/Users/castlemilk/PycharmProjects/nutry/web/app/components/CodeEditor/index.js","statementMap":{"0":{"start":{"line":1,"column":13},"end":{"line":1,"column":75}},"1":{"start":{"line":1,"column":94},"end":{"line":1,"column":623}},"2":{"start":{"line":1,"column":149},"end":{"line":1,"column":414}},"3":{"start":{"line":1,"column":206},"end":{"line":1,"column":214}},"4":{"start":{"line":1,"column":215},"end":{"line":1,"column":270}},"5":{"start":{"line":1,"column":270},"end":{"line":1,"column":301}},"6":{"start":{"line":1,"column":301},"end":{"line":1,"column":355}},"7":{"start":{"line":1,"column":328},"end":{"line":1,"column":355}},"8":{"start":{"line":1,"column":355},"end":{"line":1,"column":413}},"9":{"start":{"line":1,"column":415},"end":{"line":1,"column":620}},"10":{"start":{"line":1,"column":471},"end":{"line":1,"column":539}},"11":{"start":{"line":1,"column":487},"end":{"line":1,"column":539}},"12":{"start":{"line":1,"column":539},"end":{"line":1,"column":599}},"13":{"start":{"line":1,"column":556},"end":{"line":1,"column":599}},"14":{"start":{"line":1,"column":599},"end":{"line":1,"column":618}},"15":{"start":{"line":7,"column":13},"end":{"line":7,"column":29}},"16":{"start":{"line":7,"column":44},"end":{"line":7,"column":74}},"17":{"start":{"line":8,"column":19},"end":{"line":8,"column":42}},"18":{"start":{"line":8,"column":63},"end":{"line":8,"column":99}},"19":{"start":{"line":15,"column":16},"end":{"line":15,"column":37}},"20":{"start":{"line":15,"column":55},"end":{"line":15,"column":88}},"21":{"start":{"line":15,"column":127},"end":{"line":15,"column":181}},"22":{"start":{"line":15,"column":231},"end":{"line":15,"column":330}},"23":{"start":{"line":15,"column":272},"end":{"line":15,"column":329}},"24":{"start":{"line":15,"column":380},"end":{"line":15,"column":479}},"25":{"start":{"line":15,"column":392},"end":{"line":15,"column":478}},"26":{"start":{"line":15,"column":479},"end":{"line":15,"column":565}},"27":{"start":{"line":15,"column":608},"end":{"line":15,"column":771}},"28":{"start":{"line":15,"column":670},"end":{"line":15,"column":770}},"29":{"start":{"line":15,"column":771},"end":{"line":15,"column":935}},"30":{"start":{"line":15,"column":935},"end":{"line":15,"column":1053}},"31":{"start":{"line":15,"column":951},"end":{"line":15,"column":1053}},"32":{"start":{"line":24,"column":17},"end":{"line":25,"column":255}},"33":{"start":{"line":24,"column":46},"end":{"line":24,"column":86}},"34":{"start":{"line":24,"column":109},"end":{"line":24,"column":143}},"35":{"start":{"line":24,"column":143},"end":{"line":24,"column":267}},"36":{"start":{"line":24,"column":268},"end":{"line":25,"column":209}},"37":{"start":{"line":25,"column":30},"end":{"line":25,"column":203}},"38":{"start":{"line":25,"column":209},"end":{"line":25,"column":227}},"39":{"start":{"line":28,"column":0},"end":{"line":28,"column":26}},"40":{"start":{"line":28,"column":26},"end":{"line":32,"column":11}}},"fnMap":{"0":{"name":"(anonymous_0)","decl":{"start":{"line":1,"column":94},"end":{"line":1,"column":95}},"loc":{"start":{"line":1,"column":106},"end":{"line":1,"column":621}},"line":1},"1":{"name":"defineProperties","decl":{"start":{"line":1,"column":116},"end":{"line":1,"column":132}},"loc":{"start":{"line":1,"column":148},"end":{"line":1,"column":415}},"line":1},"2":{"name":"(anonymous_2)","decl":{"start":{"line":1,"column":422},"end":{"line":1,"column":423}},"loc":{"start":{"line":1,"column":470},"end":{"line":1,"column":619}},"line":1},"3":{"name":"_interopRequireDefault","decl":{"start":{"line":15,"column":98},"end":{"line":15,"column":120}},"loc":{"start":{"line":15,"column":126},"end":{"line":15,"column":182}},"line":15},"4":{"name":"_classCallCheck","decl":{"start":{"line":15,"column":191},"end":{"line":15,"column":206}},"loc":{"start":{"line":15,"column":230},"end":{"line":15,"column":331}},"line":15},"5":{"name":"_possibleConstructorReturn","decl":{"start":{"line":15,"column":340},"end":{"line":15,"column":366}},"loc":{"start":{"line":15,"column":379},"end":{"line":15,"column":566}},"line":15},"6":{"name":"_inherits","decl":{"start":{"line":15,"column":575},"end":{"line":15,"column":584}},"loc":{"start":{"line":15,"column":607},"end":{"line":15,"column":1054}},"line":15},"7":{"name":"(anonymous_7)","decl":{"start":{"line":24,"column":17},"end":{"line":24,"column":18}},"loc":{"start":{"line":24,"column":45},"end":{"line":25,"column":228}},"line":24},"8":{"name":"CodeEditor","decl":{"start":{"line":24,"column":95},"end":{"line":24,"column":105}},"loc":{"start":{"line":24,"column":108},"end":{"line":24,"column":268}},"line":24},"9":{"name":"render","decl":{"start":{"line":25,"column":20},"end":{"line":25,"column":26}},"loc":{"start":{"line":25,"column":29},"end":{"line":25,"column":204}},"line":25}},"branchMap":{"0":{"loc":{"start":{"line":1,"column":239},"end":{"line":1,"column":269}},"type":"binary-expr","locations":[{"start":{"line":1,"column":239},"end":{"line":1,"column":260}},{"start":{"line":1,"column":264},"end":{"line":1,"column":269}}],"line":1},"1":{"loc":{"start":{"line":1,"column":301},"end":{"line":1,"column":355}},"type":"if","locations":[{"start":{"line":1,"column":301},"end":{"line":1,"column":355}},{"start":{"line":1,"column":301},"end":{"line":1,"column":355}}],"line":1},"2":{"loc":{"start":{"line":1,"column":471},"end":{"line":1,"column":539}},"type":"if","locations":[{"start":{"line":1,"column":471},"end":{"line":1,"column":539}},{"start":{"line":1,"column":471},"end":{"line":1,"column":539}}],"line":1},"3":{"loc":{"start":{"line":1,"column":539},"end":{"line":1,"column":599}},"type":"if","locations":[{"start":{"line":1,"column":539},"end":{"line":1,"column":599}},{"start":{"line":1,"column":539},"end":{"line":1,"column":599}}],"line":1},"4":{"loc":{"start":{"line":15,"column":134},"end":{"line":15,"column":180}},"type":"cond-expr","locations":[{"start":{"line":15,"column":158},"end":{"line":15,"column":161}},{"start":{"line":15,"column":164},"end":{"line":15,"column":180}}],"line":15},"5":{"loc":{"start":{"line":15,"column":134},"end":{"line":15,"column":155}},"type":"binary-expr","locations":[{"start":{"line":15,"column":134},"end":{"line":15,"column":137}},{"start":{"line":15,"column":141},"end":{"line":15,"column":155}}],"line":15},"6":{"loc":{"start":{"line":15,"column":231},"end":{"line":15,"column":330}},"type":"if","locations":[{"start":{"line":15,"column":231},"end":{"line":15,"column":330}},{"start":{"line":15,"column":231},"end":{"line":15,"column":330}}],"line":15},"7":{"loc":{"start":{"line":15,"column":380},"end":{"line":15,"column":479}},"type":"if","locations":[{"start":{"line":15,"column":380},"end":{"line":15,"column":479}},{"start":{"line":15,"column":380},"end":{"line":15,"column":479}}],"line":15},"8":{"loc":{"start":{"line":15,"column":486},"end":{"line":15,"column":564}},"type":"cond-expr","locations":[{"start":{"line":15,"column":553},"end":{"line":15,"column":557}},{"start":{"line":15,"column":560},"end":{"line":15,"column":564}}],"line":15},"9":{"loc":{"start":{"line":15,"column":486},"end":{"line":15,"column":550}},"type":"binary-expr","locations":[{"start":{"line":15,"column":486},"end":{"line":15,"column":490}},{"start":{"line":15,"column":495},"end":{"line":15,"column":519}},{"start":{"line":15,"column":523},"end":{"line":15,"column":549}}],"line":15},"10":{"loc":{"start":{"line":15,"column":608},"end":{"line":15,"column":771}},"type":"if","locations":[{"start":{"line":15,"column":608},"end":{"line":15,"column":771}},{"start":{"line":15,"column":608},"end":{"line":15,"column":771}}],"line":15},"11":{"loc":{"start":{"line":15,"column":612},"end":{"line":15,"column":667}},"type":"binary-expr","locations":[{"start":{"line":15,"column":612},"end":{"line":15,"column":644}},{"start":{"line":15,"column":648},"end":{"line":15,"column":667}}],"line":15},"12":{"loc":{"start":{"line":15,"column":806},"end":{"line":15,"column":840}},"type":"binary-expr","locations":[{"start":{"line":15,"column":806},"end":{"line":15,"column":816}},{"start":{"line":15,"column":820},"end":{"line":15,"column":840}}],"line":15},"13":{"loc":{"start":{"line":15,"column":935},"end":{"line":15,"column":1053}},"type":"if","locations":[{"start":{"line":15,"column":935},"end":{"line":15,"column":1053}},{"start":{"line":15,"column":935},"end":{"line":15,"column":1053}}],"line":15},"14":{"loc":{"start":{"line":15,"column":951},"end":{"line":15,"column":1052}},"type":"cond-expr","locations":[{"start":{"line":15,"column":975},"end":{"line":15,"column":1018}},{"start":{"line":15,"column":1021},"end":{"line":15,"column":1052}}],"line":15},"15":{"loc":{"start":{"line":24,"column":184},"end":{"line":24,"column":241}},"type":"binary-expr","locations":[{"start":{"line":24,"column":184},"end":{"line":24,"column":204}},{"start":{"line":24,"column":208},"end":{"line":24,"column":241}}],"line":24}},"s":{"0":0,"1":0,"2":0,"3":0,"4":0,"5":0,"6":0,"7":0,"8":0,"9":0,"10":0,"11":0,"12":0,"13":0,"14":0,"15":0,"16":0,"17":0,"18":0,"19":0,"20":0,"21":0,"22":0,"23":0,"24":0,"25":0,"26":0,"27":0,"28":0,"29":0,"30":0,"31":0,"32":0,"33":0,"34":0,"35":0,"36":0,"37":0,"38":0,"39":0,"40":0},"f":{"0":0,"1":0,"2":0,"3":0,"4":0,"5":0,"6":0,"7":0,"8":0,"9":0},"b":{"0":[0,0],"1":[0,0],"2":[0,0],"3":[0,0],"4":[0,0],"5":[0,0],"6":[0,0],"7":[0,0],"8":[0,0],"9":[0,0,0],"10":[0,0],"11":[0,0],"12":[0,0],"13":[0,0],"14":[0,0],"15":[0,0]}}
,"/Users/castlemilk/PycharmProjects/nutry/web/app/components/CodeEditor/messages.js": {"path":"/Users/castlemilk/PycharmProjects/nutry/web/app/components/CodeEditor/messages.js","statementMap":{"0":{"start":{"line":1,"column":13},"end":{"line":1,"column":75}},"1":{"start":{"line":6,"column":17},"end":{"line":6,"column":38}},"2":{"start":{"line":8,"column":12},"end":{"line":8,"column":39}},"3":{"start":{"line":12,"column":44},"end":{"line":17,"column":323}}},"fnMap":{},"branchMap":{},"s":{"0":0,"1":0,"2":0,"3":0},"f":{},"b":{}}
,"/Users/castlemilk/PycharmProjects/nutry/web/app/components/DetailedCard/Wrapper.js": {"path":"/Users/castlemilk/PycharmProjects/nutry/web/app/components/DetailedCard/Wrapper.js","statementMap":{"0":{"start":{"line":1,"column":13},"end":{"line":1,"column":75}},"1":{"start":{"line":1,"column":99},"end":{"line":1,"column":127}},"2":{"start":{"line":1,"column":153},"end":{"line":1,"column":194}},"3":{"start":{"line":1,"column":233},"end":{"line":1,"column":287}},"4":{"start":{"line":3,"column":14},"end":{"line":3,"column":213}},"5":{"start":{"line":3,"column":214},"end":{"line":13,"column":8}}},"fnMap":{"0":{"name":"_interopRequireDefault","decl":{"start":{"line":1,"column":204},"end":{"line":1,"column":226}},"loc":{"start":{"line":1,"column":232},"end":{"line":1,"column":288}},"line":1}},"branchMap":{"0":{"loc":{"start":{"line":1,"column":240},"end":{"line":1,"column":286}},"type":"cond-expr","locations":[{"start":{"line":1,"column":264},"end":{"line":1,"column":267}},{"start":{"line":1,"column":270},"end":{"line":1,"column":286}}],"line":1},"1":{"loc":{"start":{"line":1,"column":240},"end":{"line":1,"column":261}},"type":"binary-expr","locations":[{"start":{"line":1,"column":240},"end":{"line":1,"column":243}},{"start":{"line":1,"column":247},"end":{"line":1,"column":261}}],"line":1}},"s":{"0":0,"1":0,"2":0,"3":0,"4":0,"5":0},"f":{"0":0},"b":{"0":[0,0],"1":[0,0]}}
,"/Users/castlemilk/PycharmProjects/nutry/web/app/components/DetailedCard/index.js": {"path":"/Users/castlemilk/PycharmProjects/nutry/web/app/components/DetailedCard/index.js","statementMap":{"0":{"start":{"line":1,"column":13},"end":{"line":1,"column":75}},"1":{"start":{"line":1,"column":90},"end":{"line":1,"column":321}},"2":{"start":{"line":1,"column":126},"end":{"line":1,"column":306}},"3":{"start":{"line":1,"column":183},"end":{"line":1,"column":195}},"4":{"start":{"line":1,"column":196},"end":{"line":1,"column":305}},"5":{"start":{"line":1,"column":221},"end":{"line":1,"column":304}},"6":{"start":{"line":1,"column":277},"end":{"line":1,"column":303}},"7":{"start":{"line":1,"column":306},"end":{"line":1,"column":320}},"8":{"start":{"line":1,"column":341},"end":{"line":1,"column":870}},"9":{"start":{"line":1,"column":396},"end":{"line":1,"column":661}},"10":{"start":{"line":1,"column":453},"end":{"line":1,"column":461}},"11":{"start":{"line":1,"column":462},"end":{"line":1,"column":517}},"12":{"start":{"line":1,"column":517},"end":{"line":1,"column":548}},"13":{"start":{"line":1,"column":548},"end":{"line":1,"column":602}},"14":{"start":{"line":1,"column":575},"end":{"line":1,"column":602}},"15":{"start":{"line":1,"column":602},"end":{"line":1,"column":660}},"16":{"start":{"line":1,"column":662},"end":{"line":1,"column":867}},"17":{"start":{"line":1,"column":718},"end":{"line":1,"column":786}},"18":{"start":{"line":1,"column":734},"end":{"line":1,"column":786}},"19":{"start":{"line":1,"column":786},"end":{"line":1,"column":846}},"20":{"start":{"line":1,"column":803},"end":{"line":1,"column":846}},"21":{"start":{"line":1,"column":846},"end":{"line":1,"column":865}},"22":{"start":{"line":6,"column":17},"end":{"line":6,"column":38}},"23":{"start":{"line":6,"column":57},"end":{"line":6,"column":91}},"24":{"start":{"line":7,"column":13},"end":{"line":7,"column":29}},"25":{"start":{"line":7,"column":44},"end":{"line":7,"column":74}},"26":{"start":{"line":8,"column":9},"end":{"line":8,"column":27}},"27":{"start":{"line":8,"column":38},"end":{"line":8,"column":64}},"28":{"start":{"line":9,"column":23},"end":{"line":9,"column":60}},"29":{"start":{"line":9,"column":85},"end":{"line":9,"column":125}},"30":{"start":{"line":10,"column":26},"end":{"line":10,"column":66}},"31":{"start":{"line":10,"column":94},"end":{"line":10,"column":137}},"32":{"start":{"line":11,"column":15},"end":{"line":11,"column":35}},"33":{"start":{"line":11,"column":52},"end":{"line":11,"column":84}},"34":{"start":{"line":11,"column":123},"end":{"line":11,"column":177}},"35":{"start":{"line":11,"column":227},"end":{"line":11,"column":326}},"36":{"start":{"line":11,"column":268},"end":{"line":11,"column":325}},"37":{"start":{"line":11,"column":376},"end":{"line":11,"column":475}},"38":{"start":{"line":11,"column":388},"end":{"line":11,"column":474}},"39":{"start":{"line":11,"column":475},"end":{"line":11,"column":561}},"40":{"start":{"line":11,"column":604},"end":{"line":11,"column":767}},"41":{"start":{"line":11,"column":666},"end":{"line":11,"column":766}},"42":{"start":{"line":11,"column":767},"end":{"line":11,"column":931}},"43":{"start":{"line":11,"column":931},"end":{"line":11,"column":1049}},"44":{"start":{"line":11,"column":947},"end":{"line":11,"column":1049}},"45":{"start":{"line":16,"column":19},"end":{"line":47,"column":58}},"46":{"start":{"line":16,"column":48},"end":{"line":16,"column":90}},"47":{"start":{"line":16,"column":115},"end":{"line":16,"column":151}},"48":{"start":{"line":16,"column":151},"end":{"line":16,"column":279}},"49":{"start":{"line":16,"column":280},"end":{"line":47,"column":10}},"50":{"start":{"line":18,"column":25},"end":{"line":18,"column":52}},"51":{"start":{"line":19,"column":17},"end":{"line":19,"column":27}},"52":{"start":{"line":20,"column":17},"end":{"line":36,"column":9}},"53":{"start":{"line":20,"column":88},"end":{"line":20,"column":103}},"54":{"start":{"line":20,"column":112},"end":{"line":20,"column":122}},"55":{"start":{"line":20,"column":123},"end":{"line":35,"column":16}},"56":{"start":{"line":26,"column":19},"end":{"line":26,"column":27}},"57":{"start":{"line":26,"column":37},"end":{"line":26,"column":47}},"58":{"start":{"line":27,"column":21},"end":{"line":27,"column":39}},"59":{"start":{"line":28,"column":27},"end":{"line":32,"column":26}},"60":{"start":{"line":34,"column":12},"end":{"line":34,"column":113}},"61":{"start":{"line":37,"column":6},"end":{"line":42,"column":39}},"62":{"start":{"line":47,"column":10},"end":{"line":47,"column":30}},"63":{"start":{"line":50,"column":0},"end":{"line":51,"column":60}},"64":{"start":{"line":51,"column":60},"end":{"line":54,"column":13}}},"fnMap":{"0":{"name":"(anonymous_0)","decl":{"start":{"line":1,"column":107},"end":{"line":1,"column":108}},"loc":{"start":{"line":1,"column":125},"end":{"line":1,"column":321}},"line":1},"1":{"name":"(anonymous_1)","decl":{"start":{"line":1,"column":341},"end":{"line":1,"column":342}},"loc":{"start":{"line":1,"column":353},"end":{"line":1,"column":868}},"line":1},"2":{"name":"defineProperties","decl":{"start":{"line":1,"column":363},"end":{"line":1,"column":379}},"loc":{"start":{"line":1,"column":395},"end":{"line":1,"column":662}},"line":1},"3":{"name":"(anonymous_3)","decl":{"start":{"line":1,"column":669},"end":{"line":1,"column":670}},"loc":{"start":{"line":1,"column":717},"end":{"line":1,"column":866}},"line":1},"4":{"name":"_interopRequireDefault","decl":{"start":{"line":11,"column":94},"end":{"line":11,"column":116}},"loc":{"start":{"line":11,"column":122},"end":{"line":11,"column":178}},"line":11},"5":{"name":"_classCallCheck","decl":{"start":{"line":11,"column":187},"end":{"line":11,"column":202}},"loc":{"start":{"line":11,"column":226},"end":{"line":11,"column":327}},"line":11},"6":{"name":"_possibleConstructorReturn","decl":{"start":{"line":11,"column":336},"end":{"line":11,"column":362}},"loc":{"start":{"line":11,"column":375},"end":{"line":11,"column":562}},"line":11},"7":{"name":"_inherits","decl":{"start":{"line":11,"column":571},"end":{"line":11,"column":580}},"loc":{"start":{"line":11,"column":603},"end":{"line":11,"column":1050}},"line":11},"8":{"name":"(anonymous_8)","decl":{"start":{"line":16,"column":19},"end":{"line":16,"column":20}},"loc":{"start":{"line":16,"column":47},"end":{"line":47,"column":31}},"line":16},"9":{"name":"DetailedCard","decl":{"start":{"line":16,"column":99},"end":{"line":16,"column":111}},"loc":{"start":{"line":16,"column":114},"end":{"line":16,"column":280}},"line":16},"10":{"name":"render","decl":{"start":{"line":17,"column":20},"end":{"line":17,"column":26}},"loc":{"start":{"line":17,"column":29},"end":{"line":47,"column":5}},"line":17},"11":{"name":"(anonymous_11)","decl":{"start":{"line":20,"column":41},"end":{"line":20,"column":42}},"loc":{"start":{"line":20,"column":70},"end":{"line":35,"column":17}},"line":20},"12":{"name":"(anonymous_12)","decl":{"start":{"line":25,"column":27},"end":{"line":25,"column":28}},"loc":{"start":{"line":25,"column":42},"end":{"line":35,"column":11}},"line":25}},"branchMap":{"0":{"loc":{"start":{"line":1,"column":90},"end":{"line":1,"column":321}},"type":"binary-expr","locations":[{"start":{"line":1,"column":90},"end":{"line":1,"column":103}},{"start":{"line":1,"column":107},"end":{"line":1,"column":321}}],"line":1},"1":{"loc":{"start":{"line":1,"column":221},"end":{"line":1,"column":304}},"type":"if","locations":[{"start":{"line":1,"column":221},"end":{"line":1,"column":304}},{"start":{"line":1,"column":221},"end":{"line":1,"column":304}}],"line":1},"2":{"loc":{"start":{"line":1,"column":486},"end":{"line":1,"column":516}},"type":"binary-expr","locations":[{"start":{"line":1,"column":486},"end":{"line":1,"column":507}},{"start":{"line":1,"column":511},"end":{"line":1,"column":516}}],"line":1},"3":{"loc":{"start":{"line":1,"column":548},"end":{"line":1,"column":602}},"type":"if","locations":[{"start":{"line":1,"column":548},"end":{"line":1,"column":602}},{"start":{"line":1,"column":548},"end":{"line":1,"column":602}}],"line":1},"4":{"loc":{"start":{"line":1,"column":718},"end":{"line":1,"column":786}},"type":"if","locations":[{"start":{"line":1,"column":718},"end":{"line":1,"column":786}},{"start":{"line":1,"column":718},"end":{"line":1,"column":786}}],"line":1},"5":{"loc":{"start":{"line":1,"column":786},"end":{"line":1,"column":846}},"type":"if","locations":[{"start":{"line":1,"column":786},"end":{"line":1,"column":846}},{"start":{"line":1,"column":786},"end":{"line":1,"column":846}}],"line":1},"6":{"loc":{"start":{"line":11,"column":130},"end":{"line":11,"column":176}},"type":"cond-expr","locations":[{"start":{"line":11,"column":154},"end":{"line":11,"column":157}},{"start":{"line":11,"column":160},"end":{"line":11,"column":176}}],"line":11},"7":{"loc":{"start":{"line":11,"column":130},"end":{"line":11,"column":151}},"type":"binary-expr","locations":[{"start":{"line":11,"column":130},"end":{"line":11,"column":133}},{"start":{"line":11,"column":137},"end":{"line":11,"column":151}}],"line":11},"8":{"loc":{"start":{"line":11,"column":227},"end":{"line":11,"column":326}},"type":"if","locations":[{"start":{"line":11,"column":227},"end":{"line":11,"column":326}},{"start":{"line":11,"column":227},"end":{"line":11,"column":326}}],"line":11},"9":{"loc":{"start":{"line":11,"column":376},"end":{"line":11,"column":475}},"type":"if","locations":[{"start":{"line":11,"column":376},"end":{"line":11,"column":475}},{"start":{"line":11,"column":376},"end":{"line":11,"column":475}}],"line":11},"10":{"loc":{"start":{"line":11,"column":482},"end":{"line":11,"column":560}},"type":"cond-expr","locations":[{"start":{"line":11,"column":549},"end":{"line":11,"column":553}},{"start":{"line":11,"column":556},"end":{"line":11,"column":560}}],"line":11},"11":{"loc":{"start":{"line":11,"column":482},"end":{"line":11,"column":546}},"type":"binary-expr","locations":[{"start":{"line":11,"column":482},"end":{"line":11,"column":486}},{"start":{"line":11,"column":491},"end":{"line":11,"column":515}},{"start":{"line":11,"column":519},"end":{"line":11,"column":545}}],"line":11},"12":{"loc":{"start":{"line":11,"column":604},"end":{"line":11,"column":767}},"type":"if","locations":[{"start":{"line":11,"column":604},"end":{"line":11,"column":767}},{"start":{"line":11,"column":604},"end":{"line":11,"column":767}}],"line":11},"13":{"loc":{"start":{"line":11,"column":608},"end":{"line":11,"column":663}},"type":"binary-expr","locations":[{"start":{"line":11,"column":608},"end":{"line":11,"column":640}},{"start":{"line":11,"column":644},"end":{"line":11,"column":663}}],"line":11},"14":{"loc":{"start":{"line":11,"column":802},"end":{"line":11,"column":836}},"type":"binary-expr","locations":[{"start":{"line":11,"column":802},"end":{"line":11,"column":812}},{"start":{"line":11,"column":816},"end":{"line":11,"column":836}}],"line":11},"15":{"loc":{"start":{"line":11,"column":931},"end":{"line":11,"column":1049}},"type":"if","locations":[{"start":{"line":11,"column":931},"end":{"line":11,"column":1049}},{"start":{"line":11,"column":931},"end":{"line":11,"column":1049}}],"line":11},"16":{"loc":{"start":{"line":11,"column":947},"end":{"line":11,"column":1048}},"type":"cond-expr","locations":[{"start":{"line":11,"column":971},"end":{"line":11,"column":1014}},{"start":{"line":11,"column":1017},"end":{"line":11,"column":1048}}],"line":11},"17":{"loc":{"start":{"line":16,"column":192},"end":{"line":16,"column":253}},"type":"binary-expr","locations":[{"start":{"line":16,"column":192},"end":{"line":16,"column":214}},{"start":{"line":16,"column":218},"end":{"line":16,"column":253}}],"line":16}},"s":{"0":0,"1":0,"2":0,"3":0,"4":0,"5":0,"6":0,"7":0,"8":0,"9":0,"10":0,"11":0,"12":0,"13":0,"14":0,"15":0,"16":0,"17":0,"18":0,"19":0,"20":0,"21":0,"22":0,"23":0,"24":0,"25":0,"26":0,"27":0,"28":0,"29":0,"30":0,"31":0,"32":0,"33":0,"34":0,"35":0,"36":0,"37":0,"38":0,"39":0,"40":0,"41":0,"42":0,"43":0,"44":0,"45":0,"46":0,"47":0,"48":0,"49":0,"50":0,"51":0,"52":0,"53":0,"54":0,"55":0,"56":0,"57":0,"58":0,"59":0,"60":0,"61":0,"62":0,"63":0,"64":0},"f":{"0":0,"1":0,"2":0,"3":0,"4":0,"5":0,"6":0,"7":0,"8":0,"9":0,"10":0,"11":0,"12":0},"b":{"0":[0,0],"1":[0,0],"2":[0,0],"3":[0,0],"4":[0,0],"5":[0,0],"6":[0,0],"7":[0,0],"8":[0,0],"9":[0,0],"10":[0,0],"11":[0,0,0],"12":[0,0],"13":[0,0],"14":[0,0],"15":[0,0],"16":[0,0],"17":[0,0]}}
,"/Users/castlemilk/PycharmProjects/nutry/web/app/components/DetailedCard/messages.js": {"path":"/Users/castlemilk/PycharmProjects/nutry/web/app/components/DetailedCard/messages.js","statementMap":{"0":{"start":{"line":1,"column":13},"end":{"line":1,"column":75}},"1":{"start":{"line":6,"column":17},"end":{"line":6,"column":38}},"2":{"start":{"line":6,"column":39},"end":{"line":11,"column":64}}},"fnMap":{},"branchMap":{},"s":{"0":0,"1":0,"2":0},"f":{},"b":{}}
,"/Users/castlemilk/PycharmProjects/nutry/web/app/components/ExpandableListView/BodyGroup.js": {"path":"/Users/castlemilk/PycharmProjects/nutry/web/app/components/ExpandableListView/BodyGroup.js","statementMap":{"0":{"start":{"line":1,"column":13},"end":{"line":1,"column":75}},"1":{"start":{"line":1,"column":99},"end":{"line":1,"column":127}},"2":{"start":{"line":1,"column":153},"end":{"line":1,"column":194}},"3":{"start":{"line":1,"column":233},"end":{"line":1,"column":287}},"4":{"start":{"line":3,"column":16},"end":{"line":3,"column":138}},"5":{"start":{"line":3,"column":139},"end":{"line":8,"column":10}}},"fnMap":{"0":{"name":"_interopRequireDefault","decl":{"start":{"line":1,"column":204},"end":{"line":1,"column":226}},"loc":{"start":{"line":1,"column":232},"end":{"line":1,"column":288}},"line":1}},"branchMap":{"0":{"loc":{"start":{"line":1,"column":240},"end":{"line":1,"column":286}},"type":"cond-expr","locations":[{"start":{"line":1,"column":264},"end":{"line":1,"column":267}},{"start":{"line":1,"column":270},"end":{"line":1,"column":286}}],"line":1},"1":{"loc":{"start":{"line":1,"column":240},"end":{"line":1,"column":261}},"type":"binary-expr","locations":[{"start":{"line":1,"column":240},"end":{"line":1,"column":243}},{"start":{"line":1,"column":247},"end":{"line":1,"column":261}}],"line":1}},"s":{"0":0,"1":0,"2":0,"3":0,"4":0,"5":0},"f":{"0":0},"b":{"0":[0,0],"1":[0,0]}}
,"/Users/castlemilk/PycharmProjects/nutry/web/app/components/ExpandableListView/ListHeader.js": {"path":"/Users/castlemilk/PycharmProjects/nutry/web/app/components/ExpandableListView/ListHeader.js","statementMap":{"0":{"start":{"line":1,"column":13},"end":{"line":1,"column":75}},"1":{"start":{"line":1,"column":94},"end":{"line":1,"column":623}},"2":{"start":{"line":1,"column":149},"end":{"line":1,"column":414}},"3":{"start":{"line":1,"column":206},"end":{"line":1,"column":214}},"4":{"start":{"line":1,"column":215},"end":{"line":1,"column":270}},"5":{"start":{"line":1,"column":270},"end":{"line":1,"column":301}},"6":{"start":{"line":1,"column":301},"end":{"line":1,"column":355}},"7":{"start":{"line":1,"column":328},"end":{"line":1,"column":355}},"8":{"start":{"line":1,"column":355},"end":{"line":1,"column":413}},"9":{"start":{"line":1,"column":415},"end":{"line":1,"column":620}},"10":{"start":{"line":1,"column":471},"end":{"line":1,"column":539}},"11":{"start":{"line":1,"column":487},"end":{"line":1,"column":539}},"12":{"start":{"line":1,"column":539},"end":{"line":1,"column":599}},"13":{"start":{"line":1,"column":556},"end":{"line":1,"column":599}},"14":{"start":{"line":1,"column":599},"end":{"line":1,"column":618}},"15":{"start":{"line":1,"column":637},"end":{"line":1,"column":653}},"16":{"start":{"line":1,"column":668},"end":{"line":1,"column":698}},"17":{"start":{"line":2,"column":13},"end":{"line":2,"column":48}},"18":{"start":{"line":2,"column":63},"end":{"line":2,"column":93}},"19":{"start":{"line":3,"column":12},"end":{"line":3,"column":46}},"20":{"start":{"line":3,"column":60},"end":{"line":3,"column":89}},"21":{"start":{"line":4,"column":17},"end":{"line":4,"column":38}},"22":{"start":{"line":4,"column":57},"end":{"line":4,"column":91}},"23":{"start":{"line":5,"column":22},"end":{"line":5,"column":49}},"24":{"start":{"line":5,"column":73},"end":{"line":5,"column":112}},"25":{"start":{"line":5,"column":151},"end":{"line":5,"column":205}},"26":{"start":{"line":5,"column":255},"end":{"line":5,"column":354}},"27":{"start":{"line":5,"column":296},"end":{"line":5,"column":353}},"28":{"start":{"line":5,"column":404},"end":{"line":5,"column":503}},"29":{"start":{"line":5,"column":416},"end":{"line":5,"column":502}},"30":{"start":{"line":5,"column":503},"end":{"line":5,"column":589}},"31":{"start":{"line":5,"column":632},"end":{"line":5,"column":795}},"32":{"start":{"line":5,"column":694},"end":{"line":5,"column":794}},"33":{"start":{"line":5,"column":795},"end":{"line":5,"column":959}},"34":{"start":{"line":5,"column":959},"end":{"line":5,"column":1077}},"35":{"start":{"line":5,"column":975},"end":{"line":5,"column":1077}},"36":{"start":{"line":8,"column":13},"end":{"line":41,"column":47}},"37":{"start":{"line":8,"column":36},"end":{"line":8,"column":70}},"38":{"start":{"line":14,"column":25},"end":{"line":14,"column":59}},"39":{"start":{"line":14,"column":71},"end":{"line":14,"column":175}},"40":{"start":{"line":14,"column":176},"end":{"line":23,"column":6}},"41":{"start":{"line":20,"column":21},"end":{"line":20,"column":45}},"42":{"start":{"line":21,"column":6},"end":{"line":21,"column":58}},"43":{"start":{"line":22,"column":6},"end":{"line":22,"column":32}},"44":{"start":{"line":23,"column":6},"end":{"line":23,"column":39}},"45":{"start":{"line":24,"column":4},"end":{"line":24,"column":17}},"46":{"start":{"line":24,"column":18},"end":{"line":41,"column":10}},"47":{"start":{"line":24,"column":100},"end":{"line":24,"column":104}},"48":{"start":{"line":25,"column":6},"end":{"line":25,"column":16}},"49":{"start":{"line":25,"column":26},"end":{"line":25,"column":39}},"50":{"start":{"line":25,"column":54},"end":{"line":25,"column":72}},"51":{"start":{"line":27,"column":6},"end":{"line":34,"column":7}},"52":{"start":{"line":28,"column":8},"end":{"line":31,"column":89}},"53":{"start":{"line":29,"column":136},"end":{"line":29,"column":175}},"54":{"start":{"line":35,"column":6},"end":{"line":38,"column":87}},"55":{"start":{"line":36,"column":134},"end":{"line":36,"column":173}},"56":{"start":{"line":41,"column":10},"end":{"line":41,"column":28}},"57":{"start":{"line":41,"column":48},"end":{"line":41,"column":224}},"58":{"start":{"line":41,"column":224},"end":{"line":41,"column":253}}},"fnMap":{"0":{"name":"(anonymous_0)","decl":{"start":{"line":1,"column":94},"end":{"line":1,"column":95}},"loc":{"start":{"line":1,"column":106},"end":{"line":1,"column":621}},"line":1},"1":{"name":"defineProperties","decl":{"start":{"line":1,"column":116},"end":{"line":1,"column":132}},"loc":{"start":{"line":1,"column":148},"end":{"line":1,"column":415}},"line":1},"2":{"name":"(anonymous_2)","decl":{"start":{"line":1,"column":422},"end":{"line":1,"column":423}},"loc":{"start":{"line":1,"column":470},"end":{"line":1,"column":619}},"line":1},"3":{"name":"_interopRequireDefault","decl":{"start":{"line":5,"column":122},"end":{"line":5,"column":144}},"loc":{"start":{"line":5,"column":150},"end":{"line":5,"column":206}},"line":5},"4":{"name":"_classCallCheck","decl":{"start":{"line":5,"column":215},"end":{"line":5,"column":230}},"loc":{"start":{"line":5,"column":254},"end":{"line":5,"column":355}},"line":5},"5":{"name":"_possibleConstructorReturn","decl":{"start":{"line":5,"column":364},"end":{"line":5,"column":390}},"loc":{"start":{"line":5,"column":403},"end":{"line":5,"column":590}},"line":5},"6":{"name":"_inherits","decl":{"start":{"line":5,"column":599},"end":{"line":5,"column":608}},"loc":{"start":{"line":5,"column":631},"end":{"line":5,"column":1078}},"line":5},"7":{"name":"(anonymous_7)","decl":{"start":{"line":8,"column":13},"end":{"line":8,"column":14}},"loc":{"start":{"line":8,"column":35},"end":{"line":41,"column":29}},"line":8},"8":{"name":"ListHeader","decl":{"start":{"line":14,"column":11},"end":{"line":14,"column":21}},"loc":{"start":{"line":14,"column":24},"end":{"line":24,"column":18}},"line":14},"9":{"name":"(anonymous_9)","decl":{"start":{"line":19,"column":18},"end":{"line":19,"column":19}},"loc":{"start":{"line":19,"column":41},"end":{"line":23,"column":5}},"line":19},"10":{"name":"render","decl":{"start":{"line":24,"column":77},"end":{"line":24,"column":83}},"loc":{"start":{"line":24,"column":86},"end":{"line":41,"column":5}},"line":24},"11":{"name":"onClick","decl":{"start":{"line":29,"column":125},"end":{"line":29,"column":132}},"loc":{"start":{"line":29,"column":135},"end":{"line":29,"column":176}},"line":29},"12":{"name":"onClick","decl":{"start":{"line":36,"column":123},"end":{"line":36,"column":130}},"loc":{"start":{"line":36,"column":133},"end":{"line":36,"column":174}},"line":36}},"branchMap":{"0":{"loc":{"start":{"line":1,"column":239},"end":{"line":1,"column":269}},"type":"binary-expr","locations":[{"start":{"line":1,"column":239},"end":{"line":1,"column":260}},{"start":{"line":1,"column":264},"end":{"line":1,"column":269}}],"line":1},"1":{"loc":{"start":{"line":1,"column":301},"end":{"line":1,"column":355}},"type":"if","locations":[{"start":{"line":1,"column":301},"end":{"line":1,"column":355}},{"start":{"line":1,"column":301},"end":{"line":1,"column":355}}],"line":1},"2":{"loc":{"start":{"line":1,"column":471},"end":{"line":1,"column":539}},"type":"if","locations":[{"start":{"line":1,"column":471},"end":{"line":1,"column":539}},{"start":{"line":1,"column":471},"end":{"line":1,"column":539}}],"line":1},"3":{"loc":{"start":{"line":1,"column":539},"end":{"line":1,"column":599}},"type":"if","locations":[{"start":{"line":1,"column":539},"end":{"line":1,"column":599}},{"start":{"line":1,"column":539},"end":{"line":1,"column":599}}],"line":1},"4":{"loc":{"start":{"line":5,"column":158},"end":{"line":5,"column":204}},"type":"cond-expr","locations":[{"start":{"line":5,"column":182},"end":{"line":5,"column":185}},{"start":{"line":5,"column":188},"end":{"line":5,"column":204}}],"line":5},"5":{"loc":{"start":{"line":5,"column":158},"end":{"line":5,"column":179}},"type":"binary-expr","locations":[{"start":{"line":5,"column":158},"end":{"line":5,"column":161}},{"start":{"line":5,"column":165},"end":{"line":5,"column":179}}],"line":5},"6":{"loc":{"start":{"line":5,"column":255},"end":{"line":5,"column":354}},"type":"if","locations":[{"start":{"line":5,"column":255},"end":{"line":5,"column":354}},{"start":{"line":5,"column":255},"end":{"line":5,"column":354}}],"line":5},"7":{"loc":{"start":{"line":5,"column":404},"end":{"line":5,"column":503}},"type":"if","locations":[{"start":{"line":5,"column":404},"end":{"line":5,"column":503}},{"start":{"line":5,"column":404},"end":{"line":5,"column":503}}],"line":5},"8":{"loc":{"start":{"line":5,"column":510},"end":{"line":5,"column":588}},"type":"cond-expr","locations":[{"start":{"line":5,"column":577},"end":{"line":5,"column":581}},{"start":{"line":5,"column":584},"end":{"line":5,"column":588}}],"line":5},"9":{"loc":{"start":{"line":5,"column":510},"end":{"line":5,"column":574}},"type":"binary-expr","locations":[{"start":{"line":5,"column":510},"end":{"line":5,"column":514}},{"start":{"line":5,"column":519},"end":{"line":5,"column":543}},{"start":{"line":5,"column":547},"end":{"line":5,"column":573}}],"line":5},"10":{"loc":{"start":{"line":5,"column":632},"end":{"line":5,"column":795}},"type":"if","locations":[{"start":{"line":5,"column":632},"end":{"line":5,"column":795}},{"start":{"line":5,"column":632},"end":{"line":5,"column":795}}],"line":5},"11":{"loc":{"start":{"line":5,"column":636},"end":{"line":5,"column":691}},"type":"binary-expr","locations":[{"start":{"line":5,"column":636},"end":{"line":5,"column":668}},{"start":{"line":5,"column":672},"end":{"line":5,"column":691}}],"line":5},"12":{"loc":{"start":{"line":5,"column":830},"end":{"line":5,"column":864}},"type":"binary-expr","locations":[{"start":{"line":5,"column":830},"end":{"line":5,"column":840}},{"start":{"line":5,"column":844},"end":{"line":5,"column":864}}],"line":5},"13":{"loc":{"start":{"line":5,"column":959},"end":{"line":5,"column":1077}},"type":"if","locations":[{"start":{"line":5,"column":959},"end":{"line":5,"column":1077}},{"start":{"line":5,"column":959},"end":{"line":5,"column":1077}}],"line":5},"14":{"loc":{"start":{"line":5,"column":975},"end":{"line":5,"column":1076}},"type":"cond-expr","locations":[{"start":{"line":5,"column":999},"end":{"line":5,"column":1042}},{"start":{"line":5,"column":1045},"end":{"line":5,"column":1076}}],"line":5},"15":{"loc":{"start":{"line":14,"column":105},"end":{"line":14,"column":162}},"type":"binary-expr","locations":[{"start":{"line":14,"column":105},"end":{"line":14,"column":125}},{"start":{"line":14,"column":129},"end":{"line":14,"column":162}}],"line":14},"16":{"loc":{"start":{"line":27,"column":6},"end":{"line":34,"column":7}},"type":"if","locations":[{"start":{"line":27,"column":6},"end":{"line":34,"column":7}},{"start":{"line":27,"column":6},"end":{"line":34,"column":7}}],"line":27}},"s":{"0":0,"1":0,"2":0,"3":0,"4":0,"5":0,"6":0,"7":0,"8":0,"9":0,"10":0,"11":0,"12":0,"13":0,"14":0,"15":0,"16":0,"17":0,"18":0,"19":0,"20":0,"21":0,"22":0,"23":0,"24":0,"25":0,"26":0,"27":0,"28":0,"29":0,"30":0,"31":0,"32":0,"33":0,"34":0,"35":0,"36":0,"37":0,"38":0,"39":0,"40":0,"41":0,"42":0,"43":0,"44":0,"45":0,"46":0,"47":0,"48":0,"49":0,"50":0,"51":0,"52":0,"53":0,"54":0,"55":0,"56":0,"57":0,"58":0},"f":{"0":0,"1":0,"2":0,"3":0,"4":0,"5":0,"6":0,"7":0,"8":0,"9":0,"10":0,"11":0,"12":0},"b":{"0":[0,0],"1":[0,0],"2":[0,0],"3":[0,0],"4":[0,0],"5":[0,0],"6":[0,0],"7":[0,0],"8":[0,0],"9":[0,0,0],"10":[0,0],"11":[0,0],"12":[0,0],"13":[0,0],"14":[0,0],"15":[0,0],"16":[0,0]}}
,"/Users/castlemilk/PycharmProjects/nutry/web/app/components/ExpandableListView/ListItem.js": {"path":"/Users/castlemilk/PycharmProjects/nutry/web/app/components/ExpandableListView/ListItem.js","statementMap":{"0":{"start":{"line":1,"column":13},"end":{"line":1,"column":75}},"1":{"start":{"line":1,"column":88},"end":{"line":1,"column":104}},"2":{"start":{"line":1,"column":119},"end":{"line":1,"column":149}},"3":{"start":{"line":2,"column":17},"end":{"line":2,"column":38}},"4":{"start":{"line":2,"column":57},"end":{"line":2,"column":91}},"5":{"start":{"line":3,"column":20},"end":{"line":3,"column":45}},"6":{"start":{"line":3,"column":67},"end":{"line":3,"column":104}},"7":{"start":{"line":3,"column":143},"end":{"line":3,"column":197}},"8":{"start":{"line":7,"column":21},"end":{"line":7,"column":43}},"9":{"start":{"line":8,"column":2},"end":{"line":10,"column":65}},"10":{"start":{"line":15,"column":0},"end":{"line":17,"column":47}},"11":{"start":{"line":17,"column":47},"end":{"line":21,"column":9}}},"fnMap":{"0":{"name":"_interopRequireDefault","decl":{"start":{"line":3,"column":114},"end":{"line":3,"column":136}},"loc":{"start":{"line":3,"column":142},"end":{"line":3,"column":198}},"line":3},"1":{"name":"ListItem","decl":{"start":{"line":6,"column":9},"end":{"line":6,"column":17}},"loc":{"start":{"line":6,"column":25},"end":{"line":13,"column":1}},"line":6}},"branchMap":{"0":{"loc":{"start":{"line":3,"column":150},"end":{"line":3,"column":196}},"type":"cond-expr","locations":[{"start":{"line":3,"column":174},"end":{"line":3,"column":177}},{"start":{"line":3,"column":180},"end":{"line":3,"column":196}}],"line":3},"1":{"loc":{"start":{"line":3,"column":150},"end":{"line":3,"column":171}},"type":"binary-expr","locations":[{"start":{"line":3,"column":150},"end":{"line":3,"column":153}},{"start":{"line":3,"column":157},"end":{"line":3,"column":171}}],"line":3},"2":{"loc":{"start":{"line":10,"column":6},"end":{"line":10,"column":62}},"type":"cond-expr","locations":[{"start":{"line":10,"column":25},"end":{"line":10,"column":39}},{"start":{"line":10,"column":42},"end":{"line":10,"column":62}}],"line":10}},"s":{"0":0,"1":0,"2":0,"3":0,"4":0,"5":0,"6":0,"7":0,"8":0,"9":0,"10":0,"11":0},"f":{"0":0,"1":0},"b":{"0":[0,0],"1":[0,0],"2":[0,0]}}
,"/Users/castlemilk/PycharmProjects/nutry/web/app/components/ExpandableListView/ListItemsManager.js": {"path":"/Users/castlemilk/PycharmProjects/nutry/web/app/components/ExpandableListView/ListItemsManager.js","statementMap":{"0":{"start":{"line":1,"column":13},"end":{"line":1,"column":75}},"1":{"start":{"line":1,"column":88},"end":{"line":1,"column":104}},"2":{"start":{"line":1,"column":119},"end":{"line":1,"column":149}},"3":{"start":{"line":2,"column":17},"end":{"line":2,"column":38}},"4":{"start":{"line":2,"column":57},"end":{"line":2,"column":91}},"5":{"start":{"line":3,"column":16},"end":{"line":3,"column":37}},"6":{"start":{"line":3,"column":55},"end":{"line":3,"column":88}},"7":{"start":{"line":4,"column":17},"end":{"line":4,"column":39}},"8":{"start":{"line":4,"column":58},"end":{"line":4,"column":92}},"9":{"start":{"line":4,"column":131},"end":{"line":4,"column":185}},"10":{"start":{"line":4,"column":220},"end":{"line":4,"column":371}},"11":{"start":{"line":4,"column":245},"end":{"line":4,"column":327}},"12":{"start":{"line":4,"column":309},"end":{"line":4,"column":326}},"13":{"start":{"line":4,"column":327},"end":{"line":4,"column":339}},"14":{"start":{"line":4,"column":347},"end":{"line":4,"column":370}},"15":{"start":{"line":8,"column":10},"end":{"line":8,"column":21}},"16":{"start":{"line":8,"column":41},"end":{"line":8,"column":63}},"17":{"start":{"line":9,"column":2},"end":{"line":14,"column":24}},"18":{"start":{"line":12,"column":64},"end":{"line":14,"column":19}},"19":{"start":{"line":22,"column":0},"end":{"line":24,"column":47}},"20":{"start":{"line":24,"column":47},"end":{"line":27,"column":17}}},"fnMap":{"0":{"name":"_interopRequireDefault","decl":{"start":{"line":4,"column":102},"end":{"line":4,"column":124}},"loc":{"start":{"line":4,"column":130},"end":{"line":4,"column":186}},"line":4},"1":{"name":"_toConsumableArray","decl":{"start":{"line":4,"column":195},"end":{"line":4,"column":213}},"loc":{"start":{"line":4,"column":219},"end":{"line":4,"column":372}},"line":4},"2":{"name":"ListItemsManager","decl":{"start":{"line":7,"column":9},"end":{"line":7,"column":25}},"loc":{"start":{"line":7,"column":33},"end":{"line":20,"column":1}},"line":7},"3":{"name":"(anonymous_3)","decl":{"start":{"line":12,"column":47},"end":{"line":12,"column":48}},"loc":{"start":{"line":12,"column":63},"end":{"line":14,"column":20}},"line":12}},"branchMap":{"0":{"loc":{"start":{"line":4,"column":138},"end":{"line":4,"column":184}},"type":"cond-expr","locations":[{"start":{"line":4,"column":162},"end":{"line":4,"column":165}},{"start":{"line":4,"column":168},"end":{"line":4,"column":184}}],"line":4},"1":{"loc":{"start":{"line":4,"column":138},"end":{"line":4,"column":159}},"type":"binary-expr","locations":[{"start":{"line":4,"column":138},"end":{"line":4,"column":141}},{"start":{"line":4,"column":145},"end":{"line":4,"column":159}}],"line":4},"2":{"loc":{"start":{"line":4,"column":220},"end":{"line":4,"column":371}},"type":"if","locations":[{"start":{"line":4,"column":220},"end":{"line":4,"column":371}},{"start":{"line":4,"column":220},"end":{"line":4,"column":371}}],"line":4},"3":{"loc":{"start":{"line":13,"column":99},"end":{"line":13,"column":139}},"type":"cond-expr","locations":[{"start":{"line":13,"column":118},"end":{"line":13,"column":126}},{"start":{"line":13,"column":129},"end":{"line":13,"column":139}}],"line":13}},"s":{"0":0,"1":0,"2":0,"3":0,"4":0,"5":0,"6":0,"7":0,"8":0,"9":0,"10":0,"11":0,"12":0,"13":0,"14":0,"15":0,"16":0,"17":0,"18":0,"19":0,"20":0},"f":{"0":0,"1":0,"2":0,"3":0},"b":{"0":[0,0],"1":[0,0],"2":[0,0],"3":[0,0]}}
,"/Users/castlemilk/PycharmProjects/nutry/web/app/components/ExpandableListView/ListViewHeader.js": {"path":"/Users/castlemilk/PycharmProjects/nutry/web/app/components/ExpandableListView/ListViewHeader.js","statementMap":{"0":{"start":{"line":1,"column":13},"end":{"line":1,"column":75}},"1":{"start":{"line":1,"column":99},"end":{"line":1,"column":127}},"2":{"start":{"line":1,"column":153},"end":{"line":1,"column":194}},"3":{"start":{"line":1,"column":233},"end":{"line":1,"column":287}},"4":{"start":{"line":3,"column":21},"end":{"line":3,"column":214}},"5":{"start":{"line":3,"column":215},"end":{"line":16,"column":15}}},"fnMap":{"0":{"name":"_interopRequireDefault","decl":{"start":{"line":1,"column":204},"end":{"line":1,"column":226}},"loc":{"start":{"line":1,"column":232},"end":{"line":1,"column":288}},"line":1}},"branchMap":{"0":{"loc":{"start":{"line":1,"column":240},"end":{"line":1,"column":286}},"type":"cond-expr","locations":[{"start":{"line":1,"column":264},"end":{"line":1,"column":267}},{"start":{"line":1,"column":270},"end":{"line":1,"column":286}}],"line":1},"1":{"loc":{"start":{"line":1,"column":240},"end":{"line":1,"column":261}},"type":"binary-expr","locations":[{"start":{"line":1,"column":240},"end":{"line":1,"column":243}},{"start":{"line":1,"column":247},"end":{"line":1,"column":261}}],"line":1}},"s":{"0":0,"1":0,"2":0,"3":0,"4":0,"5":0},"f":{"0":0},"b":{"0":[0,0],"1":[0,0]}}
,"/Users/castlemilk/PycharmProjects/nutry/web/app/components/ExpandableListView/ListViewItem.js": {"path":"/Users/castlemilk/PycharmProjects/nutry/web/app/components/ExpandableListView/ListViewItem.js","statementMap":{"0":{"start":{"line":1,"column":13},"end":{"line":1,"column":75}},"1":{"start":{"line":1,"column":99},"end":{"line":1,"column":127}},"2":{"start":{"line":1,"column":153},"end":{"line":1,"column":194}},"3":{"start":{"line":1,"column":233},"end":{"line":1,"column":287}},"4":{"start":{"line":3,"column":19},"end":{"line":3,"column":179}},"5":{"start":{"line":3,"column":180},"end":{"line":10,"column":13}}},"fnMap":{"0":{"name":"_interopRequireDefault","decl":{"start":{"line":1,"column":204},"end":{"line":1,"column":226}},"loc":{"start":{"line":1,"column":232},"end":{"line":1,"column":288}},"line":1}},"branchMap":{"0":{"loc":{"start":{"line":1,"column":240},"end":{"line":1,"column":286}},"type":"cond-expr","locations":[{"start":{"line":1,"column":264},"end":{"line":1,"column":267}},{"start":{"line":1,"column":270},"end":{"line":1,"column":286}}],"line":1},"1":{"loc":{"start":{"line":1,"column":240},"end":{"line":1,"column":261}},"type":"binary-expr","locations":[{"start":{"line":1,"column":240},"end":{"line":1,"column":243}},{"start":{"line":1,"column":247},"end":{"line":1,"column":261}}],"line":1}},"s":{"0":0,"1":0,"2":0,"3":0,"4":0,"5":0},"f":{"0":0},"b":{"0":[0,0],"1":[0,0]}}
,"/Users/castlemilk/PycharmProjects/nutry/web/app/components/ExpandableListView/Section.js": {"path":"/Users/castlemilk/PycharmProjects/nutry/web/app/components/ExpandableListView/Section.js","statementMap":{"0":{"start":{"line":1,"column":13},"end":{"line":1,"column":75}},"1":{"start":{"line":1,"column":99},"end":{"line":1,"column":127}},"2":{"start":{"line":1,"column":153},"end":{"line":1,"column":194}},"3":{"start":{"line":1,"column":233},"end":{"line":1,"column":287}},"4":{"start":{"line":3,"column":14},"end":{"line":3,"column":151}},"5":{"start":{"line":3,"column":152},"end":{"line":9,"column":8}}},"fnMap":{"0":{"name":"_interopRequireDefault","decl":{"start":{"line":1,"column":204},"end":{"line":1,"column":226}},"loc":{"start":{"line":1,"column":232},"end":{"line":1,"column":288}},"line":1}},"branchMap":{"0":{"loc":{"start":{"line":1,"column":240},"end":{"line":1,"column":286}},"type":"cond-expr","locations":[{"start":{"line":1,"column":264},"end":{"line":1,"column":267}},{"start":{"line":1,"column":270},"end":{"line":1,"column":286}}],"line":1},"1":{"loc":{"start":{"line":1,"column":240},"end":{"line":1,"column":261}},"type":"binary-expr","locations":[{"start":{"line":1,"column":240},"end":{"line":1,"column":243}},{"start":{"line":1,"column":247},"end":{"line":1,"column":261}}],"line":1}},"s":{"0":0,"1":0,"2":0,"3":0,"4":0,"5":0},"f":{"0":0},"b":{"0":[0,0],"1":[0,0]}}
,"/Users/castlemilk/PycharmProjects/nutry/web/app/components/ExpandableListView/Table.js": {"path":"/Users/castlemilk/PycharmProjects/nutry/web/app/components/ExpandableListView/Table.js","statementMap":{"0":{"start":{"line":1,"column":13},"end":{"line":1,"column":75}},"1":{"start":{"line":1,"column":99},"end":{"line":1,"column":127}},"2":{"start":{"line":1,"column":153},"end":{"line":1,"column":194}},"3":{"start":{"line":1,"column":233},"end":{"line":1,"column":287}},"4":{"start":{"line":3,"column":12},"end":{"line":3,"column":145}},"5":{"start":{"line":3,"column":146},"end":{"line":9,"column":6}}},"fnMap":{"0":{"name":"_interopRequireDefault","decl":{"start":{"line":1,"column":204},"end":{"line":1,"column":226}},"loc":{"start":{"line":1,"column":232},"end":{"line":1,"column":288}},"line":1}},"branchMap":{"0":{"loc":{"start":{"line":1,"column":240},"end":{"line":1,"column":286}},"type":"cond-expr","locations":[{"start":{"line":1,"column":264},"end":{"line":1,"column":267}},{"start":{"line":1,"column":270},"end":{"line":1,"column":286}}],"line":1},"1":{"loc":{"start":{"line":1,"column":240},"end":{"line":1,"column":261}},"type":"binary-expr","locations":[{"start":{"line":1,"column":240},"end":{"line":1,"column":243}},{"start":{"line":1,"column":247},"end":{"line":1,"column":261}}],"line":1}},"s":{"0":0,"1":0,"2":0,"3":0,"4":0,"5":0},"f":{"0":0},"b":{"0":[0,0],"1":[0,0]}}
,"/Users/castlemilk/PycharmProjects/nutry/web/app/components/ExpandableListView/Wrapper.js": {"path":"/Users/castlemilk/PycharmProjects/nutry/web/app/components/ExpandableListView/Wrapper.js","statementMap":{"0":{"start":{"line":1,"column":13},"end":{"line":1,"column":75}},"1":{"start":{"line":1,"column":99},"end":{"line":1,"column":127}},"2":{"start":{"line":1,"column":153},"end":{"line":1,"column":194}},"3":{"start":{"line":1,"column":233},"end":{"line":1,"column":287}},"4":{"start":{"line":3,"column":14},"end":{"line":3,"column":210}},"5":{"start":{"line":3,"column":211},"end":{"line":13,"column":8}}},"fnMap":{"0":{"name":"_interopRequireDefault","decl":{"start":{"line":1,"column":204},"end":{"line":1,"column":226}},"loc":{"start":{"line":1,"column":232},"end":{"line":1,"column":288}},"line":1}},"branchMap":{"0":{"loc":{"start":{"line":1,"column":240},"end":{"line":1,"column":286}},"type":"cond-expr","locations":[{"start":{"line":1,"column":264},"end":{"line":1,"column":267}},{"start":{"line":1,"column":270},"end":{"line":1,"column":286}}],"line":1},"1":{"loc":{"start":{"line":1,"column":240},"end":{"line":1,"column":261}},"type":"binary-expr","locations":[{"start":{"line":1,"column":240},"end":{"line":1,"column":243}},{"start":{"line":1,"column":247},"end":{"line":1,"column":261}}],"line":1}},"s":{"0":0,"1":0,"2":0,"3":0,"4":0,"5":0},"f":{"0":0},"b":{"0":[0,0],"1":[0,0]}}
,"/Users/castlemilk/PycharmProjects/nutry/web/app/components/ExpandableListView/index.js": {"path":"/Users/castlemilk/PycharmProjects/nutry/web/app/components/ExpandableListView/index.js","statementMap":{"0":{"start":{"line":1,"column":13},"end":{"line":1,"column":75}},"1":{"start":{"line":1,"column":94},"end":{"line":1,"column":623}},"2":{"start":{"line":1,"column":149},"end":{"line":1,"column":414}},"3":{"start":{"line":1,"column":206},"end":{"line":1,"column":214}},"4":{"start":{"line":1,"column":215},"end":{"line":1,"column":270}},"5":{"start":{"line":1,"column":270},"end":{"line":1,"column":301}},"6":{"start":{"line":1,"column":301},"end":{"line":1,"column":355}},"7":{"start":{"line":1,"column":328},"end":{"line":1,"column":355}},"8":{"start":{"line":1,"column":355},"end":{"line":1,"column":413}},"9":{"start":{"line":1,"column":415},"end":{"line":1,"column":620}},"10":{"start":{"line":1,"column":471},"end":{"line":1,"column":539}},"11":{"start":{"line":1,"column":487},"end":{"line":1,"column":539}},"12":{"start":{"line":1,"column":539},"end":{"line":1,"column":599}},"13":{"start":{"line":1,"column":556},"end":{"line":1,"column":599}},"14":{"start":{"line":1,"column":599},"end":{"line":1,"column":618}},"15":{"start":{"line":1,"column":637},"end":{"line":1,"column":653}},"16":{"start":{"line":1,"column":668},"end":{"line":1,"column":698}},"17":{"start":{"line":2,"column":17},"end":{"line":2,"column":38}},"18":{"start":{"line":2,"column":57},"end":{"line":2,"column":91}},"19":{"start":{"line":3,"column":19},"end":{"line":3,"column":42}},"20":{"start":{"line":4,"column":18},"end":{"line":4,"column":41}},"21":{"start":{"line":4,"column":61},"end":{"line":4,"column":96}},"22":{"start":{"line":5,"column":24},"end":{"line":5,"column":53}},"23":{"start":{"line":5,"column":79},"end":{"line":5,"column":120}},"24":{"start":{"line":6,"column":15},"end":{"line":6,"column":35}},"25":{"start":{"line":6,"column":52},"end":{"line":6,"column":84}},"26":{"start":{"line":8,"column":15},"end":{"line":8,"column":35}},"27":{"start":{"line":8,"column":52},"end":{"line":8,"column":84}},"28":{"start":{"line":8,"column":123},"end":{"line":8,"column":177}},"29":{"start":{"line":8,"column":227},"end":{"line":8,"column":326}},"30":{"start":{"line":8,"column":268},"end":{"line":8,"column":325}},"31":{"start":{"line":8,"column":376},"end":{"line":8,"column":475}},"32":{"start":{"line":8,"column":388},"end":{"line":8,"column":474}},"33":{"start":{"line":8,"column":475},"end":{"line":8,"column":561}},"34":{"start":{"line":8,"column":604},"end":{"line":8,"column":767}},"35":{"start":{"line":8,"column":666},"end":{"line":8,"column":766}},"36":{"start":{"line":8,"column":767},"end":{"line":8,"column":931}},"37":{"start":{"line":8,"column":931},"end":{"line":8,"column":1049}},"38":{"start":{"line":8,"column":947},"end":{"line":8,"column":1049}},"39":{"start":{"line":10,"column":21},"end":{"line":83,"column":64}},"40":{"start":{"line":10,"column":50},"end":{"line":10,"column":98}},"41":{"start":{"line":11,"column":38},"end":{"line":11,"column":80}},"42":{"start":{"line":11,"column":92},"end":{"line":12,"column":11}},"43":{"start":{"line":12,"column":12},"end":{"line":22,"column":6}},"44":{"start":{"line":19,"column":20},"end":{"line":19,"column":55}},"45":{"start":{"line":20,"column":6},"end":{"line":20,"column":69}},"46":{"start":{"line":21,"column":6},"end":{"line":21,"column":30}},"47":{"start":{"line":22,"column":17},"end":{"line":22,"column":33}},"48":{"start":{"line":22,"column":34},"end":{"line":22,"column":63}},"49":{"start":{"line":22,"column":63},"end":{"line":22,"column":76}},"50":{"start":{"line":22,"column":77},"end":{"line":83,"column":10}},"51":{"start":{"line":24,"column":18},"end":{"line":24,"column":22}},"52":{"start":{"line":25,"column":6},"end":{"line":25,"column":16}},"53":{"start":{"line":25,"column":33},"end":{"line":25,"column":53}},"54":{"start":{"line":25,"column":69},"end":{"line":25,"column":88}},"55":{"start":{"line":26,"column":13},"end":{"line":26,"column":28}},"56":{"start":{"line":28,"column":6},"end":{"line":79,"column":15}},"57":{"start":{"line":32,"column":25},"end":{"line":32,"column":47}},"58":{"start":{"line":33,"column":24},"end":{"line":33,"column":45}},"59":{"start":{"line":34,"column":31},"end":{"line":34,"column":55}},"60":{"start":{"line":35,"column":23},"end":{"line":35,"column":39}},"61":{"start":{"line":36,"column":21},"end":{"line":36,"column":35}},"62":{"start":{"line":37,"column":30},"end":{"line":37,"column":50}},"63":{"start":{"line":41,"column":27},"end":{"line":41,"column":58}},"64":{"start":{"line":42,"column":12},"end":{"line":71,"column":79}},"65":{"start":{"line":50,"column":41},"end":{"line":50,"column":47}},"66":{"start":{"line":50,"column":48},"end":{"line":71,"column":75}},"67":{"start":{"line":56,"column":63},"end":{"line":56,"column":97}},"68":{"start":{"line":83,"column":10},"end":{"line":83,"column":36}},"69":{"start":{"line":85,"column":0},"end":{"line":88,"column":56}},"70":{"start":{"line":88,"column":56},"end":{"line":91,"column":19}}},"fnMap":{"0":{"name":"(anonymous_0)","decl":{"start":{"line":1,"column":94},"end":{"line":1,"column":95}},"loc":{"start":{"line":1,"column":106},"end":{"line":1,"column":621}},"line":1},"1":{"name":"defineProperties","decl":{"start":{"line":1,"column":116},"end":{"line":1,"column":132}},"loc":{"start":{"line":1,"column":148},"end":{"line":1,"column":415}},"line":1},"2":{"name":"(anonymous_2)","decl":{"start":{"line":1,"column":422},"end":{"line":1,"column":423}},"loc":{"start":{"line":1,"column":470},"end":{"line":1,"column":619}},"line":1},"3":{"name":"_interopRequireDefault","decl":{"start":{"line":8,"column":94},"end":{"line":8,"column":116}},"loc":{"start":{"line":8,"column":122},"end":{"line":8,"column":178}},"line":8},"4":{"name":"_classCallCheck","decl":{"start":{"line":8,"column":187},"end":{"line":8,"column":202}},"loc":{"start":{"line":8,"column":226},"end":{"line":8,"column":327}},"line":8},"5":{"name":"_possibleConstructorReturn","decl":{"start":{"line":8,"column":336},"end":{"line":8,"column":362}},"loc":{"start":{"line":8,"column":375},"end":{"line":8,"column":562}},"line":8},"6":{"name":"_inherits","decl":{"start":{"line":8,"column":571},"end":{"line":8,"column":580}},"loc":{"start":{"line":8,"column":603},"end":{"line":8,"column":1050}},"line":8},"7":{"name":"(anonymous_7)","decl":{"start":{"line":10,"column":21},"end":{"line":10,"column":22}},"loc":{"start":{"line":10,"column":49},"end":{"line":83,"column":37}},"line":10},"8":{"name":"ExpandableListView","decl":{"start":{"line":11,"column":11},"end":{"line":11,"column":29}},"loc":{"start":{"line":11,"column":37},"end":{"line":22,"column":77}},"line":11},"9":{"name":"(anonymous_9)","decl":{"start":{"line":18,"column":19},"end":{"line":18,"column":20}},"loc":{"start":{"line":18,"column":42},"end":{"line":22,"column":5}},"line":18},"10":{"name":"render","decl":{"start":{"line":22,"column":144},"end":{"line":22,"column":150}},"loc":{"start":{"line":24,"column":4},"end":{"line":83,"column":5}},"line":24},"11":{"name":"(anonymous_11)","decl":{"start":{"line":31,"column":32},"end":{"line":31,"column":33}},"loc":{"start":{"line":31,"column":52},"end":{"line":79,"column":11}},"line":31},"12":{"name":"(anonymous_12)","decl":{"start":{"line":50,"column":16},"end":{"line":50,"column":17}},"loc":{"start":{"line":50,"column":32},"end":{"line":71,"column":76}},"line":50},"13":{"name":"handleToggle","decl":{"start":{"line":56,"column":47},"end":{"line":56,"column":59}},"loc":{"start":{"line":56,"column":62},"end":{"line":56,"column":98}},"line":56}},"branchMap":{"0":{"loc":{"start":{"line":1,"column":239},"end":{"line":1,"column":269}},"type":"binary-expr","locations":[{"start":{"line":1,"column":239},"end":{"line":1,"column":260}},{"start":{"line":1,"column":264},"end":{"line":1,"column":269}}],"line":1},"1":{"loc":{"start":{"line":1,"column":301},"end":{"line":1,"column":355}},"type":"if","locations":[{"start":{"line":1,"column":301},"end":{"line":1,"column":355}},{"start":{"line":1,"column":301},"end":{"line":1,"column":355}}],"line":1},"2":{"loc":{"start":{"line":1,"column":471},"end":{"line":1,"column":539}},"type":"if","locations":[{"start":{"line":1,"column":471},"end":{"line":1,"column":539}},{"start":{"line":1,"column":471},"end":{"line":1,"column":539}}],"line":1},"3":{"loc":{"start":{"line":1,"column":539},"end":{"line":1,"column":599}},"type":"if","locations":[{"start":{"line":1,"column":539},"end":{"line":1,"column":599}},{"start":{"line":1,"column":539},"end":{"line":1,"column":599}}],"line":1},"4":{"loc":{"start":{"line":8,"column":130},"end":{"line":8,"column":176}},"type":"cond-expr","locations":[{"start":{"line":8,"column":154},"end":{"line":8,"column":157}},{"start":{"line":8,"column":160},"end":{"line":8,"column":176}}],"line":8},"5":{"loc":{"start":{"line":8,"column":130},"end":{"line":8,"column":151}},"type":"binary-expr","locations":[{"start":{"line":8,"column":130},"end":{"line":8,"column":133}},{"start":{"line":8,"column":137},"end":{"line":8,"column":151}}],"line":8},"6":{"loc":{"start":{"line":8,"column":227},"end":{"line":8,"column":326}},"type":"if","locations":[{"start":{"line":8,"column":227},"end":{"line":8,"column":326}},{"start":{"line":8,"column":227},"end":{"line":8,"column":326}}],"line":8},"7":{"loc":{"start":{"line":8,"column":376},"end":{"line":8,"column":475}},"type":"if","locations":[{"start":{"line":8,"column":376},"end":{"line":8,"column":475}},{"start":{"line":8,"column":376},"end":{"line":8,"column":475}}],"line":8},"8":{"loc":{"start":{"line":8,"column":482},"end":{"line":8,"column":560}},"type":"cond-expr","locations":[{"start":{"line":8,"column":549},"end":{"line":8,"column":553}},{"start":{"line":8,"column":556},"end":{"line":8,"column":560}}],"line":8},"9":{"loc":{"start":{"line":8,"column":482},"end":{"line":8,"column":546}},"type":"binary-expr","locations":[{"start":{"line":8,"column":482},"end":{"line":8,"column":486}},{"start":{"line":8,"column":491},"end":{"line":8,"column":515}},{"start":{"line":8,"column":519},"end":{"line":8,"column":545}}],"line":8},"10":{"loc":{"start":{"line":8,"column":604},"end":{"line":8,"column":767}},"type":"if","locations":[{"start":{"line":8,"column":604},"end":{"line":8,"column":767}},{"start":{"line":8,"column":604},"end":{"line":8,"column":767}}],"line":8},"11":{"loc":{"start":{"line":8,"column":608},"end":{"line":8,"column":663}},"type":"binary-expr","locations":[{"start":{"line":8,"column":608},"end":{"line":8,"column":640}},{"start":{"line":8,"column":644},"end":{"line":8,"column":663}}],"line":8},"12":{"loc":{"start":{"line":8,"column":802},"end":{"line":8,"column":836}},"type":"binary-expr","locations":[{"start":{"line":8,"column":802},"end":{"line":8,"column":812}},{"start":{"line":8,"column":816},"end":{"line":8,"column":836}}],"line":8},"13":{"loc":{"start":{"line":8,"column":931},"end":{"line":8,"column":1049}},"type":"if","locations":[{"start":{"line":8,"column":931},"end":{"line":8,"column":1049}},{"start":{"line":8,"column":931},"end":{"line":8,"column":1049}}],"line":8},"14":{"loc":{"start":{"line":8,"column":947},"end":{"line":8,"column":1048}},"type":"cond-expr","locations":[{"start":{"line":8,"column":971},"end":{"line":8,"column":1014}},{"start":{"line":8,"column":1017},"end":{"line":8,"column":1048}}],"line":8},"15":{"loc":{"start":{"line":11,"column":126},"end":{"line":11,"column":199}},"type":"binary-expr","locations":[{"start":{"line":11,"column":126},"end":{"line":11,"column":154}},{"start":{"line":11,"column":158},"end":{"line":11,"column":199}}],"line":11},"16":{"loc":{"start":{"line":41,"column":27},"end":{"line":41,"column":58}},"type":"cond-expr","locations":[{"start":{"line":41,"column":38},"end":{"line":41,"column":47}},{"start":{"line":41,"column":50},"end":{"line":41,"column":58}}],"line":41},"17":{"loc":{"start":{"line":47,"column":55},"end":{"line":47,"column":76}},"type":"cond-expr","locations":[{"start":{"line":47,"column":66},"end":{"line":47,"column":72}},{"start":{"line":47,"column":75},"end":{"line":47,"column":76}}],"line":47}},"s":{"0":0,"1":0,"2":0,"3":0,"4":0,"5":0,"6":0,"7":0,"8":0,"9":0,"10":0,"11":0,"12":0,"13":0,"14":0,"15":0,"16":0,"17":0,"18":0,"19":0,"20":0,"21":0,"22":0,"23":0,"24":0,"25":0,"26":0,"27":0,"28":0,"29":0,"30":0,"31":0,"32":0,"33":0,"34":0,"35":0,"36":0,"37":0,"38":0,"39":0,"40":0,"41":0,"42":0,"43":0,"44":0,"45":0,"46":0,"47":0,"48":0,"49":0,"50":0,"51":0,"52":0,"53":0,"54":0,"55":0,"56":0,"57":0,"58":0,"59":0,"60":0,"61":0,"62":0,"63":0,"64":0,"65":0,"66":0,"67":0,"68":0,"69":0,"70":0},"f":{"0":0,"1":0,"2":0,"3":0,"4":0,"5":0,"6":0,"7":0,"8":0,"9":0,"10":0,"11":0,"12":0,"13":0},"b":{"0":[0,0],"1":[0,0],"2":[0,0],"3":[0,0],"4":[0,0],"5":[0,0],"6":[0,0],"7":[0,0],"8":[0,0],"9":[0,0,0],"10":[0,0],"11":[0,0],"12":[0,0],"13":[0,0],"14":[0,0],"15":[0,0],"16":[0,0],"17":[0,0]}}
,"/Users/castlemilk/PycharmProjects/nutry/web/app/components/FoodProfileTitle/ProfileTitleWrapper.js": {"path":"/Users/castlemilk/PycharmProjects/nutry/web/app/components/FoodProfileTitle/ProfileTitleWrapper.js","statementMap":{"0":{"start":{"line":1,"column":13},"end":{"line":1,"column":75}},"1":{"start":{"line":1,"column":99},"end":{"line":1,"column":127}},"2":{"start":{"line":1,"column":153},"end":{"line":1,"column":194}},"3":{"start":{"line":1,"column":233},"end":{"line":1,"column":287}},"4":{"start":{"line":3,"column":30},"end":{"line":3,"column":614}},"5":{"start":{"line":3,"column":615},"end":{"line":34,"column":24}}},"fnMap":{"0":{"name":"_interopRequireDefault","decl":{"start":{"line":1,"column":204},"end":{"line":1,"column":226}},"loc":{"start":{"line":1,"column":232},"end":{"line":1,"column":288}},"line":1}},"branchMap":{"0":{"loc":{"start":{"line":1,"column":240},"end":{"line":1,"column":286}},"type":"cond-expr","locations":[{"start":{"line":1,"column":264},"end":{"line":1,"column":267}},{"start":{"line":1,"column":270},"end":{"line":1,"column":286}}],"line":1},"1":{"loc":{"start":{"line":1,"column":240},"end":{"line":1,"column":261}},"type":"binary-expr","locations":[{"start":{"line":1,"column":240},"end":{"line":1,"column":243}},{"start":{"line":1,"column":247},"end":{"line":1,"column":261}}],"line":1}},"s":{"0":0,"1":0,"2":0,"3":0,"4":0,"5":0},"f":{"0":0},"b":{"0":[0,0],"1":[0,0]}}
,"/Users/castlemilk/PycharmProjects/nutry/web/app/components/FoodProfileTitle/index.js": {"path":"/Users/castlemilk/PycharmProjects/nutry/web/app/components/FoodProfileTitle/index.js","statementMap":{"0":{"start":{"line":1,"column":13},"end":{"line":1,"column":75}},"1":{"start":{"line":7,"column":13},"end":{"line":7,"column":29}},"2":{"start":{"line":7,"column":44},"end":{"line":7,"column":74}},"3":{"start":{"line":8,"column":17},"end":{"line":8,"column":38}},"4":{"start":{"line":8,"column":57},"end":{"line":8,"column":91}},"5":{"start":{"line":9,"column":22},"end":{"line":9,"column":49}},"6":{"start":{"line":14,"column":22},"end":{"line":14,"column":58}},"7":{"start":{"line":14,"column":82},"end":{"line":14,"column":121}},"8":{"start":{"line":15,"column":27},"end":{"line":15,"column":59}},"9":{"start":{"line":15,"column":88},"end":{"line":15,"column":132}},"10":{"start":{"line":15,"column":171},"end":{"line":15,"column":225}},"11":{"start":{"line":18,"column":54},"end":{"line":18,"column":73}},"12":{"start":{"line":18,"column":84},"end":{"line":18,"column":97}},"13":{"start":{"line":20,"column":2},"end":{"line":33,"column":127}},"14":{"start":{"line":44,"column":4},"end":{"line":44,"column":125}},"15":{"start":{"line":44,"column":125},"end":{"line":47,"column":50}}},"fnMap":{"0":{"name":"_interopRequireDefault","decl":{"start":{"line":15,"column":142},"end":{"line":15,"column":164}},"loc":{"start":{"line":15,"column":170},"end":{"line":15,"column":226}},"line":15},"1":{"name":"FoodProfileTitle","decl":{"start":{"line":18,"column":9},"end":{"line":18,"column":25}},"loc":{"start":{"line":18,"column":33},"end":{"line":40,"column":1}},"line":18}},"branchMap":{"0":{"loc":{"start":{"line":15,"column":178},"end":{"line":15,"column":224}},"type":"cond-expr","locations":[{"start":{"line":15,"column":202},"end":{"line":15,"column":205}},{"start":{"line":15,"column":208},"end":{"line":15,"column":224}}],"line":15},"1":{"loc":{"start":{"line":15,"column":178},"end":{"line":15,"column":199}},"type":"binary-expr","locations":[{"start":{"line":15,"column":178},"end":{"line":15,"column":181}},{"start":{"line":15,"column":185},"end":{"line":15,"column":199}}],"line":15},"2":{"loc":{"start":{"line":24,"column":10},"end":{"line":24,"column":210}},"type":"cond-expr","locations":[{"start":{"line":24,"column":20},"end":{"line":24,"column":115}},{"start":{"line":24,"column":118},"end":{"line":24,"column":210}}],"line":24},"3":{"loc":{"start":{"line":27,"column":10},"end":{"line":27,"column":212}},"type":"cond-expr","locations":[{"start":{"line":27,"column":20},"end":{"line":27,"column":115}},{"start":{"line":27,"column":118},"end":{"line":27,"column":212}}],"line":27},"4":{"loc":{"start":{"line":31,"column":8},"end":{"line":33,"column":123}},"type":"cond-expr","locations":[{"start":{"line":31,"column":18},"end":{"line":31,"column":113}},{"start":{"line":31,"column":116},"end":{"line":33,"column":123}}],"line":31}},"s":{"0":0,"1":0,"2":0,"3":0,"4":0,"5":0,"6":0,"7":0,"8":0,"9":0,"10":0,"11":0,"12":0,"13":0,"14":0,"15":0},"f":{"0":0,"1":0},"b":{"0":[0,0],"1":[0,0],"2":[0,0],"3":[0,0],"4":[0,0]}}
,"/Users/castlemilk/PycharmProjects/nutry/web/app/components/FoodProfileTitle/messages.js": {"path":"/Users/castlemilk/PycharmProjects/nutry/web/app/components/FoodProfileTitle/messages.js","statementMap":{"0":{"start":{"line":1,"column":13},"end":{"line":1,"column":75}},"1":{"start":{"line":6,"column":17},"end":{"line":6,"column":38}},"2":{"start":{"line":8,"column":12},"end":{"line":8,"column":41}},"3":{"start":{"line":12,"column":46},"end":{"line":13,"column":64}}},"fnMap":{},"branchMap":{},"s":{"0":0,"1":0,"2":0,"3":0},"f":{},"b":{}}
,"/Users/castlemilk/PycharmProjects/nutry/web/app/components/FoodProfileToolBar/FoodProfileToolBarWrapper.js": {"path":"/Users/castlemilk/PycharmProjects/nutry/web/app/components/FoodProfileToolBar/FoodProfileToolBarWrapper.js","statementMap":{"0":{"start":{"line":1,"column":13},"end":{"line":1,"column":75}},"1":{"start":{"line":1,"column":99},"end":{"line":1,"column":127}},"2":{"start":{"line":1,"column":153},"end":{"line":1,"column":194}},"3":{"start":{"line":1,"column":233},"end":{"line":1,"column":287}},"4":{"start":{"line":3,"column":32},"end":{"line":3,"column":693}},"5":{"start":{"line":3,"column":694},"end":{"line":44,"column":26}}},"fnMap":{"0":{"name":"_interopRequireDefault","decl":{"start":{"line":1,"column":204},"end":{"line":1,"column":226}},"loc":{"start":{"line":1,"column":232},"end":{"line":1,"column":288}},"line":1}},"branchMap":{"0":{"loc":{"start":{"line":1,"column":240},"end":{"line":1,"column":286}},"type":"cond-expr","locations":[{"start":{"line":1,"column":264},"end":{"line":1,"column":267}},{"start":{"line":1,"column":270},"end":{"line":1,"column":286}}],"line":1},"1":{"loc":{"start":{"line":1,"column":240},"end":{"line":1,"column":261}},"type":"binary-expr","locations":[{"start":{"line":1,"column":240},"end":{"line":1,"column":243}},{"start":{"line":1,"column":247},"end":{"line":1,"column":261}}],"line":1}},"s":{"0":0,"1":0,"2":0,"3":0,"4":0,"5":0},"f":{"0":0},"b":{"0":[0,0],"1":[0,0]}}
,"/Users/castlemilk/PycharmProjects/nutry/web/app/components/FoodProfileToolBar/index.js": {"path":"/Users/castlemilk/PycharmProjects/nutry/web/app/components/FoodProfileToolBar/index.js","statementMap":{"0":{"start":{"line":1,"column":13},"end":{"line":1,"column":75}},"1":{"start":{"line":7,"column":13},"end":{"line":7,"column":29}},"2":{"start":{"line":7,"column":44},"end":{"line":7,"column":74}},"3":{"start":{"line":8,"column":17},"end":{"line":8,"column":38}},"4":{"start":{"line":8,"column":57},"end":{"line":8,"column":91}},"5":{"start":{"line":10,"column":19},"end":{"line":10,"column":42}},"6":{"start":{"line":10,"column":63},"end":{"line":10,"column":99}},"7":{"start":{"line":11,"column":17},"end":{"line":11,"column":38}},"8":{"start":{"line":12,"column":22},"end":{"line":12,"column":58}},"9":{"start":{"line":12,"column":82},"end":{"line":12,"column":121}},"10":{"start":{"line":13,"column":16},"end":{"line":13,"column":37}},"11":{"start":{"line":13,"column":55},"end":{"line":13,"column":88}},"12":{"start":{"line":14,"column":33},"end":{"line":14,"column":71}},"13":{"start":{"line":14,"column":106},"end":{"line":14,"column":156}},"14":{"start":{"line":14,"column":195},"end":{"line":14,"column":249}},"15":{"start":{"line":15,"column":11},"end":{"line":37,"column":65}},"16":{"start":{"line":42,"column":61},"end":{"line":42,"column":83}},"17":{"start":{"line":42,"column":102},"end":{"line":42,"column":123}},"18":{"start":{"line":42,"column":135},"end":{"line":42,"column":149}},"19":{"start":{"line":42,"column":160},"end":{"line":42,"column":173}},"20":{"start":{"line":42,"column":198},"end":{"line":42,"column":221}},"21":{"start":{"line":42,"column":241},"end":{"line":42,"column":263}},"22":{"start":{"line":43,"column":2},"end":{"line":88,"column":33}},"23":{"start":{"line":64,"column":42},"end":{"line":64,"column":70}},"24":{"start":{"line":87,"column":42},"end":{"line":87,"column":69}},"25":{"start":{"line":96,"column":0},"end":{"line":102,"column":38}},"26":{"start":{"line":102,"column":38},"end":{"line":106,"column":19}}},"fnMap":{"0":{"name":"_interopRequireDefault","decl":{"start":{"line":14,"column":166},"end":{"line":14,"column":188}},"loc":{"start":{"line":14,"column":194},"end":{"line":14,"column":250}},"line":14},"1":{"name":"FoodProfileToolBar","decl":{"start":{"line":42,"column":11},"end":{"line":42,"column":29}},"loc":{"start":{"line":42,"column":37},"end":{"line":94,"column":1}},"line":42},"2":{"name":"onChange","decl":{"start":{"line":64,"column":29},"end":{"line":64,"column":37}},"loc":{"start":{"line":64,"column":41},"end":{"line":64,"column":71}},"line":64},"3":{"name":"onChange","decl":{"start":{"line":87,"column":29},"end":{"line":87,"column":37}},"loc":{"start":{"line":87,"column":41},"end":{"line":87,"column":70}},"line":87}},"branchMap":{"0":{"loc":{"start":{"line":14,"column":202},"end":{"line":14,"column":248}},"type":"cond-expr","locations":[{"start":{"line":14,"column":226},"end":{"line":14,"column":229}},{"start":{"line":14,"column":232},"end":{"line":14,"column":248}}],"line":14},"1":{"loc":{"start":{"line":14,"column":202},"end":{"line":14,"column":223}},"type":"binary-expr","locations":[{"start":{"line":14,"column":202},"end":{"line":14,"column":205}},{"start":{"line":14,"column":209},"end":{"line":14,"column":223}}],"line":14},"2":{"loc":{"start":{"line":46,"column":6},"end":{"line":48,"column":96}},"type":"cond-expr","locations":[{"start":{"line":46,"column":16},"end":{"line":46,"column":111}},{"start":{"line":47,"column":6},"end":{"line":48,"column":96}}],"line":46},"3":{"loc":{"start":{"line":52,"column":6},"end":{"line":65,"column":30}},"type":"cond-expr","locations":[{"start":{"line":52,"column":16},"end":{"line":52,"column":111}},{"start":{"line":53,"column":6},"end":{"line":65,"column":30}}],"line":52},"4":{"loc":{"start":{"line":70,"column":6},"end":{"line":72,"column":95}},"type":"cond-expr","locations":[{"start":{"line":70,"column":16},"end":{"line":70,"column":111}},{"start":{"line":71,"column":6},"end":{"line":72,"column":95}}],"line":70},"5":{"loc":{"start":{"line":75,"column":6},"end":{"line":88,"column":30}},"type":"cond-expr","locations":[{"start":{"line":75,"column":16},"end":{"line":75,"column":111}},{"start":{"line":76,"column":6},"end":{"line":88,"column":30}}],"line":75}},"s":{"0":0,"1":0,"2":0,"3":0,"4":0,"5":0,"6":0,"7":0,"8":0,"9":0,"10":0,"11":0,"12":0,"13":0,"14":0,"15":0,"16":0,"17":0,"18":0,"19":0,"20":0,"21":0,"22":0,"23":0,"24":0,"25":0,"26":0},"f":{"0":0,"1":0,"2":0,"3":0},"b":{"0":[0,0],"1":[0,0],"2":[0,0],"3":[0,0],"4":[0,0],"5":[0,0]}}
[...]
:54},"10":{"name":"(anonymous_10)","decl":{"start":{"line":54,"column":279},"end":{"line":54,"column":280}},"loc":{"start":{"line":54,"column":291},"end":{"line":54,"column":671}},"line":54},"11":{"name":"(anonymous_11)","decl":{"start":{"line":54,"column":347},"end":{"line":54,"column":348}},"loc":{"start":{"line":54,"column":374},"end":{"line":54,"column":668}},"line":54},"12":{"name":"step","decl":{"start":{"line":54,"column":384},"end":{"line":54,"column":388}},"loc":{"start":{"line":54,"column":399},"end":{"line":54,"column":647}},"line":54},"13":{"name":"(anonymous_13)","decl":{"start":{"line":54,"column":566},"end":{"line":54,"column":567}},"loc":{"start":{"line":54,"column":583},"end":{"line":54,"column":605}},"line":54},"14":{"name":"(anonymous_14)","decl":{"start":{"line":54,"column":607},"end":{"line":54,"column":608}},"loc":{"start":{"line":54,"column":622},"end":{"line":54,"column":643}},"line":54},"15":{"name":"parseResults","decl":{"start":{"line":55,"column":9},"end":{"line":55,"column":21}},"loc":{"start":{"line":55,"column":32},"end":{"line":55,"column":98}},"line":55},"16":{"name":"checkStatus","decl":{"start":{"line":55,"column":107},"end":{"line":55,"column":118}},"loc":{"start":{"line":55,"column":129},"end":{"line":56,"column":155}},"line":55},"17":{"name":"getFoodProfile","decl":{"start":{"line":56,"column":164},"end":{"line":56,"column":178}},"loc":{"start":{"line":56,"column":193},"end":{"line":57,"column":113}},"line":56}},"branchMap":{"0":{"loc":{"start":{"line":36,"column":125},"end":{"line":42,"column":61}},"type":"switch","locations":[{"start":{"line":36,"column":167},"end":{"line":39,"column":214}},{"start":{"line":39,"column":214},"end":{"line":42,"column":18}},{"start":{"line":42,"column":18},"end":{"line":42,"column":25}},{"start":{"line":42,"column":25},"end":{"line":42,"column":60}}],"line":36},"1":{"loc":{"start":{"line":38,"column":208},"end":{"line":39,"column":122}},"type":"switch","locations":[{"start":{"line":38,"column":248},"end":{"line":39,"column":48}},{"start":{"line":39,"column":48},"end":{"line":39,"column":80}},{"start":{"line":39,"column":80},"end":{"line":39,"column":87}},{"start":{"line":39,"column":87},"end":{"line":39,"column":121}}],"line":38},"2":{"loc":{"start":{"line":54,"column":192},"end":{"line":54,"column":238}},"type":"cond-expr","locations":[{"start":{"line":54,"column":216},"end":{"line":54,"column":219}},{"start":{"line":54,"column":222},"end":{"line":54,"column":238}}],"line":54},"3":{"loc":{"start":{"line":54,"column":192},"end":{"line":54,"column":213}},"type":"binary-expr","locations":[{"start":{"line":54,"column":192},"end":{"line":54,"column":195}},{"start":{"line":54,"column":199},"end":{"line":54,"column":213}}],"line":54},"4":{"loc":{"start":{"line":54,"column":492},"end":{"line":54,"column":646}},"type":"if","locations":[{"start":{"line":54,"column":492},"end":{"line":54,"column":646}},{"start":{"line":54,"column":492},"end":{"line":54,"column":646}}],"line":54},"5":{"loc":{"start":{"line":55,"column":33},"end":{"line":55,"column":76}},"type":"if","locations":[{"start":{"line":55,"column":33},"end":{"line":55,"column":76}},{"start":{"line":55,"column":33},"end":{"line":55,"column":76}}],"line":55},"6":{"loc":{"start":{"line":56,"column":2},"end":{"line":56,"column":73}},"type":"if","locations":[{"start":{"line":56,"column":2},"end":{"line":56,"column":73}},{"start":{"line":56,"column":2},"end":{"line":56,"column":73}}],"line":56},"7":{"loc":{"start":{"line":56,"column":6},"end":{"line":56,"column":53}},"type":"binary-expr","locations":[{"start":{"line":56,"column":6},"end":{"line":56,"column":28}},{"start":{"line":56,"column":32},"end":{"line":56,"column":53}}],"line":56}},"s":{"0":0,"1":0,"2":0,"3":0,"4":0,"5":0,"6":0,"7":0,"8":0,"9":0,"10":0,"11":0,"12":0,"13":0,"14":0,"15":0,"16":0,"17":0,"18":0,"19":0,"20":0,"21":0,"22":0,"23":0,"24":0,"25":0,"26":0,"27":0,"28":0,"29":0,"30":0,"31":0,"32":0,"33":0,"34":0,"35":0,"36":0,"37":0,"38":0,"39":0,"40":0,"41":0,"42":0,"43":0,"44":0,"45":0,"46":0,"47":0,"48":0,"49":0,"50":0,"51":0,"52":0,"53":0,"54":0},"f":{"0":0,"1":0,"2":0,"3":0,"4":0,"5":0,"6":0,"7":0,"8":0,"9":0,"10":0,"11":0,"12":0,"13":0,"14":0,"15":0,"16":0,"17":0},"b":{"0":[0,0,0,0],"1":[0,0,0,0],"2":[0,0],"3":[0,0],"4":[0,0],"5":[0,0],"6":[0,0],"7":[0,0]}}
,"/Users/castlemilk/PycharmProjects/nutry/web/app/utils/checkStore.js": {"path":"/Users/castlemilk/PycharmProjects/nutry/web/app/utils/checkStore.js","statementMap":{"0":{"start":{"line":10,"column":16},"end":{"line":18,"column":3}},"1":{"start":{"line":19,"column":2},"end":{"line":22,"column":4}}},"fnMap":{"0":{"name":"checkStore","decl":{"start":{"line":9,"column":24},"end":{"line":9,"column":34}},"loc":{"start":{"line":9,"column":42},"end":{"line":23,"column":1}},"line":9}},"branchMap":{},"s":{"0":14,"1":14},"f":{"0":14},"b":{},"_coverageSchema":"332fd63041d2c1bcb487cc26dd0d5f7d97098a6c","hash":"7bac03d05af9933b7a21fda345fb72d9b0d88804"}
,"/Users/castlemilk/PycharmProjects/nutry/web/app/utils/constants.js": {"path":"/Users/castlemilk/PycharmProjects/nutry/web/app/utils/constants.js","statementMap":{"0":{"start":{"line":1,"column":34},"end":{"line":1,"column":70}},"1":{"start":{"line":2,"column":22},"end":{"line":2,"column":46}},"2":{"start":{"line":3,"column":33},"end":{"line":3,"column":68}}},"fnMap":{},"branchMap":{},"s":{"0":3,"1":3,"2":3},"f":{},"b":{},"_coverageSchema":"332fd63041d2c1bcb487cc26dd0d5f7d97098a6c","hash":"964b6109de5ed540edef3f6d34c1c7b60945e6d8"}
,"/Users/castlemilk/PycharmProjects/nutry/web/app/utils/injectReducer.js": {"path":"/Users/castlemilk/PycharmProjects/nutry/web/app/utils/injectReducer.js","statementMap":{"0":{"start":{"line":14,"column":37},"end":{"line":36,"column":1}},"1":{"start":{"line":23,"column":32},"end":{"line":23,"column":46}},"2":{"start":{"line":25,"column":6},"end":{"line":25,"column":34}},"3":{"start":{"line":31,"column":6},"end":{"line":31,"column":50}},"4":{"start":{"line":35,"column":2},"end":{"line":35,"column":65}}},"fnMap":{"0":{"name":"(anonymous_0)","decl":{"start":{"line":14,"column":15},"end":{"line":14,"column":16}},"loc":{"start":{"line":14,"column":37},"end":{"line":36,"column":1}},"line":14},"1":{"name":"(anonymous_1)","decl":{"start":{"line":14,"column":37},"end":{"line":14,"column":38}},"loc":{"start":{"line":14,"column":59},"end":{"line":36,"column":1}},"line":14},"2":{"name":"(anonymous_2)","decl":{"start":{"line":22,"column":4},"end":{"line":22,"column":5}},"loc":{"start":{"line":22,"column":25},"end":{"line":26,"column":5}},"line":22},"3":{"name":"(anonymous_3)","decl":{"start":{"line":30,"column":4},"end":{"line":30,"column":5}},"loc":{"start":{"line":30,"column":13},"end":{"line":32,"column":5}},"line":30}},"branchMap":{"0":{"loc":{"start":{"line":20,"column":41},"end":{"line":20,"column":109}},"type":"binary-expr","locations":[{"start":{"line":20,"column":41},"end":{"line":20,"column":69}},{"start":{"line":20,"column":73},"end":{"line":20,"column":94}},{"start":{"line":20,"column":98},"end":{"line":20,"column":109}}],"line":20}},"s":{"0":5,"1":2,"2":2,"3":2,"4":5},"f":{"0":5,"1":5,"2":2,"3":2},"b":{"0":[5,4,1]},"_coverageSchema":"332fd63041d2c1bcb487cc26dd0d5f7d97098a6c","hash":"2e24b5d9e4caf555fe3fe0d911eea2b86f0de625"}
,"/Users/castlemilk/PycharmProjects/nutry/web/app/utils/injectSaga.js": {"path":"/Users/castlemilk/PycharmProjects/nutry/web/app/utils/injectSaga.js","statementMap":{"0":{"start":{"line":18,"column":40},"end":{"line":46,"column":1}},"1":{"start":{"line":27,"column":29},"end":{"line":27,"column":43}},"2":{"start":{"line":29,"column":6},"end":{"line":29,"column":50}},"3":{"start":{"line":33,"column":28},"end":{"line":33,"column":42}},"4":{"start":{"line":35,"column":6},"end":{"line":35,"column":21}},"5":{"start":{"line":41,"column":6},"end":{"line":41,"column":50}},"6":{"start":{"line":45,"column":2},"end":{"line":45,"column":60}}},"fnMap":{"0":{"name":"(anonymous_0)","decl":{"start":{"line":18,"column":15},"end":{"line":18,"column":16}},"loc":{"start":{"line":18,"column":40},"end":{"line":46,"column":1}},"line":18},"1":{"name":"(anonymous_1)","decl":{"start":{"line":18,"column":40},"end":{"line":18,"column":41}},"loc":{"start":{"line":18,"column":62},"end":{"line":46,"column":1}},"line":18},"2":{"name":"(anonymous_2)","decl":{"start":{"line":26,"column":4},"end":{"line":26,"column":5}},"loc":{"start":{"line":26,"column":25},"end":{"line":30,"column":5}},"line":26},"3":{"name":"(anonymous_3)","decl":{"start":{"line":32,"column":4},"end":{"line":32,"column":5}},"loc":{"start":{"line":32,"column":27},"end":{"line":36,"column":5}},"line":32},"4":{"name":"(anonymous_4)","decl":{"start":{"line":40,"column":4},"end":{"line":40,"column":5}},"loc":{"start":{"line":40,"column":13},"end":{"line":42,"column":5}},"line":40}},"branchMap":{"0":{"loc":{"start":{"line":24,"column":38},"end":{"line":24,"column":106}},"type":"binary-expr","locations":[{"start":{"line":24,"column":38},"end":{"line":24,"column":66}},{"start":{"line":24,"column":70},"end":{"line":24,"column":91}},{"start":{"line":24,"column":95},"end":{"line":24,"column":106}}],"line":24}},"s":{"0":6,"1":3,"2":3,"3":1,"4":1,"5":3,"6":6},"f":{"0":6,"1":6,"2":3,"3":1,"4":3},"b":{"0":[6,6,1]},"_coverageSchema":"332fd63041d2c1bcb487cc26dd0d5f7d97098a6c","hash":"017d2ba27154bf02d4fcbfe8210eabb05c599451"}
,"/Users/castlemilk/PycharmProjects/nutry/web/app/utils/reducerInjectors.js": {"path":"/Users/castlemilk/PycharmProjects/nutry/web/app/utils/reducerInjectors.js","statementMap":{"0":{"start":{"line":10,"column":2},"end":{"line":23,"column":4}},"1":{"start":{"line":11,"column":4},"end":{"line":11,"column":36}},"2":{"start":{"line":11,"column":18},"end":{"line":11,"column":36}},"3":{"start":{"line":13,"column":4},"end":{"line":16,"column":6}},"4":{"start":{"line":19,"column":4},"end":{"line":19,"column":100}},"5":{"start":{"line":19,"column":93},"end":{"line":19,"column":100}},"6":{"start":{"line":21,"column":4},"end":{"line":21,"column":42}},"7":{"start":{"line":22,"column":4},"end":{"line":22,"column":64}},"8":{"start":{"line":27,"column":2},"end":{"line":27,"column":20}},"9":{"start":{"line":29,"column":2},"end":{"line":31,"column":4}}},"fnMap":{"0":{"name":"injectReducerFactory","decl":{"start":{"line":9,"column":16},"end":{"line":9,"column":36}},"loc":{"start":{"line":9,"column":53},"end":{"line":24,"column":1}},"line":9},"1":{"name":"injectReducer","decl":{"start":{"line":10,"column":18},"end":{"line":10,"column":31}},"loc":{"start":{"line":10,"column":46},"end":{"line":23,"column":3}},"line":10},"2":{"name":"getInjectors","decl":{"start":{"line":26,"column":24},"end":{"line":26,"column":36}},"loc":{"start":{"line":26,"column":44},"end":{"line":32,"column":1}},"line":26}},"branchMap":{"0":{"loc":{"start":{"line":11,"column":4},"end":{"line":11,"column":36}},"type":"if","locations":[{"start":{"line":11,"column":4},"end":{"line":11,"column":36}},{"start":{"line":11,"column":4},"end":{"line":11,"column":36}}],"line":11},"1":{"loc":{"start":{"line":14,"column":6},"end":{"line":14,"column":59}},"type":"binary-expr","locations":[{"start":{"line":14,"column":6},"end":{"line":14,"column":19}},{"start":{"line":14,"column":23},"end":{"line":14,"column":36}},{"start":{"line":14,"column":40},"end":{"line":14,"column":59}}],"line":14},"2":{"loc":{"start":{"line":19,"column":4},"end":{"line":19,"column":100}},"type":"if","locations":[{"start":{"line":19,"column":4},"end":{"line":19,"column":100}},{"start":{"line":19,"column":4},"end":{"line":19,"column":100}}],"line":19},"3":{"loc":{"start":{"line":19,"column":8},"end":{"line":19,"column":91}},"type":"binary-expr","locations":[{"start":{"line":19,"column":8},"end":{"line":19,"column":48}},{"start":{"line":19,"column":52},"end":{"line":19,"column":91}}],"line":19}},"s":{"0":8,"1":10,"2":1,"3":9,"4":6,"5":1,"6":5,"7":5,"8":3,"9":1},"f":{"0":8,"1":10,"2":3},"b":{"0":[1,9],"1":[9,7,6],"2":[1,5],"3":[6,2]},"_coverageSchema":"332fd63041d2c1bcb487cc26dd0d5f7d97098a6c","hash":"4c3ef327aa1d4dd3beaab6f5310df5ee9b6083ff"}
,"/Users/castlemilk/PycharmProjects/nutry/web/app/utils/sagaInjectors.js": {"path":"/Users/castlemilk/PycharmProjects/nutry/web/app/utils/sagaInjectors.js","statementMap":{"0":{"start":{"line":14,"column":21},"end":{"line":14,"column":68}},"1":{"start":{"line":16,"column":17},"end":{"line":19,"column":1}},"2":{"start":{"line":16,"column":26},"end":{"line":19,"column":1}},"3":{"start":{"line":21,"column":24},"end":{"line":30,"column":1}},"4":{"start":{"line":22,"column":16},"end":{"line":25,"column":3}},"5":{"start":{"line":24,"column":20},"end":{"line":24,"column":65}},"6":{"start":{"line":26,"column":2},"end":{"line":29,"column":4}},"7":{"start":{"line":33,"column":2},"end":{"line":56,"column":4}},"8":{"start":{"line":34,"column":4},"end":{"line":34,"column":36}},"9":{"start":{"line":34,"column":18},"end":{"line":34,"column":36}},"10":{"start":{"line":36,"column":26},"end":{"line":36,"column":88}},"11":{"start":{"line":37,"column":27},"end":{"line":37,"column":40}},"12":{"start":{"line":39,"column":4},"end":{"line":39,"column":18}},"13":{"start":{"line":40,"column":4},"end":{"line":40,"column":35}},"14":{"start":{"line":42,"column":18},"end":{"line":42,"column":55}},"15":{"start":{"line":44,"column":4},"end":{"line":51,"column":5}},"16":{"start":{"line":45,"column":28},"end":{"line":45,"column":52}},"17":{"start":{"line":47,"column":6},"end":{"line":50,"column":7}},"18":{"start":{"line":48,"column":8},"end":{"line":48,"column":36}},"19":{"start":{"line":49,"column":8},"end":{"line":49,"column":24}},"20":{"start":{"line":53,"column":4},"end":{"line":55,"column":5}},"21":{"start":{"line":54,"column":6},"end":{"line":54,"column":87}},"22":{"start":{"line":60,"column":2},"end":{"line":76,"column":4}},"23":{"start":{"line":61,"column":4},"end":{"line":61,"column":36}},"24":{"start":{"line":61,"column":18},"end":{"line":61,"column":36}},"25":{"start":{"line":63,"column":4},"end":{"line":63,"column":18}},"26":{"start":{"line":65,"column":4},"end":{"line":75,"column":5}},"27":{"start":{"line":66,"column":25},"end":{"line":66,"column":49}},"28":{"start":{"line":67,"column":6},"end":{"line":74,"column":7}},"29":{"start":{"line":68,"column":8},"end":{"line":68,"column":33}},"30":{"start":{"line":70,"column":8},"end":{"line":73,"column":9}},"31":{"start":{"line":72,"column":10},"end":{"line":72,"column":44}},"32":{"start":{"line":80,"column":2},"end":{"line":80,"column":20}},"33":{"start":{"line":82,"column":2},"end":{"line":85,"column":4}}},"fnMap":{"0":{"name":"(anonymous_0)","decl":{"start":{"line":16,"column":17},"end":{"line":16,"column":18}},"loc":{"start":{"line":16,"column":26},"end":{"line":19,"column":1}},"line":16},"1":{"name":"(anonymous_1)","decl":{"start":{"line":21,"column":24},"end":{"line":21,"column":25}},"loc":{"start":{"line":21,"column":40},"end":{"line":30,"column":1}},"line":21},"2":{"name":"(anonymous_2)","decl":{"start":{"line":24,"column":10},"end":{"line":24,"column":11}},"loc":{"start":{"line":24,"column":20},"end":{"line":24,"column":65}},"line":24},"3":{"name":"injectSagaFactory","decl":{"start":{"line":32,"column":16},"end":{"line":32,"column":33}},"loc":{"start":{"line":32,"column":50},"end":{"line":57,"column":1}},"line":32},"4":{"name":"injectSaga","decl":{"start":{"line":33,"column":18},"end":{"line":33,"column":28}},"loc":{"start":{"line":33,"column":57},"end":{"line":56,"column":3}},"line":33},"5":{"name":"ejectSagaFactory","decl":{"start":{"line":59,"column":16},"end":{"line":59,"column":32}},"loc":{"start":{"line":59,"column":49},"end":{"line":77,"column":1}},"line":59},"6":{"name":"ejectSaga","decl":{"start":{"line":60,"column":18},"end":{"line":60,"column":27}},"loc":{"start":{"line":60,"column":33},"end":{"line":76,"column":3}},"line":60},"7":{"name":"getInjectors","decl":{"start":{"line":79,"column":24},"end":{"line":79,"column":36}},"loc":{"start":{"line":79,"column":44},"end":{"line":86,"column":1}},"line":79}},"branchMap":{"0":{"loc":{"start":{"line":17,"column":2},"end":{"line":17,"column":32}},"type":"binary-expr","locations":[{"start":{"line":17,"column":2},"end":{"line":17,"column":15}},{"start":{"line":17,"column":19},"end":{"line":17,"column":32}}],"line":17},"1":{"loc":{"start":{"line":24,"column":20},"end":{"line":24,"column":65}},"type":"binary-expr","locations":[{"start":{"line":24,"column":20},"end":{"line":24,"column":34}},{"start":{"line":24,"column":38},"end":{"line":24,"column":65}}],"line":24},"2":{"loc":{"start":{"line":33,"column":34},"end":{"line":33,"column":49}},"type":"default-arg","locations":[{"start":{"line":33,"column":47},"end":{"line":33,"column":49}}],"line":33},"3":{"loc":{"start":{"line":34,"column":4},"end":{"line":34,"column":36}},"type":"if","locations":[{"start":{"line":34,"column":4},"end":{"line":34,"column":36}},{"start":{"line":34,"column":4},"end":{"line":34,"column":36}}],"line":34},"4":{"loc":{"start":{"line":36,"column":49},"end":{"line":36,"column":86}},"type":"binary-expr","locations":[{"start":{"line":36,"column":49},"end":{"line":36,"column":64}},{"start":{"line":36,"column":68},"end":{"line":36,"column":86}}],"line":36},"5":{"loc":{"start":{"line":44,"column":4},"end":{"line":51,"column":5}},"type":"if","locations":[{"start":{"line":44,"column":4},"end":{"line":51,"column":5}},{"start":{"line":44,"column":4},"end":{"line":51,"column":5}}],"line":44},"6":{"loc":{"start":{"line":47,"column":6},"end":{"line":50,"column":7}},"type":"if","locations":[{"start":{"line":47,"column":6},"end":{"line":50,"column":7}},{"start":{"line":47,"column":6},"end":{"line":50,"column":7}}],"line":47},"7":{"loc":{"start":{"line":47,"column":10},"end":{"line":47,"column":48}},"type":"binary-expr","locations":[{"start":{"line":47,"column":10},"end":{"line":47,"column":17}},{"start":{"line":47,"column":21},"end":{"line":47,"column":48}}],"line":47},"8":{"loc":{"start":{"line":53,"column":4},"end":{"line":55,"column":5}},"type":"if","locations":[{"start":{"line":53,"column":4},"end":{"line":55,"column":5}},{"start":{"line":53,"column":4},"end":{"line":55,"column":5}}],"line":53},"9":{"loc":{"start":{"line":53,"column":8},"end":{"line":53,"column":78}},"type":"binary-expr","locations":[{"start":{"line":53,"column":8},"end":{"line":53,"column":16}},{"start":{"line":53,"column":21},"end":{"line":53,"column":28}},{"start":{"line":53,"column":32},"end":{"line":53,"column":47}},{"start":{"line":53,"column":51},"end":{"line":53,"column":77}}],"line":53},"10":{"loc":{"start":{"line":61,"column":4},"end":{"line":61,"column":36}},"type":"if","locations":[{"start":{"line":61,"column":4},"end":{"line":61,"column":36}},{"start":{"line":61,"column":4},"end":{"line":61,"column":36}}],"line":61},"11":{"loc":{"start":{"line":65,"column":4},"end":{"line":75,"column":5}},"type":"if","locations":[{"start":{"line":65,"column":4},"end":{"line":75,"column":5}},{"start":{"line":65,"column":4},"end":{"line":75,"column":5}}],"line":65},"12":{"loc":{"start":{"line":67,"column":6},"end":{"line":74,"column":7}},"type":"if","locations":[{"start":{"line":67,"column":6},"end":{"line":74,"column":7}},{"start":{"line":67,"column":6},"end":{"line":74,"column":7}}],"line":67},"13":{"loc":{"start":{"line":70,"column":8},"end":{"line":73,"column":9}},"type":"if","locations":[{"start":{"line":70,"column":8},"end":{"line":73,"column":9}},{"start":{"line":70,"column":8},"end":{"line":73,"column":9}}],"line":70}},"s":{"0":3,"1":3,"2":36,"3":3,"4":24,"5":24,"6":24,"7":21,"8":27,"9":1,"10":26,"11":26,"12":26,"13":24,"14":20,"15":20,"16":16,"17":16,"18":1,"19":1,"20":20,"21":15,"22":21,"23":11,"24":1,"25":10,"26":8,"27":7,"28":7,"29":4,"30":4,"31":2,"32":2,"33":1},"f":{"0":36,"1":24,"2":24,"3":21,"4":27,"5":21,"6":11,"7":2},"b":{"0":[36,34],"1":[24,23],"2":[1],"3":[1,26],"4":[26,10],"5":[16,4],"6":[1,15],"7":[16,5],"8":[15,5],"9":[20,5,5,2],"10":[1,10],"11":[7,1],"12":[4,3],"13":[2,2]},"_coverageSchema":"332fd63041d2c1bcb487cc26dd0d5f7d97098a6c","hash":"03013c0dea56469d0912dee87d561c0bdf3c0492"}
}
