TN:
SF:/Users/castlemilk/PycharmProjects/nutry/web/app/config.js
FNF:0
FNH:0
DA:1,1
DA:10,1
LF:2
LH:2
BRF:0
BRH:0
end_of_record
TN:
SF:/Users/castlemilk/PycharmProjects/nutry/web/app/configureStore.js
FN:13,configureStore
FNF:1
FNH:1
FNDA:39,configureStore
DA:11,6
DA:17,39
DA:22,39
DA:29,39
DA:40,39
DA:47,39
DA:48,39
DA:49,39
DA:59,39
LF:9
LH:9
BRDA:13,0,0,1
BRDA:29,1,0,1
BRDA:29,1,1,38
BRDA:29,2,0,39
BRDA:29,2,1,39
BRDA:29,2,2,39
BRF:6
BRH:6
end_of_record
TN:
SF:/Users/castlemilk/PycharmProjects/nutry/web/app/i18n.js
FN:19,(anonymous_0)
FN:23,(anonymous_1)
FNF:2
FNH:2
FNDA:5,(anonymous_0)
FNDA:7,(anonymous_1)
DA:13,2
DA:17,2
DA:19,2
DA:20,5
DA:23,5
DA:24,7
DA:25,7
DA:26,1
DA:28,7
DA:32,2
LF:10
LH:10
BRDA:20,0,0,1
BRDA:20,0,1,4
BRDA:25,1,0,1
BRDA:25,1,1,6
BRDA:25,2,0,7
BRDA:25,2,1,1
BRF:6
BRH:6
end_of_record
TN:
SF:/Users/castlemilk/PycharmProjects/nutry/web/app/reducers.js
FN:27,routeReducer
FN:42,createReducer
FNF:2
FNH:2
FNDA:49,routeReducer
FNDA:44,createReducer
DA:20,7
DA:28,49
DA:35,49
DA:43,44
LF:4
LH:4
BRDA:27,0,0,39
BRDA:28,1,0,49
BRF:2
BRH:2
end_of_record
TN:
SF:/Users/castlemilk/PycharmProjects/nutry/web/app/components/CodeEditor/index.js
FN:1,(anonymous_0)
FN:1,defineProperties
FN:1,(anonymous_2)
FN:15,_interopRequireDefault
FN:15,_classCallCheck
FN:15,_possibleConstructorReturn
FN:15,_inherits
FN:24,(anonymous_7)
FN:24,CodeEditor
FN:25,render
FNF:10
FNH:0
FNDA:0,(anonymous_0)
FNDA:0,defineProperties
FNDA:0,(anonymous_2)
FNDA:0,_interopRequireDefault
FNDA:0,_classCallCheck
FNDA:0,_possibleConstructorReturn
FNDA:0,_inherits
FNDA:0,(anonymous_7)
FNDA:0,CodeEditor
FNDA:0,render
DA:1,0
DA:7,0
DA:8,0
DA:15,0
DA:24,0
DA:25,0
DA:28,0
LF:7
LH:0
BRDA:1,0,0,0
BRDA:1,0,1,0
BRDA:1,1,0,0
BRDA:1,1,1,0
BRDA:1,2,0,0
BRDA:1,2,1,0
BRDA:1,3,0,0
BRDA:1,3,1,0
BRDA:15,4,0,0
BRDA:15,4,1,0
BRDA:15,5,0,0
BRDA:15,5,1,0
BRDA:15,6,0,0
BRDA:15,6,1,0
BRDA:15,7,0,0
BRDA:15,7,1,0
BRDA:15,8,0,0
BRDA:15,8,1,0
BRDA:15,9,0,0
BRDA:15,9,1,0
BRDA:15,9,2,0
BRDA:15,10,0,0
BRDA:15,10,1,0
BRDA:15,11,0,0
BRDA:15,11,1,0
BRDA:15,12,0,0
BRDA:15,12,1,0
BRDA:15,13,0,0
BRDA:15,13,1,0
BRDA:15,14,0,0
BRDA:15,14,1,0
BRDA:24,15,0,0
BRDA:24,15,1,0
BRF:33
BRH:0
end_of_record
TN:
SF:/Users/castlemilk/PycharmProjects/nutry/web/app/components/CodeEditor/messages.js
FNF:0
FNH:0
DA:1,0
DA:6,0
DA:8,0
DA:12,0
LF:4
LH:0
BRF:0
BRH:0
end_of_record
TN:
SF:/Users/castlemilk/PycharmProjects/nutry/web/app/components/DetailedCard/Wrapper.js
FN:1,_interopRequireDefault
FNF:1
FNH:0
FNDA:0,_interopRequireDefault
DA:1,0
DA:3,0
LF:2
LH:0
BRDA:1,0,0,0
BRDA:1,0,1,0
BRDA:1,1,0,0
BRDA:1,1,1,0
BRF:4
BRH:0
end_of_record
TN:
SF:/Users/castlemilk/PycharmProjects/nutry/web/app/components/DetailedCard/index.js
FN:1,(anonymous_0)
FN:1,(anonymous_1)
FN:1,defineProperties
FN:1,(anonymous_3)
FN:11,_interopRequireDefault
FN:11,_classCallCheck
FN:11,_possibleConstructorReturn
FN:11,_inherits
FN:16,(anonymous_8)
FN:16,DetailedCard
FN:17,render
FN:20,(anonymous_11)
FN:25,(anonymous_12)
FNF:13
FNH:0
FNDA:0,(anonymous_0)
FNDA:0,(anonymous_1)
FNDA:0,defineProperties
FNDA:0,(anonymous_3)
FNDA:0,_interopRequireDefault
FNDA:0,_classCallCheck
FNDA:0,_possibleConstructorReturn
FNDA:0,_inherits
FNDA:0,(anonymous_8)
FNDA:0,DetailedCard
FNDA:0,render
FNDA:0,(anonymous_11)
FNDA:0,(anonymous_12)
DA:1,0
DA:6,0
DA:7,0
DA:8,0
DA:9,0
DA:10,0
DA:11,0
DA:16,0
DA:18,0
DA:19,0
DA:20,0
DA:26,0
DA:27,0
DA:28,0
DA:34,0
DA:37,0
DA:47,0
DA:50,0
DA:51,0
LF:19
LH:0
BRDA:1,0,0,0
BRDA:1,0,1,0
BRDA:1,1,0,0
BRDA:1,1,1,0
BRDA:1,2,0,0
BRDA:1,2,1,0
BRDA:1,3,0,0
BRDA:1,3,1,0
BRDA:1,4,0,0
BRDA:1,4,1,0
BRDA:1,5,0,0
BRDA:1,5,1,0
BRDA:11,6,0,0
BRDA:11,6,1,0
BRDA:11,7,0,0
BRDA:11,7,1,0
BRDA:11,8,0,0
BRDA:11,8,1,0
BRDA:11,9,0,0
BRDA:11,9,1,0
BRDA:11,10,0,0
BRDA:11,10,1,0
BRDA:11,11,0,0
BRDA:11,11,1,0
BRDA:11,11,2,0
BRDA:11,12,0,0
BRDA:11,12,1,0
BRDA:11,13,0,0
BRDA:11,13,1,0
BRDA:11,14,0,0
BRDA:11,14,1,0
BRDA:11,15,0,0
BRDA:11,15,1,0
BRDA:11,16,0,0
BRDA:11,16,1,0
BRDA:16,17,0,0
BRDA:16,17,1,0
BRF:37
BRH:0
end_of_record
TN:
SF:/Users/castlemilk/PycharmProjects/nutry/web/app/components/DetailedCard/messages.js
FNF:0
FNH:0
DA:1,0
DA:6,0
LF:2
LH:0
BRF:0
BRH:0
end_of_record
TN:
SF:/Users/castlemilk/PycharmProjects/nutry/web/app/components/ExpandableListView/BodyGroup.js
FN:1,_interopRequireDefault
FNF:1
FNH:0
FNDA:0,_interopRequireDefault
DA:1,0
DA:3,0
LF:2
LH:0
BRDA:1,0,0,0
BRDA:1,0,1,0
BRDA:1,1,0,0
BRDA:1,1,1,0
BRF:4
BRH:0
end_of_record
TN:
SF:/Users/castlemilk/PycharmProjects/nutry/web/app/components/ExpandableListView/ListHeader.js
FN:1,(anonymous_0)
FN:1,defineProperties
FN:1,(anonymous_2)
FN:5,_interopRequireDefault
FN:5,_classCallCheck
FN:5,_possibleConstructorReturn
FN:5,_inherits
FN:8,(anonymous_7)
FN:14,ListHeader
FN:19,(anonymous_9)
FN:24,render
FN:29,onClick
FN:36,onClick
FNF:13
FNH:0
FNDA:0,(anonymous_0)
FNDA:0,defineProperties
FNDA:0,(anonymous_2)
FNDA:0,_interopRequireDefault
FNDA:0,_classCallCheck
FNDA:0,_possibleConstructorReturn
FNDA:0,_inherits
FNDA:0,(anonymous_7)
FNDA:0,ListHeader
FNDA:0,(anonymous_9)
FNDA:0,render
FNDA:0,onClick
FNDA:0,onClick
DA:1,0
DA:2,0
DA:3,0
DA:4,0
DA:5,0
DA:8,0
DA:14,0
DA:20,0
DA:21,0
DA:22,0
DA:23,0
DA:24,0
DA:25,0
DA:27,0
DA:28,0
DA:29,0
DA:35,0
DA:36,0
DA:41,0
LF:19
LH:0
BRDA:1,0,0,0
BRDA:1,0,1,0
BRDA:1,1,0,0
BRDA:1,1,1,0
BRDA:1,2,0,0
BRDA:1,2,1,0
BRDA:1,3,0,0
BRDA:1,3,1,0
BRDA:5,4,0,0
BRDA:5,4,1,0
BRDA:5,5,0,0
BRDA:5,5,1,0
BRDA:5,6,0,0
BRDA:5,6,1,0
BRDA:5,7,0,0
BRDA:5,7,1,0
BRDA:5,8,0,0
BRDA:5,8,1,0
BRDA:5,9,0,0
BRDA:5,9,1,0
BRDA:5,9,2,0
BRDA:5,10,0,0
BRDA:5,10,1,0
BRDA:5,11,0,0
BRDA:5,11,1,0
BRDA:5,12,0,0
BRDA:5,12,1,0
BRDA:5,13,0,0
BRDA:5,13,1,0
BRDA:5,14,0,0
BRDA:5,14,1,0
BRDA:14,15,0,0
BRDA:14,15,1,0
BRDA:27,16,0,0
BRDA:27,16,1,0
BRF:35
BRH:0
end_of_record
TN:
SF:/Users/castlemilk/PycharmProjects/nutry/web/app/components/ExpandableListView/ListItem.js
FN:3,_interopRequireDefault
FN:6,ListItem
FNF:2
FNH:0
FNDA:0,_interopRequireDefault
FNDA:0,ListItem
DA:1,0
DA:2,0
DA:3,0
DA:7,0
DA:8,0
DA:15,0
DA:17,0
LF:7
LH:0
BRDA:3,0,0,0
BRDA:3,0,1,0
BRDA:3,1,0,0
BRDA:3,1,1,0
BRDA:10,2,0,0
BRDA:10,2,1,0
BRF:6
BRH:0
end_of_record
TN:
SF:/Users/castlemilk/PycharmProjects/nutry/web/app/components/ExpandableListView/ListItemsManager.js
FN:4,_interopRequireDefault
FN:4,_toConsumableArray
FN:7,ListItemsManager
FN:12,(anonymous_3)
FNF:4
FNH:0
FNDA:0,_interopRequireDefault
FNDA:0,_toConsumableArray
FNDA:0,ListItemsManager
FNDA:0,(anonymous_3)
DA:1,0
DA:2,0
DA:3,0
DA:4,0
DA:8,0
DA:9,0
DA:12,0
DA:22,0
DA:24,0
LF:9
LH:0
BRDA:4,0,0,0
BRDA:4,0,1,0
BRDA:4,1,0,0
BRDA:4,1,1,0
BRDA:4,2,0,0
BRDA:4,2,1,0
BRDA:13,3,0,0
BRDA:13,3,1,0
BRF:8
BRH:0
end_of_record
TN:
SF:/Users/castlemilk/PycharmProjects/nutry/web/app/components/ExpandableListView/ListViewHeader.js
FN:1,_interopRequireDefault
FNF:1
FNH:0
FNDA:0,_interopRequireDefault
DA:1,0
DA:3,0
LF:2
LH:0
BRDA:1,0,0,0
BRDA:1,0,1,0
BRDA:1,1,0,0
BRDA:1,1,1,0
BRF:4
BRH:0
end_of_record
TN:
SF:/Users/castlemilk/PycharmProjects/nutry/web/app/components/ExpandableListView/ListViewItem.js
FN:1,_interopRequireDefault
FNF:1
FNH:0
FNDA:0,_interopRequireDefault
DA:1,0
DA:3,0
LF:2
LH:0
BRDA:1,0,0,0
BRDA:1,0,1,0
BRDA:1,1,0,0
BRDA:1,1,1,0
BRF:4
BRH:0
end_of_record
TN:
SF:/Users/castlemilk/PycharmProjects/nutry/web/app/components/ExpandableListView/Section.js
FN:1,_interopRequireDefault
FNF:1
FNH:0
FNDA:0,_interopRequireDefault
DA:1,0
DA:3,0
LF:2
LH:0
BRDA:1,0,0,0
BRDA:1,0,1,0
BRDA:1,1,0,0
BRDA:1,1,1,0
BRF:4
BRH:0
end_of_record
TN:
SF:/Users/castlemilk/PycharmProjects/nutry/web/app/components/ExpandableListView/Table.js
FN:1,_interopRequireDefault
FNF:1
FNH:0
FNDA:0,_interopRequireDefault
DA:1,0
DA:3,0
LF:2
LH:0
BRDA:1,0,0,0
BRDA:1,0,1,0
BRDA:1,1,0,0
BRDA:1,1,1,0
BRF:4
BRH:0
end_of_record
TN:
SF:/Users/castlemilk/PycharmProjects/nutry/web/app/components/ExpandableListView/Wrapper.js
FN:1,_interopRequireDefault
FNF:1
FNH:0
FNDA:0,_interopRequireDefault
DA:1,0
DA:3,0
LF:2
LH:0
BRDA:1,0,0,0
BRDA:1,0,1,0
BRDA:1,1,0,0
BRDA:1,1,1,0
BRF:4
BRH:0
end_of_record
TN:
SF:/Users/castlemilk/PycharmProjects/nutry/web/app/components/ExpandableListView/index.js
FN:1,(anonymous_0)
FN:1,defineProperties
FN:1,(anonymous_2)
FN:8,_interopRequireDefault
FN:8,_classCallCheck
FN:8,_possibleConstructorReturn
FN:8,_inherits
FN:10,(anonymous_7)
FN:11,ExpandableListView
FN:18,(anonymous_9)
FN:22,render
FN:31,(anonymous_11)
FN:50,(anonymous_12)
FN:56,handleToggle
FNF:14
FNH:0
FNDA:0,(anonymous_0)
FNDA:0,defineProperties
FNDA:0,(anonymous_2)
FNDA:0,_interopRequireDefault
FNDA:0,_classCallCheck
FNDA:0,_possibleConstructorReturn
FNDA:0,_inherits
FNDA:0,(anonymous_7)
FNDA:0,ExpandableListView
FNDA:0,(anonymous_9)
FNDA:0,render
FNDA:0,(anonymous_11)
FNDA:0,(anonymous_12)
FNDA:0,handleToggle
DA:1,0
DA:2,0
DA:3,0
DA:4,0
DA:5,0
DA:6,0
DA:8,0
DA:10,0
DA:11,0
DA:12,0
DA:19,0
DA:20,0
DA:21,0
DA:22,0
DA:24,0
DA:25,0
DA:26,0
DA:28,0
DA:32,0
DA:33,0
DA:34,0
DA:35,0
DA:36,0
DA:37,0
DA:41,0
DA:42,0
DA:50,0
DA:56,0
DA:83,0
DA:85,0
DA:88,0
LF:31
LH:0
BRDA:1,0,0,0
BRDA:1,0,1,0
BRDA:1,1,0,0
BRDA:1,1,1,0
BRDA:1,2,0,0
BRDA:1,2,1,0
BRDA:1,3,0,0
BRDA:1,3,1,0
BRDA:8,4,0,0
BRDA:8,4,1,0
BRDA:8,5,0,0
BRDA:8,5,1,0
BRDA:8,6,0,0
BRDA:8,6,1,0
BRDA:8,7,0,0
BRDA:8,7,1,0
BRDA:8,8,0,0
BRDA:8,8,1,0
BRDA:8,9,0,0
BRDA:8,9,1,0
BRDA:8,9,2,0
BRDA:8,10,0,0
BRDA:8,10,1,0
BRDA:8,11,0,0
BRDA:8,11,1,0
BRDA:8,12,0,0
BRDA:8,12,1,0
BRDA:8,13,0,0
BRDA:8,13,1,0
BRDA:8,14,0,0
BRDA:8,14,1,0
BRDA:11,15,0,0
BRDA:11,15,1,0
BRDA:41,16,0,0
BRDA:41,16,1,0
BRDA:47,17,0,0
BRDA:47,17,1,0
BRF:37
BRH:0
end_of_record
TN:
SF:/Users/castlemilk/PycharmProjects/nutry/web/app/components/FoodProfileTitle/ProfileTitleWrapper.js
FN:1,_interopRequireDefault
FNF:1
FNH:0
FNDA:0,_interopRequireDefault
DA:1,0
DA:3,0
LF:2
LH:0
BRDA:1,0,0,0
BRDA:1,0,1,0
BRDA:1,1,0,0
BRDA:1,1,1,0
BRF:4
BRH:0
end_of_record
TN:
SF:/Users/castlemilk/PycharmProjects/nutry/web/app/components/FoodProfileTitle/index.js
FN:15,_interopRequireDefault
FN:18,FoodProfileTitle
FNF:2
FNH:0
FNDA:0,_interopRequireDefault
FNDA:0,FoodProfileTitle
DA:1,0
DA:7,0
DA:8,0
DA:9,0
DA:14,0
DA:15,0
DA:18,0
DA:20,0
DA:44,0
LF:9
LH:0
BRDA:15,0,0,0
BRDA:15,0,1,0
BRDA:15,1,0,0
BRDA:15,1,1,0
BRDA:24,2,0,0
BRDA:24,2,1,0
BRDA:27,3,0,0
BRDA:27,3,1,0
BRDA:31,4,0,0
BRDA:31,4,1,0
BRF:10
BRH:0
end_of_record
TN:
SF:/Users/castlemilk/PycharmProjects/nutry/web/app/components/FoodProfileTitle/messages.js
FNF:0
FNH:0
DA:1,0
DA:6,0
DA:8,0
DA:12,0
LF:4
LH:0
BRF:0
BRH:0
end_of_record
TN:
SF:/Users/castlemilk/PycharmProjects/nutry/web/app/components/FoodProfileToolBar/FoodProfileToolBarWrapper.js
FN:1,_interopRequireDefault
FNF:1
FNH:0
FNDA:0,_interopRequireDefault
DA:1,0
DA:3,0
LF:2
LH:0
BRDA:1,0,0,0
BRDA:1,0,1,0
BRDA:1,1,0,0
BRDA:1,1,1,0
BRF:4
BRH:0
end_of_record
TN:
SF:/Users/castlemilk/PycharmProjects/nutry/web/app/components/FoodProfileToolBar/index.js
FN:14,_interopRequireDefault
FN:42,FoodProfileToolBar
FN:64,onChange
FN:87,onChange
FNF:4
FNH:0
FNDA:0,_interopRequireDefault
FNDA:0,FoodProfileToolBar
FNDA:0,onChange
FNDA:0,onChange
DA:1,0
DA:7,0
DA:8,0
DA:10,0
DA:11,0
DA:12,0
DA:13,0
DA:14,0
DA:15,0
DA:42,0
DA:43,0
DA:64,0
DA:87,0
DA:96,0
DA:102,0
LF:15
LH:0
BRDA:14,0,0,0
BRDA:14,0,1,0
BRDA:14,1,0,0
BRDA:14,1,1,0
BRDA:46,2,0,0
BRDA:46,2,1,0
BRDA:52,3,0,0
BRDA:52,3,1,0
BRDA:70,4,0,0
BRDA:70,4,1,0
BRDA:75,5,0,0
BRDA:75,5,1,0
BRF:12
BRH:0
end_of_record
TN:
SF:/Users/castlemilk/PycharmProjects/nutry/web/app/components/FoodProfileToolBar/messages.js
FNF:0
FNH:0
DA:1,0
DA:6,0
DA:8,0
DA:12,0
LF:4
LH:0
BRF:0
BRH:0
end_of_record
TN:
SF:/Users/castlemilk/PycharmProjects/nutry/web/app/components/Footer/FooterWrapper.js
FN:1,_interopRequireDefault
FNF:1
FNH:0
FNDA:0,_interopRequireDefault
DA:1,0
DA:3,0
LF:2
LH:0
BRDA:1,0,0,0
BRDA:1,0,1,0
BRDA:1,1,0,0
BRDA:1,1,1,0
BRF:4
BRH:0
end_of_record
TN:
SF:/Users/castlemilk/PycharmProjects/nutry/web/app/components/Footer/index.js
FN:16,_interopRequireDefault
FN:20,Footer
FNF:2
FNH:0
FNDA:0,_interopRequireDefault
FNDA:0,Footer
DA:1,0
DA:7,0
DA:10,0
DA:11,0
DA:14,0
DA:15,0
DA:16,0
DA:21,0
DA:104,0
LF:9
LH:0
BRDA:16,0,0,0
BRDA:16,0,1,0
BRDA:16,1,0,0
BRDA:16,1,1,0
BRF:4
BRH:0
end_of_record
TN:
SF:/Users/castlemilk/PycharmProjects/nutry/web/app/components/Footer/messages.js
FNF:0
FNH:0
DA:1,0
DA:6,0
DA:8,0
DA:12,0
LF:4
LH:0
BRF:0
BRH:0
end_of_record
TN:
SF:/Users/castlemilk/PycharmProjects/nutry/web/app/components/LoadingContent/index.js
FN:10,_interopRequireDefault
FN:16,LoadingContent
FNF:2
FNH:0
FNDA:0,_interopRequireDefault
FNDA:0,LoadingContent
DA:1,0
DA:7,0
DA:8,0
DA:9,0
DA:10,0
DA:16,0
DA:26,0
DA:35,0
DA:38,0
LF:9
LH:0
BRDA:10,0,0,0
BRDA:10,0,1,0
BRDA:10,1,0,0
BRDA:10,1,1,0
BRDA:23,2,0,0
BRDA:23,2,1,0
BRF:6
BRH:0
end_of_record
TN:
SF:/Users/castlemilk/PycharmProjects/nutry/web/app/components/NoResultsFound/NoResultsFoundWrapper.js
FN:1,_interopRequireDefault
FNF:1
FNH:0
FNDA:0,_interopRequireDefault
DA:1,0
DA:3,0
LF:2
LH:0
BRDA:1,0,0,0
BRDA:1,0,1,0
BRDA:1,1,0,0
BRDA:1,1,1,0
BRF:4
BRH:0
end_of_record
TN:
SF:/Users/castlemilk/PycharmProjects/nutry/web/app/components/NoResultsFound/index.js
FN:14,_interopRequireDefault
FN:16,NoResultsFound
FNF:2
FNH:0
FNDA:0,_interopRequireDefault
FNDA:0,NoResultsFound
DA:1,0
DA:7,0
DA:10,0
DA:12,0
DA:13,0
DA:14,0
DA:17,0
DA:31,0
LF:8
LH:0
BRDA:14,0,0,0
BRDA:14,0,1,0
BRDA:14,1,0,0
BRDA:14,1,1,0
BRF:4
BRH:0
end_of_record
TN:
SF:/Users/castlemilk/PycharmProjects/nutry/web/app/components/NoResultsFound/messages.js
FNF:0
FNH:0
DA:1,0
DA:6,0
DA:8,0
DA:12,0
LF:4
LH:0
BRF:0
BRH:0
end_of_record
TN:
SF:/Users/castlemilk/PycharmProjects/nutry/web/app/components/NutrientDisplay/NutrientDisplayWrapper.js
FN:1,_interopRequireDefault
FNF:1
FNH:0
FNDA:0,_interopRequireDefault
DA:1,0
DA:3,0
LF:2
LH:0
BRDA:1,0,0,0
BRDA:1,0,1,0
BRDA:1,1,0,0
BRDA:1,1,1,0
BRF:4
BRH:0
end_of_record
TN:
SF:/Users/castlemilk/PycharmProjects/nutry/web/app/components/NutrientDisplay/index.js
FN:1,(anonymous_0)
FN:1,defineProperties
FN:1,(anonymous_2)
FN:19,_interopRequireDefault
FN:19,_classCallCheck
FN:19,_possibleConstructorReturn
FN:19,_inherits
FN:25,(anonymous_7)
FN:26,NutrientDisplay
FN:32,(anonymous_9)
FN:42,(anonymous_10)
FN:48,(anonymous_11)
FN:52,render
FNF:13
FNH:0
FNDA:0,(anonymous_0)
FNDA:0,defineProperties
FNDA:0,(anonymous_2)
FNDA:0,_interopRequireDefault
FNDA:0,_classCallCheck
FNDA:0,_possibleConstructorReturn
FNDA:0,_inherits
FNDA:0,(anonymous_7)
FNDA:0,NutrientDisplay
FNDA:0,(anonymous_9)
FNDA:0,(anonymous_10)
FNDA:0,(anonymous_11)
FNDA:0,render
DA:1,0
DA:7,0
DA:9,0
DA:11,0
DA:12,0
DA:13,0
DA:14,0
DA:15,0
DA:16,0
DA:17,0
DA:19,0
DA:25,0
DA:26,0
DA:33,0
DA:36,0
DA:40,0
DA:41,0
DA:43,0
DA:47,0
DA:49,0
DA:52,0
DA:54,0
DA:55,0
DA:56,0
DA:61,0
DA:64,0
DA:83,0
DA:252,0
DA:264,0
DA:265,0
DA:270,0
DA:273,0
DA:275,0
LF:33
LH:0
BRDA:1,0,0,0
BRDA:1,0,1,0
BRDA:1,1,0,0
BRDA:1,1,1,0
BRDA:1,2,0,0
BRDA:1,2,1,0
BRDA:1,3,0,0
BRDA:1,3,1,0
BRDA:19,4,0,0
BRDA:19,4,1,0
BRDA:19,5,0,0
BRDA:19,5,1,0
BRDA:19,6,0,0
BRDA:19,6,1,0
BRDA:19,7,0,0
BRDA:19,7,1,0
BRDA:19,8,0,0
BRDA:19,8,1,0
BRDA:19,9,0,0
BRDA:19,9,1,0
BRDA:19,9,2,0
BRDA:19,10,0,0
BRDA:19,10,1,0
BRDA:19,11,0,0
BRDA:19,11,1,0
BRDA:19,12,0,0
BRDA:19,12,1,0
BRDA:19,13,0,0
BRDA:19,13,1,0
BRDA:19,14,0,0
BRDA:19,14,1,0
BRDA:26,15,0,0
BRDA:26,15,1,0
BRDA:264,16,0,0
BRDA:264,16,1,0
BRF:35
BRH:0
end_of_record
TN:
SF:/Users/castlemilk/PycharmProjects/nutry/web/app/components/NutrientDisplay/messages.js
FNF:0
FNH:0
DA:1,0
DA:6,0
DA:8,0
DA:12,0
LF:4
LH:0
BRF:0
BRH:0
end_of_record
TN:
SF:/Users/castlemilk/PycharmProjects/nutry/web/app/components/NutrientProfilePieChart/NutrientProfilePieChartWrapper.js
FN:1,_interopRequireDefault
FNF:1
FNH:0
FNDA:0,_interopRequireDefault
DA:1,0
DA:3,0
LF:2
LH:0
BRDA:1,0,0,0
BRDA:1,0,1,0
BRDA:1,1,0,0
BRDA:1,1,1,0
BRF:4
BRH:0
end_of_record
TN:
SF:/Users/castlemilk/PycharmProjects/nutry/web/app/components/NutrientProfilePieChart/constants.js
FNF:0
FNH:0
DA:1,0
LF:1
LH:0
BRF:0
BRH:0
end_of_record
TN:
SF:/Users/castlemilk/PycharmProjects/nutry/web/app/components/NutrientProfilePieChart/index.js
FN:1,(anonymous_0)
FN:1,defineProperties
FN:1,(anonymous_2)
FN:19,_interopRequireDefault
FN:19,_classCallCheck
FN:19,_possibleConstructorReturn
FN:19,_inherits
FN:24,renderActiveShape
FN:73,getIndexLargestValue
FN:74,(anonymous_9)
FN:83,nutrientToIndex
FN:84,(anonymous_11)
FN:93,(anonymous_12)
FN:94,NutrientProfilePieChart
FN:104,componentWillMount
FN:109,componentWillReceiveProps
FN:126,onPieEnter
FN:133,onFinishedLoading
FN:146,render
FN:155,(anonymous_19)
FN:179,onMouseEnter
FNF:21
FNH:0
FNDA:0,(anonymous_0)
FNDA:0,defineProperties
FNDA:0,(anonymous_2)
FNDA:0,_interopRequireDefault
FNDA:0,_classCallCheck
FNDA:0,_possibleConstructorReturn
FNDA:0,_inherits
FNDA:0,renderActiveShape
FNDA:0,getIndexLargestValue
FNDA:0,(anonymous_9)
FNDA:0,nutrientToIndex
FNDA:0,(anonymous_11)
FNDA:0,(anonymous_12)
FNDA:0,NutrientProfilePieChart
FNDA:0,componentWillMount
FNDA:0,componentWillReceiveProps
FNDA:0,onPieEnter
FNDA:0,onFinishedLoading
FNDA:0,render
FNDA:0,(anonymous_19)
FNDA:0,onMouseEnter
DA:1,0
DA:7,0
DA:8,0
DA:9,0
DA:10,0
DA:13,0
DA:14,0
DA:15,0
DA:17,0
DA:18,0
DA:19,0
DA:24,0
DA:26,0
DA:27,0
DA:28,0
DA:29,0
DA:30,0
DA:31,0
DA:32,0
DA:33,0
DA:34,0
DA:35,0
DA:37,0
DA:74,0
DA:84,0
DA:85,0
DA:86,0
DA:88,0
DA:89,0
DA:91,0
DA:93,0
DA:94,0
DA:99,0
DA:100,0
DA:101,0
DA:102,0
DA:104,0
DA:106,0
DA:107,0
DA:116,0
DA:117,0
DA:118,0
DA:119,0
DA:120,0
DA:122,0
DA:123,0
DA:125,0
DA:130,0
DA:138,0
DA:139,0
DA:140,0
DA:141,0
DA:142,0
DA:148,0
DA:153,0
DA:154,0
DA:155,0
DA:156,0
DA:157,0
DA:158,0
DA:160,0
DA:161,0
DA:179,0
DA:185,0
DA:188,0
DA:194,0
LF:66
LH:0
BRDA:1,0,0,0
BRDA:1,0,1,0
BRDA:1,1,0,0
BRDA:1,1,1,0
BRDA:1,2,0,0
BRDA:1,2,1,0
BRDA:1,3,0,0
BRDA:1,3,1,0
BRDA:19,4,0,0
BRDA:19,4,1,0
BRDA:19,5,0,0
BRDA:19,5,1,0
BRDA:19,6,0,0
BRDA:19,6,1,0
BRDA:19,7,0,0
BRDA:19,7,1,0
BRDA:19,8,0,0
BRDA:19,8,1,0
BRDA:19,9,0,0
BRDA:19,9,1,0
BRDA:19,9,2,0
BRDA:19,10,0,0
BRDA:19,10,1,0
BRDA:19,11,0,0
BRDA:19,11,1,0
BRDA:19,12,0,0
BRDA:19,12,1,0
BRDA:19,13,0,0
BRDA:19,13,1,0
BRDA:19,14,0,0
BRDA:19,14,1,0
BRDA:33,15,0,0
BRDA:33,15,1,0
BRDA:35,16,0,0
BRDA:35,16,1,0
BRDA:59,17,0,0
BRDA:59,17,1,0
BRDA:60,18,0,0
BRDA:60,18,1,0
BRDA:61,19,0,0
BRDA:61,19,1,0
BRDA:62,20,0,0
BRDA:62,20,1,0
BRDA:74,21,0,0
BRDA:74,21,1,0
BRDA:74,22,0,0
BRDA:74,22,1,0
BRDA:85,23,0,0
BRDA:85,23,1,0
BRDA:88,24,0,0
BRDA:88,24,1,0
BRDA:94,25,0,0
BRDA:94,25,1,0
BRDA:102,26,0,0
BRDA:102,26,1,0
BRDA:106,27,0,0
BRDA:106,27,1,0
BRDA:118,28,0,0
BRDA:118,28,1,0
BRDA:119,29,0,0
BRDA:119,29,1,0
BRDA:119,30,0,0
BRDA:119,30,1,0
BRDA:122,31,0,0
BRDA:122,31,1,0
BRDA:141,32,0,0
BRDA:141,32,1,0
BRDA:154,33,0,0
BRDA:154,33,1,0
BRDA:155,34,0,0
BRDA:155,34,1,0
BRDA:164,35,0,0
BRDA:164,35,1,0
BRDA:167,36,0,0
BRDA:167,36,1,0
BRF:75
BRH:0
end_of_record
TN:
SF:/Users/castlemilk/PycharmProjects/nutry/web/app/components/NutrientProfilePieChart/messages.js
FNF:0
FNH:0
DA:1,0
DA:6,0
DA:8,0
DA:12,0
LF:4
LH:0
BRF:0
BRH:0
end_of_record
TN:
SF:/Users/castlemilk/PycharmProjects/nutry/web/app/components/NutrientProfileRankingChart/AxisLabel.js
FN:1,(anonymous_0)
FN:30,_interopRequireDefault
FN:30,renderText
FN:30,AxisLabel
FN:39,(anonymous_4)
FNF:5
FNH:0
FNDA:0,(anonymous_0)
FNDA:0,_interopRequireDefault
FNDA:0,renderText
FNDA:0,AxisLabel
FNDA:0,(anonymous_4)
DA:1,0
DA:30,0
DA:31,0
DA:32,0
DA:33,0
DA:34,0
DA:35,0
DA:37,0
DA:38,0
DA:39,0
DA:51,0
DA:54,0
LF:12
LH:0
BRDA:1,0,0,0
BRDA:1,0,1,0
BRDA:1,1,0,0
BRDA:1,1,1,0
BRDA:30,2,0,0
BRDA:30,2,1,0
BRDA:30,3,0,0
BRDA:30,3,1,0
BRDA:30,4,0,0
BRDA:30,4,1,0
BRDA:30,5,0,0
BRDA:30,5,1,0
BRDA:32,6,0,0
BRDA:32,6,1,0
BRDA:33,7,0,0
BRDA:33,7,1,0
BRDA:34,8,0,0
BRDA:34,8,1,0
BRDA:37,9,0,0
BRDA:37,9,1,0
BRDA:37,10,0,0
BRDA:37,10,1,0
BRF:22
BRH:0
end_of_record
TN:
SF:/Users/castlemilk/PycharmProjects/nutry/web/app/components/NutrientProfileRankingChart/NutrientProfileRankingChartWrapper.js
FN:1,_interopRequireDefault
FNF:1
FNH:0
FNDA:0,_interopRequireDefault
DA:1,0
DA:3,0
LF:2
LH:0
BRDA:1,0,0,0
BRDA:1,0,1,0
BRDA:1,1,0,0
BRDA:1,1,1,0
BRF:4
BRH:0
end_of_record
TN:
SF:/Users/castlemilk/PycharmProjects/nutry/web/app/components/NutrientProfileRankingChart/index.js
FN:1,(anonymous_0)
FN:1,defineProperties
FN:1,(anonymous_2)
FN:19,_interopRequireDefault
FN:19,_classCallCheck
FN:19,_possibleConstructorReturn
FN:19,_inherits
FN:26,CustomTooltip
FN:40,processData
FN:47,(anonymous_9)
FN:48,(anonymous_10)
FN:49,(anonymous_11)
FN:51,getPath
FN:104,CustomShape
FN:110,xLabel
FN:111,(anonymous_15)
FN:111,NutrientProfileRankingChart
FN:118,componentWillMount
FN:123,componentDidMount
FN:134,onFinishedLoading
FN:135,handleBarClick
FN:146,render
FN:186,onClick
FNF:23
FNH:0
FNDA:0,(anonymous_0)
FNDA:0,defineProperties
FNDA:0,(anonymous_2)
FNDA:0,_interopRequireDefault
FNDA:0,_classCallCheck
FNDA:0,_possibleConstructorReturn
FNDA:0,_inherits
FNDA:0,CustomTooltip
FNDA:0,processData
FNDA:0,(anonymous_9)
FNDA:0,(anonymous_10)
FNDA:0,(anonymous_11)
FNDA:0,getPath
FNDA:0,CustomShape
FNDA:0,xLabel
FNDA:0,(anonymous_15)
FNDA:0,NutrientProfileRankingChart
FNDA:0,componentWillMount
FNDA:0,componentDidMount
FNDA:0,onFinishedLoading
FNDA:0,handleBarClick
FNDA:0,render
FNDA:0,onClick
DA:1,0
DA:7,0
DA:8,0
DA:9,0
DA:10,0
DA:12,0
DA:13,0
DA:14,0
DA:16,0
DA:18,0
DA:19,0
DA:26,0
DA:27,0
DA:34,0
DA:36,0
DA:41,0
DA:42,0
DA:43,0
DA:45,0
DA:46,0
DA:47,0
DA:48,0
DA:49,0
DA:51,0
DA:52,0
DA:53,0
DA:54,0
DA:55,0
DA:57,0
DA:58,0
DA:59,0
DA:60,0
DA:63,0
DA:65,0
DA:66,0
DA:69,0
DA:71,0
DA:72,0
DA:75,0
DA:77,0
DA:78,0
DA:81,0
DA:83,0
DA:84,0
DA:87,0
DA:88,0
DA:89,0
DA:91,0
DA:100,0
DA:102,0
DA:104,0
DA:105,0
DA:106,0
DA:108,0
DA:110,0
DA:111,0
DA:120,0
DA:121,0
DA:125,0
DA:138,0
DA:140,0
DA:147,0
DA:154,0
DA:156,0
DA:157,0
DA:158,0
DA:186,0
DA:192,0
DA:195,0
DA:201,0
LF:70
LH:0
BRDA:1,0,0,0
BRDA:1,0,1,0
BRDA:1,1,0,0
BRDA:1,1,1,0
BRDA:1,2,0,0
BRDA:1,2,1,0
BRDA:1,3,0,0
BRDA:1,3,1,0
BRDA:19,4,0,0
BRDA:19,4,1,0
BRDA:19,5,0,0
BRDA:19,5,1,0
BRDA:19,6,0,0
BRDA:19,6,1,0
BRDA:19,7,0,0
BRDA:19,7,1,0
BRDA:19,8,0,0
BRDA:19,8,1,0
BRDA:19,9,0,0
BRDA:19,9,1,0
BRDA:19,9,2,0
BRDA:19,10,0,0
BRDA:19,10,1,0
BRDA:19,11,0,0
BRDA:19,11,1,0
BRDA:19,12,0,0
BRDA:19,12,1,0
BRDA:19,13,0,0
BRDA:19,13,1,0
BRDA:19,14,0,0
BRDA:19,14,1,0
BRDA:26,15,0,0
BRDA:26,15,1,0
BRDA:28,16,0,0
BRDA:28,16,1,0
BRDA:42,17,0,0
BRDA:42,17,1,0
BRDA:49,18,0,0
BRDA:49,18,1,0
BRDA:53,19,0,0
BRDA:53,19,1,0
BRDA:54,20,0,0
BRDA:54,20,1,0
BRDA:57,21,0,0
BRDA:57,21,1,0
BRDA:57,22,0,0
BRDA:57,22,1,0
BRDA:60,23,0,0
BRDA:60,23,1,0
BRDA:65,24,0,0
BRDA:65,24,1,0
BRDA:71,25,0,0
BRDA:71,25,1,0
BRDA:77,26,0,0
BRDA:77,26,1,0
BRDA:83,27,0,0
BRDA:83,27,1,0
BRDA:88,28,0,0
BRDA:88,28,1,0
BRDA:88,29,0,0
BRDA:88,29,1,0
BRDA:88,29,2,0
BRDA:108,30,0,0
BRDA:108,30,1,0
BRDA:111,31,0,0
BRDA:111,31,1,0
BRDA:120,32,0,0
BRDA:120,32,1,0
BRDA:157,33,0,0
BRDA:157,33,1,0
BRDA:161,34,0,0
BRDA:161,34,1,0
BRDA:164,35,0,0
BRDA:164,35,1,0
BRF:74
BRH:0
end_of_record
TN:
SF:/Users/castlemilk/PycharmProjects/nutry/web/app/components/NutrientProfileRankingChart/messages.js
FNF:0
FNH:0
DA:1,0
DA:6,0
DA:8,0
DA:12,0
LF:4
LH:0
BRF:0
BRH:0
end_of_record
TN:
SF:/Users/castlemilk/PycharmProjects/nutry/web/app/components/NutrientRow/constants.js
FNF:0
FNH:0
DA:1,0
DA:2,0
DA:3,0
DA:4,0
DA:5,0
LF:5
LH:0
BRF:0
BRH:0
end_of_record
TN:
SF:/Users/castlemilk/PycharmProjects/nutry/web/app/components/NutrientRow/index.js
FN:1,(anonymous_0)
FN:1,defineProperties
FN:1,(anonymous_2)
FN:12,_interopRequireDefault
FN:12,_classCallCheck
FN:12,_possibleConstructorReturn
FN:12,_inherits
FN:23,(anonymous_7)
FN:24,NutrientRow
FN:36,shouldComponentUpdate
FN:39,makeSafe
FN:42,safeHoverTransistion
FN:44,(anonymous_12)
FN:45,handleMouseEnter
FN:51,(anonymous_14)
FN:53,handleMouseOut
FN:59,render
FN:140,onMouseLeave
FN:140,onMouseEnter
FN:140,onClick
FN:144,onClick
FNF:21
FNH:0
FNDA:0,(anonymous_0)
FNDA:0,defineProperties
FNDA:0,(anonymous_2)
FNDA:0,_interopRequireDefault
FNDA:0,_classCallCheck
FNDA:0,_possibleConstructorReturn
FNDA:0,_inherits
FNDA:0,(anonymous_7)
FNDA:0,NutrientRow
FNDA:0,shouldComponentUpdate
FNDA:0,makeSafe
FNDA:0,safeHoverTransistion
FNDA:0,(anonymous_12)
FNDA:0,handleMouseEnter
FNDA:0,(anonymous_14)
FNDA:0,handleMouseOut
FNDA:0,render
FNDA:0,onMouseLeave
FNDA:0,onMouseEnter
FNDA:0,onClick
FNDA:0,onClick
DA:1,0
DA:7,0
DA:8,0
DA:9,0
DA:10,0
DA:11,0
DA:12,0
DA:23,0
DA:24,0
DA:26,0
DA:28,0
DA:36,0
DA:38,0
DA:41,0
DA:43,0
DA:44,0
DA:46,0
DA:47,0
DA:51,0
DA:57,0
DA:60,0
DA:67,0
DA:68,0
DA:69,0
DA:70,0
DA:71,0
DA:72,0
DA:73,0
DA:74,0
DA:75,0
DA:76,0
DA:77,0
DA:78,0
DA:79,0
DA:80,0
DA:81,0
DA:82,0
DA:83,0
DA:84,0
DA:85,0
DA:86,0
DA:87,0
DA:88,0
DA:89,0
DA:91,0
DA:100,0
DA:111,0
DA:118,0
DA:125,0
DA:140,0
DA:144,0
DA:148,0
DA:150,0
DA:159,0
LF:54
LH:0
BRDA:1,0,0,0
BRDA:1,0,1,0
BRDA:1,1,0,0
BRDA:1,1,1,0
BRDA:1,2,0,0
BRDA:1,2,1,0
BRDA:1,3,0,0
BRDA:1,3,1,0
BRDA:12,4,0,0
BRDA:12,4,1,0
BRDA:12,5,0,0
BRDA:12,5,1,0
BRDA:12,6,0,0
BRDA:12,6,1,0
BRDA:12,7,0,0
BRDA:12,7,1,0
BRDA:12,8,0,0
BRDA:12,8,1,0
BRDA:12,9,0,0
BRDA:12,9,1,0
BRDA:12,9,2,0
BRDA:12,10,0,0
BRDA:12,10,1,0
BRDA:12,11,0,0
BRDA:12,11,1,0
BRDA:12,12,0,0
BRDA:12,12,1,0
BRDA:12,13,0,0
BRDA:12,13,1,0
BRDA:12,14,0,0
BRDA:12,14,1,0
BRDA:24,15,0,0
BRDA:24,15,1,0
BRDA:38,16,0,0
BRDA:38,16,1,0
BRDA:70,17,0,0
BRDA:70,17,1,0
BRDA:76,18,0,0
BRDA:76,18,1,0
BRDA:76,18,2,0
BRDA:76,18,3,0
BRDA:77,19,0,0
BRDA:77,19,1,0
BRDA:77,19,2,0
BRDA:77,19,3,0
BRDA:78,20,0,0
BRDA:78,20,1,0
BRDA:78,20,2,0
BRDA:78,20,3,0
BRDA:81,21,0,0
BRDA:81,21,1,0
BRDA:83,22,0,0
BRDA:83,22,1,0
BRDA:85,23,0,0
BRDA:85,23,1,0
BRDA:88,24,0,0
BRDA:88,24,1,0
BRDA:95,25,0,0
BRDA:95,25,1,0
BRDA:96,26,0,0
BRDA:96,26,1,0
BRDA:98,27,0,0
BRDA:98,27,1,0
BRDA:114,28,0,0
BRDA:114,28,1,0
BRDA:121,29,0,0
BRDA:121,29,1,0
BRDA:141,30,0,0
BRDA:141,30,1,0
BRDA:142,31,0,0
BRDA:142,31,1,0
BRDA:143,32,0,0
BRDA:143,32,1,0
BRDA:144,33,0,0
BRDA:144,33,1,0
BRF:75
BRH:0
end_of_record
TN:
SF:/Users/castlemilk/PycharmProjects/nutry/web/app/components/NutrientRow/messages.js
FNF:0
FNH:0
DA:1,0
DA:6,0
DA:8,0
DA:12,0
LF:4
LH:0
BRF:0
BRH:0
end_of_record
TN:
SF:/Users/castlemilk/PycharmProjects/nutry/web/app/components/NutryAnimationOne/NutryAnimationOneWrapper.js
FN:1,_interopRequireDefault
FNF:1
FNH:0
FNDA:0,_interopRequireDefault
DA:1,0
DA:3,0
LF:2
LH:0
BRDA:1,0,0,0
BRDA:1,0,1,0
BRDA:1,1,0,0
BRDA:1,1,1,0
BRF:4
BRH:0
end_of_record
TN:
SF:/Users/castlemilk/PycharmProjects/nutry/web/app/components/NutryAnimationOne/index.js
FN:26,_interopRequireDefault
FN:67,getXPosition
FN:70,getYPosition
FN:73,NutryAnimationOne
FN:106,delay
FN:108,translateX
FN:109,translateY
FN:113,(anonymous_7)
FN:120,delay
FN:122,translateX
FN:123,translateY
FN:127,(anonymous_11)
FNF:12
FNH:0
FNDA:0,_interopRequireDefault
FNDA:0,getXPosition
FNDA:0,getYPosition
FNDA:0,NutryAnimationOne
FNDA:0,delay
FNDA:0,translateX
FNDA:0,translateY
FNDA:0,(anonymous_7)
FNDA:0,delay
FNDA:0,translateX
FNDA:0,translateY
FNDA:0,(anonymous_11)
DA:1,0
DA:7,0
DA:8,0
DA:11,0
DA:12,0
DA:13,0
DA:14,0
DA:15,0
DA:16,0
DA:17,0
DA:18,0
DA:19,0
DA:21,0
DA:22,0
DA:23,0
DA:24,0
DA:25,0
DA:26,0
DA:27,0
DA:53,0
DA:68,0
DA:71,0
DA:74,0
DA:75,0
DA:106,0
DA:108,0
DA:109,0
DA:113,0
DA:120,0
DA:122,0
DA:123,0
DA:127,0
DA:133,0
LF:33
LH:0
BRDA:26,0,0,0
BRDA:26,0,1,0
BRDA:26,1,0,0
BRDA:26,1,1,0
BRF:4
BRH:0
end_of_record
TN:
SF:/Users/castlemilk/PycharmProjects/nutry/web/app/components/NutryArchitecture/NutryArchitectureWrapper.js
FN:1,_interopRequireDefault
FNF:1
FNH:0
FNDA:0,_interopRequireDefault
DA:1,0
DA:3,0
LF:2
LH:0
BRDA:1,0,0,0
BRDA:1,0,1,0
BRDA:1,1,0,0
BRDA:1,1,1,0
BRF:4
BRH:0
end_of_record
TN:
SF:/Users/castlemilk/PycharmProjects/nutry/web/app/components/NutryArchitecture/index.js
FN:19,_interopRequireDefault
FN:59,NutryArchitecture
FN:60,(anonymous_2)
FN:61,onFocus
FN:61,onMouseOver
FNF:5
FNH:0
FNDA:0,_interopRequireDefault
FNDA:0,NutryArchitecture
FNDA:0,(anonymous_2)
FNDA:0,onFocus
FNDA:0,onMouseOver
DA:1,0
DA:7,0
DA:9,0
DA:10,0
DA:11,0
DA:12,0
DA:13,0
DA:14,0
DA:15,0
DA:16,0
DA:17,0
DA:19,0
DA:20,0
DA:60,0
DA:61,0
DA:63,0
DA:70,0
LF:17
LH:0
BRDA:19,0,0,0
BRDA:19,0,1,0
BRDA:19,1,0,0
BRDA:19,1,1,0
BRF:4
BRH:0
end_of_record
TN:
SF:/Users/castlemilk/PycharmProjects/nutry/web/app/components/ProfilerAddElement/ProfilerAddElementWrapper.js
FN:1,_interopRequireDefault
FNF:1
FNH:0
FNDA:0,_interopRequireDefault
DA:1,0
DA:3,0
LF:2
LH:0
BRDA:1,0,0,0
BRDA:1,0,1,0
BRDA:1,1,0,0
BRDA:1,1,1,0
BRF:4
BRH:0
end_of_record
TN:
SF:/Users/castlemilk/PycharmProjects/nutry/web/app/components/ProfilerAddElement/index.js
FN:11,_interopRequireDefault
FN:13,ProfilerAddElement
FNF:2
FNH:0
FNDA:0,_interopRequireDefault
FNDA:0,ProfilerAddElement
DA:1,0
DA:7,0
DA:8,0
DA:9,0
DA:10,0
DA:11,0
DA:14,0
DA:26,0
LF:8
LH:0
BRDA:11,0,0,0
BRDA:11,0,1,0
BRDA:11,1,0,0
BRDA:11,1,1,0
BRF:4
BRH:0
end_of_record
TN:
SF:/Users/castlemilk/PycharmProjects/nutry/web/app/components/ProfilerAddElement/messages.js
FNF:0
FNH:0
DA:1,0
DA:6,0
DA:8,0
DA:12,0
LF:4
LH:0
BRF:0
BRH:0
end_of_record
TN:
SF:/Users/castlemilk/PycharmProjects/nutry/web/app/components/ProfilerDeleteElement/ProfilerDeleteElementWrapper.js
FN:1,_interopRequireDefault
FNF:1
FNH:0
FNDA:0,_interopRequireDefault
DA:1,0
DA:3,0
LF:2
LH:0
BRDA:1,0,0,0
BRDA:1,0,1,0
BRDA:1,1,0,0
BRDA:1,1,1,0
BRF:4
BRH:0
end_of_record
TN:
SF:/Users/castlemilk/PycharmProjects/nutry/web/app/components/ProfilerDeleteElement/index.js
FN:11,_interopRequireDefault
FN:15,ProfilerDeleteElement
FNF:2
FNH:0
FNDA:0,_interopRequireDefault
FNDA:0,ProfilerDeleteElement
DA:1,0
DA:7,0
DA:8,0
DA:9,0
DA:11,0
DA:15,0
DA:24,0
DA:25,0
LF:8
LH:0
BRDA:11,0,0,0
BRDA:11,0,1,0
BRDA:11,1,0,0
BRDA:11,1,1,0
BRF:4
BRH:0
end_of_record
TN:
SF:/Users/castlemilk/PycharmProjects/nutry/web/app/components/ProfilerElement/ProfilerElementWrapper.js
FN:1,_interopRequireDefault
FNF:1
FNH:0
FNDA:0,_interopRequireDefault
DA:1,0
DA:3,0
LF:2
LH:0
BRDA:1,0,0,0
BRDA:1,0,1,0
BRDA:1,1,0,0
BRDA:1,1,1,0
BRF:4
BRH:0
end_of_record
TN:
SF:/Users/castlemilk/PycharmProjects/nutry/web/app/components/ProfilerElement/index.js
FN:1,(anonymous_0)
FN:1,defineProperties
FN:1,(anonymous_2)
FN:12,_interopRequireDefault
FN:12,_classCallCheck
FN:12,_possibleConstructorReturn
FN:12,_inherits
FN:31,(anonymous_7)
FN:31,ProfilerElement
FN:32,render
FN:51,ref
FN:59,onChange
FN:64,onChange
FN:67,onClick
FNF:14
FNH:0
FNDA:0,(anonymous_0)
FNDA:0,defineProperties
FNDA:0,(anonymous_2)
FNDA:0,_interopRequireDefault
FNDA:0,_classCallCheck
FNDA:0,_possibleConstructorReturn
FNDA:0,_inherits
FNDA:0,(anonymous_7)
FNDA:0,ProfilerElement
FNDA:0,render
FNDA:0,ref
FNDA:0,onChange
FNDA:0,onChange
FNDA:0,onClick
DA:1,0
DA:7,0
DA:8,0
DA:9,0
DA:10,0
DA:11,0
DA:12,0
DA:22,0
DA:31,0
DA:43,0
DA:44,0
DA:45,0
DA:51,0
DA:59,0
DA:64,0
DA:67,0
DA:73,0
DA:76,0
DA:82,0
LF:19
LH:0
BRDA:1,0,0,0
BRDA:1,0,1,0
BRDA:1,1,0,0
BRDA:1,1,1,0
BRDA:1,2,0,0
BRDA:1,2,1,0
BRDA:1,3,0,0
BRDA:1,3,1,0
BRDA:12,4,0,0
BRDA:12,4,1,0
BRDA:12,5,0,0
BRDA:12,5,1,0
BRDA:12,6,0,0
BRDA:12,6,1,0
BRDA:12,7,0,0
BRDA:12,7,1,0
BRDA:12,8,0,0
BRDA:12,8,1,0
BRDA:12,9,0,0
BRDA:12,9,1,0
BRDA:12,9,2,0
BRDA:12,10,0,0
BRDA:12,10,1,0
BRDA:12,11,0,0
BRDA:12,11,1,0
BRDA:12,12,0,0
BRDA:12,12,1,0
BRDA:12,13,0,0
BRDA:12,13,1,0
BRDA:12,14,0,0
BRDA:12,14,1,0
BRDA:31,15,0,0
BRDA:31,15,1,0
BRF:33
BRH:0
end_of_record
TN:
SF:/Users/castlemilk/PycharmProjects/nutry/web/app/components/ProfilerElement/messages.js
FNF:0
FNH:0
DA:1,0
DA:6,0
DA:8,0
DA:12,0
LF:4
LH:0
BRF:0
BRH:0
end_of_record
TN:
SF:/Users/castlemilk/PycharmProjects/nutry/web/app/components/ProfilerExpandableList/BodyGroup.js
FN:1,_interopRequireDefault
FNF:1
FNH:0
FNDA:0,_interopRequireDefault
DA:1,0
DA:3,0
LF:2
LH:0
BRDA:1,0,0,0
BRDA:1,0,1,0
BRDA:1,1,0,0
BRDA:1,1,1,0
BRF:4
BRH:0
end_of_record
TN:
SF:/Users/castlemilk/PycharmProjects/nutry/web/app/components/ProfilerExpandableList/ListHeader.js
FN:1,(anonymous_0)
FN:1,defineProperties
FN:1,(anonymous_2)
FN:5,_interopRequireDefault
FN:5,_classCallCheck
FN:5,_possibleConstructorReturn
FN:5,_inherits
FN:8,(anonymous_7)
FN:14,ListHeader
FN:19,(anonymous_9)
FN:24,render
FN:29,onClick
FN:36,onClick
FNF:13
FNH:0
FNDA:0,(anonymous_0)
FNDA:0,defineProperties
FNDA:0,(anonymous_2)
FNDA:0,_interopRequireDefault
FNDA:0,_classCallCheck
FNDA:0,_possibleConstructorReturn
FNDA:0,_inherits
FNDA:0,(anonymous_7)
FNDA:0,ListHeader
FNDA:0,(anonymous_9)
FNDA:0,render
FNDA:0,onClick
FNDA:0,onClick
DA:1,0
DA:2,0
DA:3,0
DA:4,0
DA:5,0
DA:8,0
DA:14,0
DA:20,0
DA:21,0
DA:22,0
DA:23,0
DA:24,0
DA:25,0
DA:27,0
DA:28,0
DA:29,0
DA:35,0
DA:36,0
DA:41,0
LF:19
LH:0
BRDA:1,0,0,0
BRDA:1,0,1,0
BRDA:1,1,0,0
BRDA:1,1,1,0
BRDA:1,2,0,0
BRDA:1,2,1,0
BRDA:1,3,0,0
BRDA:1,3,1,0
BRDA:5,4,0,0
BRDA:5,4,1,0
BRDA:5,5,0,0
BRDA:5,5,1,0
BRDA:5,6,0,0
BRDA:5,6,1,0
BRDA:5,7,0,0
BRDA:5,7,1,0
BRDA:5,8,0,0
BRDA:5,8,1,0
BRDA:5,9,0,0
BRDA:5,9,1,0
BRDA:5,9,2,0
BRDA:5,10,0,0
BRDA:5,10,1,0
BRDA:5,11,0,0
BRDA:5,11,1,0
BRDA:5,12,0,0
BRDA:5,12,1,0
BRDA:5,13,0,0
BRDA:5,13,1,0
BRDA:5,14,0,0
BRDA:5,14,1,0
BRDA:14,15,0,0
BRDA:14,15,1,0
BRDA:27,16,0,0
BRDA:27,16,1,0
BRF:35
BRH:0
end_of_record
TN:
SF:/Users/castlemilk/PycharmProjects/nutry/web/app/components/ProfilerExpandableList/ListItem.js
FN:3,_interopRequireDefault
FN:6,ListItem
FNF:2
FNH:0
FNDA:0,_interopRequireDefault
FNDA:0,ListItem
DA:1,0
DA:2,0
DA:3,0
DA:7,0
DA:8,0
DA:15,0
DA:17,0
LF:7
LH:0
BRDA:3,0,0,0
BRDA:3,0,1,0
BRDA:3,1,0,0
BRDA:3,1,1,0
BRDA:10,2,0,0
BRDA:10,2,1,0
BRF:6
BRH:0
end_of_record
TN:
SF:/Users/castlemilk/PycharmProjects/nutry/web/app/components/ProfilerExpandableList/ListItemsManager.js
FN:5,_interopRequireDefault
FN:5,_toConsumableArray
FN:7,ListItemsManager
FN:13,(anonymous_3)
FNF:4
FNH:0
FNDA:0,_interopRequireDefault
FNDA:0,_toConsumableArray
FNDA:0,ListItemsManager
FNDA:0,(anonymous_3)
DA:1,0
DA:2,0
DA:3,0
DA:4,0
DA:5,0
DA:8,0
DA:9,0
DA:13,0
DA:24,0
DA:26,0
LF:10
LH:0
BRDA:5,0,0,0
BRDA:5,0,1,0
BRDA:5,1,0,0
BRDA:5,1,1,0
BRDA:5,2,0,0
BRDA:5,2,1,0
BRDA:14,3,0,0
BRDA:14,3,1,0
BRF:8
BRH:0
end_of_record
TN:
SF:/Users/castlemilk/PycharmProjects/nutry/web/app/components/ProfilerExpandableList/ListViewHeader.js
FN:1,_interopRequireDefault
FNF:1
FNH:0
FNDA:0,_interopRequireDefault
DA:1,0
DA:3,0
LF:2
LH:0
BRDA:1,0,0,0
BRDA:1,0,1,0
BRDA:1,1,0,0
BRDA:1,1,1,0
BRF:4
BRH:0
end_of_record
TN:
SF:/Users/castlemilk/PycharmProjects/nutry/web/app/components/ProfilerExpandableList/ListViewItem.js
FN:1,_interopRequireDefault
FNF:1
FNH:0
FNDA:0,_interopRequireDefault
DA:1,0
DA:3,0
LF:2
LH:0
BRDA:1,0,0,0
BRDA:1,0,1,0
BRDA:1,1,0,0
BRDA:1,1,1,0
BRF:4
BRH:0
end_of_record
TN:
SF:/Users/castlemilk/PycharmProjects/nutry/web/app/components/ProfilerExpandableList/ProfilerExpandableList.js
FN:1,(anonymous_0)
FN:1,defineProperties
FN:1,(anonymous_2)
FN:7,_interopRequireDefault
FN:7,_classCallCheck
FN:7,_possibleConstructorReturn
FN:7,_inherits
FN:11,(anonymous_7)
FN:18,ProfilerExpandableList
FN:25,(anonymous_9)
FN:31,render
FN:45,(anonymous_11)
FN:65,(anonymous_12)
FN:72,handleToggle
FNF:14
FNH:0
FNDA:0,(anonymous_0)
FNDA:0,defineProperties
FNDA:0,(anonymous_2)
FNDA:0,_interopRequireDefault
FNDA:0,_classCallCheck
FNDA:0,_possibleConstructorReturn
FNDA:0,_inherits
FNDA:0,(anonymous_7)
FNDA:0,ProfilerExpandableList
FNDA:0,(anonymous_9)
FNDA:0,render
FNDA:0,(anonymous_11)
FNDA:0,(anonymous_12)
FNDA:0,handleToggle
DA:1,0
DA:2,0
DA:3,0
DA:4,0
DA:5,0
DA:7,0
DA:11,0
DA:18,0
DA:19,0
DA:26,0
DA:27,0
DA:28,0
DA:31,0
DA:33,0
DA:35,0
DA:36,0
DA:41,0
DA:46,0
DA:47,0
DA:48,0
DA:49,0
DA:50,0
DA:52,0
DA:56,0
DA:57,0
DA:65,0
DA:72,0
DA:97,0
LF:28
LH:0
BRDA:1,0,0,0
BRDA:1,0,1,0
BRDA:1,1,0,0
BRDA:1,1,1,0
BRDA:1,2,0,0
BRDA:1,2,1,0
BRDA:1,3,0,0
BRDA:1,3,1,0
BRDA:7,4,0,0
BRDA:7,4,1,0
BRDA:7,5,0,0
BRDA:7,5,1,0
BRDA:7,6,0,0
BRDA:7,6,1,0
BRDA:7,7,0,0
BRDA:7,7,1,0
BRDA:7,8,0,0
BRDA:7,8,1,0
BRDA:7,9,0,0
BRDA:7,9,1,0
BRDA:7,9,2,0
BRDA:7,10,0,0
BRDA:7,10,1,0
BRDA:7,11,0,0
BRDA:7,11,1,0
BRDA:7,12,0,0
BRDA:7,12,1,0
BRDA:7,13,0,0
BRDA:7,13,1,0
BRDA:7,14,0,0
BRDA:7,14,1,0
BRDA:18,15,0,0
BRDA:18,15,1,0
BRDA:56,16,0,0
BRDA:56,16,1,0
BRDA:62,17,0,0
BRDA:62,17,1,0
BRF:37
BRH:0
end_of_record
TN:
SF:/Users/castlemilk/PycharmProjects/nutry/web/app/components/ProfilerExpandableList/Table.js
FN:1,_interopRequireDefault
FNF:1
FNH:0
FNDA:0,_interopRequireDefault
DA:1,0
DA:3,0
LF:2
LH:0
BRDA:1,0,0,0
BRDA:1,0,1,0
BRDA:1,1,0,0
BRDA:1,1,1,0
BRF:4
BRH:0
end_of_record
TN:
SF:/Users/castlemilk/PycharmProjects/nutry/web/app/components/ProfilerExpandableList/Wrapper.js
FN:1,_interopRequireDefault
FNF:1
FNH:0
FNDA:0,_interopRequireDefault
DA:1,0
DA:3,0
LF:2
LH:0
BRDA:1,0,0,0
BRDA:1,0,1,0
BRDA:1,1,0,0
BRDA:1,1,1,0
BRF:4
BRH:0
end_of_record
TN:
SF:/Users/castlemilk/PycharmProjects/nutry/web/app/components/ProfilerExpandableList/index.js
FN:6,_interopRequireDefault
FNF:1
FNH:0
FNDA:0,_interopRequireDefault
DA:1,0
DA:6,0
LF:2
LH:0
BRDA:6,0,0,0
BRDA:6,0,1,0
BRDA:6,1,0,0
BRDA:6,1,1,0
BRF:4
BRH:0
end_of_record
TN:
SF:/Users/castlemilk/PycharmProjects/nutry/web/app/components/ResultsList/index.js
FN:1,(anonymous_0)
FN:10,_interopRequireDefault
FN:12,ResultsList
FN:14,(anonymous_3)
FN:19,onClick
FNF:5
FNH:0
FNDA:0,(anonymous_0)
FNDA:0,_interopRequireDefault
FNDA:0,ResultsList
FNDA:0,(anonymous_3)
FNDA:0,onClick
DA:1,0
DA:7,0
DA:8,0
DA:9,0
DA:10,0
DA:13,0
DA:14,0
DA:15,0
DA:16,0
DA:19,0
DA:21,0
DA:28,0
DA:30,0
LF:13
LH:0
BRDA:1,0,0,0
BRDA:1,0,1,0
BRDA:1,1,0,0
BRDA:1,1,1,0
BRDA:10,2,0,0
BRDA:10,2,1,0
BRDA:10,3,0,0
BRDA:10,3,1,0
BRDA:14,4,0,0
BRDA:14,4,1,0
BRF:10
BRH:0
end_of_record
TN:
SF:/Users/castlemilk/PycharmProjects/nutry/web/app/components/ResultsList/messages.js
FNF:0
FNH:0
DA:1,0
DA:6,0
DA:8,0
DA:12,0
LF:4
LH:0
BRF:0
BRH:0
end_of_record
TN:
SF:/Users/castlemilk/PycharmProjects/nutry/web/app/components/SearchBar/SearchBarWrapper.js
FN:1,_interopRequireDefault
FNF:1
FNH:0
FNDA:0,_interopRequireDefault
DA:1,0
DA:3,0
LF:2
LH:0
BRDA:1,0,0,0
BRDA:1,0,1,0
BRDA:1,1,0,0
BRDA:1,1,1,0
BRF:4
BRH:0
end_of_record
TN:
SF:/Users/castlemilk/PycharmProjects/nutry/web/app/components/SearchBar/index.js
FN:9,_interopRequireDefault
FN:9,_interopRequireWildcard
FN:24,SearchBar
FNF:3
FNH:0
FNDA:0,_interopRequireDefault
FNDA:0,_interopRequireWildcard
FNDA:0,SearchBar
DA:1,0
DA:7,0
DA:8,0
DA:9,0
DA:11,0
DA:25,0
DA:43,0
DA:47,0
LF:8
LH:0
BRDA:9,0,0,0
BRDA:9,0,1,0
BRDA:9,1,0,0
BRDA:9,1,1,0
BRDA:9,2,0,0
BRDA:9,2,1,0
BRDA:9,3,0,0
BRDA:9,3,1,0
BRDA:9,4,0,0
BRDA:9,4,1,0
BRDA:9,5,0,0
BRDA:9,5,1,0
BRF:12
BRH:0
end_of_record
TN:
SF:/Users/castlemilk/PycharmProjects/nutry/web/app/components/SearchBar/messages.js
FNF:0
FNH:0
DA:1,0
DA:6,0
DA:8,0
DA:12,0
LF:4
LH:0
BRF:0
BRH:0
end_of_record
TN:
SF:/Users/castlemilk/PycharmProjects/nutry/web/app/components/SearchHeader/SearchHeaderWrapper.js
FN:1,_interopRequireDefault
FNF:1
FNH:0
FNDA:0,_interopRequireDefault
DA:1,0
DA:3,0
LF:2
LH:0
BRDA:1,0,0,0
BRDA:1,0,1,0
BRDA:1,1,0,0
BRDA:1,1,1,0
BRF:4
BRH:0
end_of_record
TN:
SF:/Users/castlemilk/PycharmProjects/nutry/web/app/components/SearchHeader/index.js
FN:11,_interopRequireDefault
FN:12,SearchHeader
FNF:2
FNH:0
FNDA:0,_interopRequireDefault
FNDA:0,SearchHeader
DA:1,0
DA:7,0
DA:8,0
DA:9,0
DA:10,0
DA:11,0
DA:13,0
DA:44,0
DA:45,0
LF:9
LH:0
BRDA:11,0,0,0
BRDA:11,0,1,0
BRDA:11,1,0,0
BRDA:11,1,1,0
BRF:4
BRH:0
end_of_record
TN:
SF:/Users/castlemilk/PycharmProjects/nutry/web/app/components/SearchHeader/messages.js
FNF:0
FNH:0
DA:1,0
DA:6,0
DA:8,0
DA:12,0
LF:4
LH:0
BRF:0
BRH:0
end_of_record
TN:
SF:/Users/castlemilk/PycharmProjects/nutry/web/app/components/SearchResultCard/Wrapper.js
FN:1,_interopRequireDefault
FNF:1
FNH:0
FNDA:0,_interopRequireDefault
DA:1,0
DA:3,0
LF:2
LH:0
BRDA:1,0,0,0
BRDA:1,0,1,0
BRDA:1,1,0,0
BRDA:1,1,1,0
BRF:4
BRH:0
end_of_record
TN:
SF:/Users/castlemilk/PycharmProjects/nutry/web/app/components/SearchResultCard/index.js
FN:9,_interopRequireDefault
FN:11,SearchResultCard
FNF:2
FNH:0
FNDA:0,_interopRequireDefault
FNDA:0,SearchResultCard
DA:1,0
DA:7,0
DA:8,0
DA:9,0
DA:12,0
DA:13,0
DA:14,0
DA:15,0
DA:16,0
DA:30,0
LF:10
LH:0
BRDA:9,0,0,0
BRDA:9,0,1,0
BRDA:9,1,0,0
BRDA:9,1,1,0
BRDA:15,2,0,0
BRDA:15,2,1,0
BRF:6
BRH:0
end_of_record
TN:
SF:/Users/castlemilk/PycharmProjects/nutry/web/app/components/SearchResultCard/messages.js
FNF:0
FNH:0
DA:1,0
DA:6,0
DA:8,0
DA:12,0
LF:4
LH:0
BRF:0
BRH:0
end_of_record
TN:
SF:/Users/castlemilk/PycharmProjects/nutry/web/app/components/SummaryCard/BodyGroup.js
FN:1,_interopRequireDefault
FNF:1
FNH:0
FNDA:0,_interopRequireDefault
DA:1,0
DA:3,0
LF:2
LH:0
BRDA:1,0,0,0
BRDA:1,0,1,0
BRDA:1,1,0,0
BRDA:1,1,1,0
BRF:4
BRH:0
end_of_record
TN:
SF:/Users/castlemilk/PycharmProjects/nutry/web/app/components/SummaryCard/Table.js
FN:1,_interopRequireDefault
FNF:1
FNH:0
FNDA:0,_interopRequireDefault
DA:1,0
DA:3,0
LF:2
LH:0
BRDA:1,0,0,0
BRDA:1,0,1,0
BRDA:1,1,0,0
BRDA:1,1,1,0
BRF:4
BRH:0
end_of_record
TN:
SF:/Users/castlemilk/PycharmProjects/nutry/web/app/components/SummaryCard/Wrapper.js
FN:1,_interopRequireDefault
FNF:1
FNH:0
FNDA:0,_interopRequireDefault
DA:1,0
DA:3,0
LF:2
LH:0
BRDA:1,0,0,0
BRDA:1,0,1,0
BRDA:1,1,0,0
BRDA:1,1,1,0
BRF:4
BRH:0
end_of_record
TN:
SF:/Users/castlemilk/PycharmProjects/nutry/web/app/components/SummaryCard/index.js
FN:1,(anonymous_0)
FN:1,(anonymous_1)
FN:1,defineProperties
FN:1,(anonymous_3)
FN:11,_interopRequireDefault
FN:11,_classCallCheck
FN:11,_possibleConstructorReturn
FN:11,_inherits
FN:15,(anonymous_8)
FN:15,SummaryCard
FN:23,render
FN:25,(anonymous_11)
FNF:12
FNH:0
FNDA:0,(anonymous_0)
FNDA:0,(anonymous_1)
FNDA:0,defineProperties
FNDA:0,(anonymous_3)
FNDA:0,_interopRequireDefault
FNDA:0,_classCallCheck
FNDA:0,_possibleConstructorReturn
FNDA:0,_inherits
FNDA:0,(anonymous_8)
FNDA:0,SummaryCard
FNDA:0,render
FNDA:0,(anonymous_11)
DA:1,0
DA:6,0
DA:7,0
DA:8,0
DA:9,0
DA:10,0
DA:11,0
DA:15,0
DA:23,0
DA:25,0
DA:26,0
DA:27,0
DA:28,0
DA:29,0
DA:35,0
DA:39,0
DA:47,0
DA:49,0
DA:50,0
LF:19
LH:0
BRDA:1,0,0,0
BRDA:1,0,1,0
BRDA:1,1,0,0
BRDA:1,1,1,0
BRDA:1,2,0,0
BRDA:1,2,1,0
BRDA:1,3,0,0
BRDA:1,3,1,0
BRDA:1,4,0,0
BRDA:1,4,1,0
BRDA:1,5,0,0
BRDA:1,5,1,0
BRDA:11,6,0,0
BRDA:11,6,1,0
BRDA:11,7,0,0
BRDA:11,7,1,0
BRDA:11,8,0,0
BRDA:11,8,1,0
BRDA:11,9,0,0
BRDA:11,9,1,0
BRDA:11,10,0,0
BRDA:11,10,1,0
BRDA:11,11,0,0
BRDA:11,11,1,0
BRDA:11,11,2,0
BRDA:11,12,0,0
BRDA:11,12,1,0
BRDA:11,13,0,0
BRDA:11,13,1,0
BRDA:11,14,0,0
BRDA:11,14,1,0
BRDA:11,15,0,0
BRDA:11,15,1,0
BRDA:11,16,0,0
BRDA:11,16,1,0
BRDA:15,17,0,0
BRDA:15,17,1,0
BRF:37
BRH:0
end_of_record
TN:
SF:/Users/castlemilk/PycharmProjects/nutry/web/app/components/SummaryCard/messages.js
FNF:0
FNH:0
DA:1,0
DA:6,0
LF:2
LH:0
BRF:0
BRH:0
end_of_record
TN:
SF:/Users/castlemilk/PycharmProjects/nutry/web/app/components/TableHeader/Header.js
FN:1,_interopRequireDefault
FNF:1
FNH:0
FNDA:0,_interopRequireDefault
DA:1,0
DA:3,0
LF:2
LH:0
BRDA:1,0,0,0
BRDA:1,0,1,0
BRDA:1,1,0,0
BRDA:1,1,1,0
BRF:4
BRH:0
end_of_record
TN:
SF:/Users/castlemilk/PycharmProjects/nutry/web/app/components/TableHeader/RowName.js
FN:1,_interopRequireDefault
FNF:1
FNH:0
FNDA:0,_interopRequireDefault
DA:1,0
DA:3,0
LF:2
LH:0
BRDA:1,0,0,0
BRDA:1,0,1,0
BRDA:1,1,0,0
BRDA:1,1,1,0
BRF:4
BRH:0
end_of_record
TN:
SF:/Users/castlemilk/PycharmProjects/nutry/web/app/components/TableHeader/RowUnits.js
FN:1,_interopRequireDefault
FNF:1
FNH:0
FNDA:0,_interopRequireDefault
DA:1,0
DA:3,0
LF:2
LH:0
BRDA:1,0,0,0
BRDA:1,0,1,0
BRDA:1,1,0,0
BRDA:1,1,1,0
BRF:4
BRH:0
end_of_record
TN:
SF:/Users/castlemilk/PycharmProjects/nutry/web/app/components/TableHeader/RowValue.js
FN:1,_interopRequireDefault
FNF:1
FNH:0
FNDA:0,_interopRequireDefault
DA:1,0
DA:3,0
LF:2
LH:0
BRDA:1,0,0,0
BRDA:1,0,1,0
BRDA:1,1,0,0
BRDA:1,1,1,0
BRF:4
BRH:0
end_of_record
TN:
SF:/Users/castlemilk/PycharmProjects/nutry/web/app/components/TableHeader/Table.js
FN:1,_interopRequireDefault
FNF:1
FNH:0
FNDA:0,_interopRequireDefault
DA:1,0
DA:3,0
LF:2
LH:0
BRDA:1,0,0,0
BRDA:1,0,1,0
BRDA:1,1,0,0
BRDA:1,1,1,0
BRF:4
BRH:0
end_of_record
TN:
SF:/Users/castlemilk/PycharmProjects/nutry/web/app/components/TableHeader/index.js
FN:1,(anonymous_0)
FN:1,defineProperties
FN:1,(anonymous_2)
FN:12,_interopRequireDefault
FN:12,_classCallCheck
FN:12,_possibleConstructorReturn
FN:12,_inherits
FN:16,(anonymous_7)
FN:16,TableHeader
FN:17,render
FNF:10
FNH:0
FNDA:0,(anonymous_0)
FNDA:0,defineProperties
FNDA:0,(anonymous_2)
FNDA:0,_interopRequireDefault
FNDA:0,_classCallCheck
FNDA:0,_possibleConstructorReturn
FNDA:0,_inherits
FNDA:0,(anonymous_7)
FNDA:0,TableHeader
FNDA:0,render
DA:1,0
DA:7,0
DA:8,0
DA:9,0
DA:10,0
DA:11,0
DA:12,0
DA:16,0
DA:17,0
DA:25,0
LF:10
LH:0
BRDA:1,0,0,0
BRDA:1,0,1,0
BRDA:1,1,0,0
BRDA:1,1,1,0
BRDA:1,2,0,0
BRDA:1,2,1,0
BRDA:1,3,0,0
BRDA:1,3,1,0
BRDA:12,4,0,0
BRDA:12,4,1,0
BRDA:12,5,0,0
BRDA:12,5,1,0
BRDA:12,6,0,0
BRDA:12,6,1,0
BRDA:12,7,0,0
BRDA:12,7,1,0
BRDA:12,8,0,0
BRDA:12,8,1,0
BRDA:12,9,0,0
BRDA:12,9,1,0
BRDA:12,9,2,0
BRDA:12,10,0,0
BRDA:12,10,1,0
BRDA:12,11,0,0
BRDA:12,11,1,0
BRDA:12,12,0,0
BRDA:12,12,1,0
BRDA:12,13,0,0
BRDA:12,13,1,0
BRDA:12,14,0,0
BRDA:12,14,1,0
BRDA:16,15,0,0
BRDA:16,15,1,0
BRF:33
BRH:0
end_of_record
TN:
SF:/Users/castlemilk/PycharmProjects/nutry/web/app/components/TableHeader/messages.js
FNF:0
FNH:0
DA:1,0
DA:6,0
LF:2
LH:0
BRF:0
BRH:0
end_of_record
TN:
SF:/Users/castlemilk/PycharmProjects/nutry/web/app/containers/App/actions.js
FN:13,defaultAction
FN:18,login
FN:23,loginSuccess
FN:30,searchComplete
FN:37,loginFailure
FNF:5
FNH:0
FNDA:0,defaultAction
FNDA:0,login
FNDA:0,loginSuccess
FNDA:0,searchComplete
FNDA:0,loginFailure
DA:14,0
DA:19,0
DA:24,0
DA:31,0
DA:38,0
LF:5
LH:0
BRF:0
BRH:0
end_of_record
TN:
SF:/Users/castlemilk/PycharmProjects/nutry/web/app/containers/App/constants.js
FN:18,(anonymous_0)
FNF:1
FNH:1
FNDA:36,(anonymous_0)
DA:12,9
DA:18,36
DA:19,9
DA:20,9
DA:21,9
DA:22,9
LF:6
LH:6
BRF:0
BRH:0
end_of_record
TN:
SF:/Users/castlemilk/PycharmProjects/nutry/web/app/containers/App/index.js
FN:28,(anonymous_0)
FNF:1
FNH:0
FNDA:0,(anonymous_0)
DA:29,0
DA:42,1
DA:43,1
LF:3
LH:2
BRF:0
BRH:0
end_of_record
TN:
SF:/Users/castlemilk/PycharmProjects/nutry/web/app/containers/App/reducer.js
FN:23,appReducer
FNF:1
FNH:0
FNDA:0,appReducer
DA:17,1
DA:24,0
DA:26,0
DA:28,0
DA:30,0
DA:34,0
LF:6
LH:1
BRDA:23,0,0,0
BRDA:24,1,0,0
BRDA:24,1,1,0
BRDA:24,1,2,0
BRDA:24,1,3,0
BRF:5
BRH:0
end_of_record
TN:
SF:/Users/castlemilk/PycharmProjects/nutry/web/app/containers/App/sagas.js
FN:13,loginUser
FN:28,loginData
FNF:2
FNH:0
FNDA:0,loginUser
FNDA:0,loginData
DA:15,0
DA:16,0
DA:17,0
DA:18,0
DA:20,0
DA:33,0
LF:6
LH:0
BRF:0
BRH:0
end_of_record
TN:
SF:/Users/castlemilk/PycharmProjects/nutry/web/app/containers/App/selectors.js
FN:3,(anonymous_0)
FN:4,(anonymous_1)
FN:6,(anonymous_2)
FN:8,(anonymous_3)
FN:10,(anonymous_4)
FN:12,(anonymous_5)
FN:14,(anonymous_6)
FN:16,(anonymous_7)
FN:18,(anonymous_8)
FN:20,(anonymous_9)
FNF:10
FNH:3
FNDA:1,(anonymous_0)
FNDA:0,(anonymous_1)
FNDA:1,(anonymous_2)
FNDA:1,(anonymous_3)
FNDA:0,(anonymous_4)
FNDA:0,(anonymous_5)
FNDA:0,(anonymous_6)
FNDA:0,(anonymous_7)
FNDA:0,(anonymous_8)
FNDA:0,(anonymous_9)
DA:3,1
DA:4,1
DA:6,1
DA:8,1
DA:10,1
DA:12,0
DA:14,1
DA:16,0
DA:18,1
DA:20,0
LF:10
LH:7
BRF:0
BRH:0
end_of_record
TN:
SF:/Users/castlemilk/PycharmProjects/nutry/web/app/containers/DetailedCardView/actions.js
FN:11,defaultAction
FNF:1
FNH:1
FNDA:1,defaultAction
DA:12,1
LF:1
LH:1
BRF:0
BRH:0
end_of_record
TN:
SF:/Users/castlemilk/PycharmProjects/nutry/web/app/containers/DetailedCardView/constants.js
FNF:0
FNH:0
DA:7,1
LF:1
LH:1
BRF:0
BRH:0
end_of_record
TN:
SF:/Users/castlemilk/PycharmProjects/nutry/web/app/containers/DetailedCardView/index.js
FN:10,_interopRequireDefault
FN:17,mapDispatchToProps
FNF:2
FNH:0
FNDA:0,_interopRequireDefault
FNDA:0,mapDispatchToProps
DA:1,0
DA:6,0
DA:7,0
DA:8,0
DA:9,0
DA:10,0
DA:12,0
DA:17,0
DA:22,0
LF:9
LH:0
BRDA:10,0,0,0
BRDA:10,0,1,0
BRDA:10,1,0,0
BRDA:10,1,1,0
BRF:4
BRH:0
end_of_record
TN:
SF:/Users/castlemilk/PycharmProjects/nutry/web/app/containers/DetailedCardView/messages.js
FNF:0
FNH:0
DA:1,0
DA:6,0
DA:8,0
DA:12,0
LF:4
LH:0
BRF:0
BRH:0
end_of_record
TN:
SF:/Users/castlemilk/PycharmProjects/nutry/web/app/containers/DetailedCardView/selectors.js
FN:6,selectDetailedCardViewDomain
FN:16,makeSelectNutrientBySection
FN:18,(anonymous_2)
FNF:3
FNH:0
FNDA:0,selectDetailedCardViewDomain
FNDA:0,makeSelectNutrientBySection
FNDA:0,(anonymous_2)
DA:1,0
DA:6,0
DA:16,0
DA:18,0
LF:4
LH:0
BRF:0
BRH:0
end_of_record
TN:
SF:/Users/castlemilk/PycharmProjects/nutry/web/app/containers/FoodProfile/FoodProfileWrapper.js
FN:1,_interopRequireDefault
FNF:1
FNH:0
FNDA:0,_interopRequireDefault
DA:1,0
DA:3,0
LF:2
LH:0
BRDA:1,0,0,0
BRDA:1,0,1,0
BRDA:1,1,0,0
BRDA:1,1,1,0
BRF:4
BRH:0
end_of_record
TN:
SF:/Users/castlemilk/PycharmProjects/nutry/web/app/containers/FoodProfile/actions.js
FN:20,defaultAction
FN:25,loadProfile
FN:31,loadProfileSuccess
FN:40,loadProfileFailure
FN:46,tabChanged
FN:52,nutrientSelected
FN:59,portionChanged
FN:65,ageGroupChanged
FN:72,onBack
FN:77,clearFoodProfile
FNF:10
FNH:1
FNDA:1,defaultAction
FNDA:0,loadProfile
FNDA:0,loadProfileSuccess
FNDA:0,loadProfileFailure
FNDA:0,tabChanged
FNDA:0,nutrientSelected
FNDA:0,portionChanged
FNDA:0,ageGroupChanged
FNDA:0,onBack
FNDA:0,clearFoodProfile
DA:21,1
DA:26,0
DA:32,0
DA:33,0
DA:41,0
DA:47,0
DA:53,0
DA:60,0
DA:66,0
DA:73,0
DA:78,0
LF:11
LH:1
BRF:0
BRH:0
end_of_record
TN:
SF:/Users/castlemilk/PycharmProjects/nutry/web/app/containers/FoodProfile/constants.js
FN:7,(anonymous_0)
FNF:1
FNH:1
FNDA:18,(anonymous_0)
DA:7,18
DA:8,2
DA:10,2
DA:12,2
DA:13,2
DA:14,2
DA:16,2
DA:17,2
DA:18,2
DA:19,2
DA:21,2
DA:22,2
DA:23,2
DA:24,2
DA:25,2
DA:26,2
DA:88,2
DA:107,2
LF:18
LH:18
BRF:0
BRH:0
end_of_record
TN:
SF:/Users/castlemilk/PycharmProjects/nutry/web/app/containers/FoodProfile/index.js
FN:1,(anonymous_0)
FN:1,defineProperties
FN:1,(anonymous_2)
FN:44,_interopRequireDefault
FN:44,_classCallCheck
FN:44,_possibleConstructorReturn
FN:44,_inherits
FN:50,(anonymous_7)
FN:50,FoodProfile
FN:51,componentWillMount
FN:56,componentDidMount
FN:60,componentDidUpdate
FN:66,render
FN:195,mapDispatchToProps
FN:198,onLoadProfile
FN:199,onLoadNewProfile
FN:200,onTabChange
FN:201,onPortionChanged
FN:202,onAgeGroupChanged
FNF:19
FNH:0
FNDA:0,(anonymous_0)
FNDA:0,defineProperties
FNDA:0,(anonymous_2)
FNDA:0,_interopRequireDefault
FNDA:0,_classCallCheck
FNDA:0,_possibleConstructorReturn
FNDA:0,_inherits
FNDA:0,(anonymous_7)
FNDA:0,FoodProfile
FNDA:0,componentWillMount
FNDA:0,componentDidMount
FNDA:0,componentDidUpdate
FNDA:0,render
FNDA:0,mapDispatchToProps
FNDA:0,onLoadProfile
FNDA:0,onLoadNewProfile
FNDA:0,onTabChange
FNDA:0,onPortionChanged
FNDA:0,onAgeGroupChanged
DA:1,0
DA:7,0
DA:8,0
DA:9,0
DA:10,0
DA:11,0
DA:12,0
DA:14,0
DA:15,0
DA:16,0
DA:18,0
DA:19,0
DA:20,0
DA:21,0
DA:22,0
DA:23,0
DA:24,0
DA:25,0
DA:30,0
DA:42,0
DA:43,0
DA:44,0
DA:50,0
DA:57,0
DA:58,0
DA:63,0
DA:64,0
DA:69,0
DA:70,0
DA:82,0
DA:87,0
DA:88,0
DA:92,0
DA:99,0
DA:109,0
DA:118,0
DA:159,0
DA:162,0
DA:181,0
DA:196,0
DA:198,0
DA:199,0
DA:200,0
DA:201,0
DA:202,0
DA:206,0
DA:208,0
DA:209,0
LF:48
LH:0
BRDA:1,0,0,0
BRDA:1,0,1,0
BRDA:1,1,0,0
BRDA:1,1,1,0
BRDA:1,2,0,0
BRDA:1,2,1,0
BRDA:1,3,0,0
BRDA:1,3,1,0
BRDA:44,4,0,0
BRDA:44,4,1,0
BRDA:44,5,0,0
BRDA:44,5,1,0
BRDA:44,6,0,0
BRDA:44,6,1,0
BRDA:44,7,0,0
BRDA:44,7,1,0
BRDA:44,8,0,0
BRDA:44,8,1,0
BRDA:44,9,0,0
BRDA:44,9,1,0
BRDA:44,9,2,0
BRDA:44,10,0,0
BRDA:44,10,1,0
BRDA:44,11,0,0
BRDA:44,11,1,0
BRDA:44,12,0,0
BRDA:44,12,1,0
BRDA:44,13,0,0
BRDA:44,13,1,0
BRDA:44,14,0,0
BRDA:44,14,1,0
BRDA:50,15,0,0
BRDA:50,15,1,0
BRDA:57,16,0,0
BRDA:57,16,1,0
BRDA:63,17,0,0
BRDA:63,17,1,0
BRF:37
BRH:0
end_of_record
TN:
SF:/Users/castlemilk/PycharmProjects/nutry/web/app/containers/FoodProfile/messages.js
FNF:0
FNH:0
DA:1,0
DA:6,0
DA:8,0
DA:12,0
LF:4
LH:0
BRF:0
BRH:0
end_of_record
TN:
SF:/Users/castlemilk/PycharmProjects/nutry/web/app/containers/FoodProfile/reducer.js
FN:53,(anonymous_0)
FN:54,(anonymous_1)
FN:60,foodProfileReducer
FN:87,(anonymous_3)
FNF:4
FNH:1
FNDA:0,(anonymous_0)
FNDA:0,(anonymous_1)
FNDA:1,foodProfileReducer
FNDA:0,(anonymous_3)
DA:25,1
DA:53,1
DA:54,0
DA:55,0
DA:56,0
DA:57,0
DA:61,1
DA:63,0
DA:65,0
DA:67,0
DA:71,0
DA:80,0
DA:83,0
DA:86,0
DA:87,0
DA:90,0
DA:93,0
DA:98,0
DA:102,1
LF:19
LH:4
BRDA:60,0,0,1
BRDA:61,1,0,0
BRDA:61,1,1,0
BRDA:61,1,2,0
BRDA:61,1,3,0
BRDA:61,1,4,0
BRDA:61,1,5,0
BRDA:61,1,6,0
BRDA:61,1,7,0
BRDA:61,1,8,0
BRDA:61,1,9,0
BRDA:61,1,10,1
BRF:12
BRH:2
end_of_record
TN:
SF:/Users/castlemilk/PycharmProjects/nutry/web/app/containers/FoodProfile/saga.js
FN:39,defaultSaga
FN:39,defaultSaga$
FN:39,getProfile
FN:39,getProfile$
FN:43,fetchProfile
FN:43,fetchProfile$
FNF:6
FNH:0
FNDA:0,defaultSaga
FNDA:0,defaultSaga$
FNDA:0,getProfile
FNDA:0,getProfile$
FNDA:0,fetchProfile
FNDA:0,fetchProfile$
DA:1,0
DA:10,0
DA:14,0
DA:38,0
DA:39,0
DA:40,0
DA:41,0
DA:43,0
DA:44,0
DA:45,0
DA:46,0
DA:47,0
LF:12
LH:0
BRDA:39,0,0,0
BRDA:39,0,1,0
BRDA:39,1,0,0
BRDA:39,1,1,0
BRDA:39,1,2,0
BRDA:39,1,3,0
BRDA:39,1,4,0
BRDA:39,1,5,0
BRDA:39,1,6,0
BRDA:39,1,7,0
BRDA:39,1,8,0
BRDA:39,1,9,0
BRDA:40,2,0,0
BRDA:40,2,1,0
BRDA:41,3,0,0
BRDA:41,3,1,0
BRDA:43,4,0,0
BRDA:43,4,1,0
BRDA:43,4,2,0
BRDA:43,4,3,0
BRDA:43,4,4,0
BRDA:43,4,5,0
BRDA:43,5,0,0
BRDA:43,5,1,0
BRDA:45,6,0,0
BRDA:45,6,1,0
BRF:26
BRH:0
end_of_record
TN:
SF:/Users/castlemilk/PycharmProjects/nutry/web/app/containers/FoodProfile/selectors.js
FN:6,selectFoodProfileDomain
FN:17,makeSelectFoodProfile
FN:19,(anonymous_2)
FN:21,makeSelectProfileHeader
FN:23,(anonymous_4)
FN:25,makeSelectSerialNumber
FN:27,(anonymous_6)
FN:29,makeSelectProfileLoading
FN:31,(anonymous_8)
FN:37,makeSelectAllNutrients
FN:39,(anonymous_10)
FN:41,makeSelectNutrientsBySummaryIds
FN:43,(anonymous_12)
FN:45,makeSelectNutrientsBySections
FN:47,(anonymous_14)
FN:49,makeSelectNutrient
FN:51,(anonymous_16)
FN:53,makeSelectSource
FN:55,(anonymous_18)
FN:57,makeSelectTabSelected
FN:59,(anonymous_20)
FN:61,makeSelectPortions
FN:63,(anonymous_22)
FN:65,makeSelectPortion
FN:67,(anonymous_24)
FN:69,makeSelectNutrientSelected
FN:71,(anonymous_26)
FN:73,makeSelectAgeGroup
FN:75,(anonymous_28)
FNF:29
FNH:0
FNDA:0,selectFoodProfileDomain
FNDA:0,makeSelectFoodProfile
FNDA:0,(anonymous_2)
FNDA:0,makeSelectProfileHeader
FNDA:0,(anonymous_4)
FNDA:0,makeSelectSerialNumber
FNDA:0,(anonymous_6)
FNDA:0,makeSelectProfileLoading
FNDA:0,(anonymous_8)
FNDA:0,makeSelectAllNutrients
FNDA:0,(anonymous_10)
FNDA:0,makeSelectNutrientsBySummaryIds
FNDA:0,(anonymous_12)
FNDA:0,makeSelectNutrientsBySections
FNDA:0,(anonymous_14)
FNDA:0,makeSelectNutrient
FNDA:0,(anonymous_16)
FNDA:0,makeSelectSource
FNDA:0,(anonymous_18)
FNDA:0,makeSelectTabSelected
FNDA:0,(anonymous_20)
FNDA:0,makeSelectPortions
FNDA:0,(anonymous_22)
FNDA:0,makeSelectPortion
FNDA:0,(anonymous_24)
FNDA:0,makeSelectNutrientSelected
FNDA:0,(anonymous_26)
FNDA:0,makeSelectAgeGroup
FNDA:0,(anonymous_28)
DA:1,0
DA:6,0
DA:17,0
DA:19,0
DA:21,0
DA:23,0
DA:25,0
DA:27,0
DA:29,0
DA:31,0
DA:37,0
DA:39,0
DA:41,0
DA:43,0
DA:45,0
DA:47,0
DA:49,0
DA:51,0
DA:53,0
DA:55,0
DA:57,0
DA:59,0
DA:61,0
DA:63,0
DA:65,0
DA:67,0
DA:69,0
DA:71,0
DA:73,0
DA:75,0
DA:78,0
DA:80,0
DA:81,0
DA:82,0
DA:83,0
DA:84,0
DA:85,0
DA:86,0
DA:87,0
DA:88,0
DA:89,0
DA:90,0
DA:91,0
DA:93,0
LF:44
LH:0
BRF:0
BRH:0
end_of_record
TN:
SF:/Users/castlemilk/PycharmProjects/nutry/web/app/containers/LandingPage/Banner.js
FN:1,(anonymous_0)
FN:1,(anonymous_1)
FN:1,defineProperties
FN:1,(anonymous_3)
FN:10,_interopRequireDefault
FN:10,_classCallCheck
FN:10,_possibleConstructorReturn
FN:10,_inherits
FN:17,(anonymous_8)
FN:17,Banner
FN:17,render
FNF:11
FNH:0
FNDA:0,(anonymous_0)
FNDA:0,(anonymous_1)
FNDA:0,defineProperties
FNDA:0,(anonymous_3)
FNDA:0,_interopRequireDefault
FNDA:0,_classCallCheck
FNDA:0,_possibleConstructorReturn
FNDA:0,_inherits
FNDA:0,(anonymous_8)
FNDA:0,Banner
FNDA:0,render
DA:1,0
DA:2,0
DA:4,0
DA:5,0
DA:6,0
DA:7,0
DA:8,0
DA:9,0
DA:10,0
DA:11,0
DA:17,0
DA:23,0
DA:72,0
LF:13
LH:0
BRDA:1,0,0,0
BRDA:1,0,1,0
BRDA:1,1,0,0
BRDA:1,1,1,0
BRDA:1,2,0,0
BRDA:1,2,1,0
BRDA:1,3,0,0
BRDA:1,3,1,0
BRDA:1,4,0,0
BRDA:1,4,1,0
BRDA:1,5,0,0
BRDA:1,5,1,0
BRDA:10,6,0,0
BRDA:10,6,1,0
BRDA:10,7,0,0
BRDA:10,7,1,0
BRDA:10,8,0,0
BRDA:10,8,1,0
BRDA:10,9,0,0
BRDA:10,9,1,0
BRDA:10,10,0,0
BRDA:10,10,1,0
BRDA:10,11,0,0
BRDA:10,11,1,0
BRDA:10,11,2,0
BRDA:10,12,0,0
BRDA:10,12,1,0
BRDA:10,13,0,0
BRDA:10,13,1,0
BRDA:10,14,0,0
BRDA:10,14,1,0
BRDA:10,15,0,0
BRDA:10,15,1,0
BRDA:10,16,0,0
BRDA:10,16,1,0
BRDA:17,17,0,0
BRDA:17,17,1,0
BRF:37
BRH:0
end_of_record
TN:
SF:/Users/castlemilk/PycharmProjects/nutry/web/app/containers/LandingPage/BannerWrapper.js
FN:1,_interopRequireDefault
FNF:1
FNH:0
FNDA:0,_interopRequireDefault
DA:1,0
DA:3,0
LF:2
LH:0
BRDA:1,0,0,0
BRDA:1,0,1,0
BRDA:1,1,0,0
BRDA:1,1,1,0
BRF:4
BRH:0
end_of_record
TN:
SF:/Users/castlemilk/PycharmProjects/nutry/web/app/containers/LandingPage/Header.js
FN:1,(anonymous_0)
FN:1,defineProperties
FN:1,(anonymous_2)
FN:7,_interopRequireDefault
FN:7,_classCallCheck
FN:7,_possibleConstructorReturn
FN:7,_inherits
FN:9,(anonymous_7)
FN:9,Header
FN:10,render
FNF:10
FNH:0
FNDA:0,(anonymous_0)
FNDA:0,defineProperties
FNDA:0,(anonymous_2)
FNDA:0,_interopRequireDefault
FNDA:0,_classCallCheck
FNDA:0,_possibleConstructorReturn
FNDA:0,_inherits
FNDA:0,(anonymous_7)
FNDA:0,Header
FNDA:0,render
DA:1,0
DA:3,0
DA:4,0
DA:5,0
DA:7,0
DA:9,0
DA:11,0
DA:23,0
LF:8
LH:0
BRDA:1,0,0,0
BRDA:1,0,1,0
BRDA:1,1,0,0
BRDA:1,1,1,0
BRDA:1,2,0,0
BRDA:1,2,1,0
BRDA:1,3,0,0
BRDA:1,3,1,0
BRDA:7,4,0,0
BRDA:7,4,1,0
BRDA:7,5,0,0
BRDA:7,5,1,0
BRDA:7,6,0,0
BRDA:7,6,1,0
BRDA:7,7,0,0
BRDA:7,7,1,0
BRDA:7,8,0,0
BRDA:7,8,1,0
BRDA:7,9,0,0
BRDA:7,9,1,0
BRDA:7,9,2,0
BRDA:7,10,0,0
BRDA:7,10,1,0
BRDA:7,11,0,0
BRDA:7,11,1,0
BRDA:7,12,0,0
BRDA:7,12,1,0
BRDA:7,13,0,0
BRDA:7,13,1,0
BRDA:7,14,0,0
BRDA:7,14,1,0
BRDA:9,15,0,0
BRDA:9,15,1,0
BRF:33
BRH:0
end_of_record
TN:
SF:/Users/castlemilk/PycharmProjects/nutry/web/app/containers/LandingPage/HeaderWrapper.js
FN:1,_interopRequireDefault
FNF:1
FNH:0
FNDA:0,_interopRequireDefault
DA:1,0
DA:3,0
LF:2
LH:0
BRDA:1,0,0,0
BRDA:1,0,1,0
BRDA:1,1,0,0
BRDA:1,1,1,0
BRF:4
BRH:0
end_of_record
TN:
SF:/Users/castlemilk/PycharmProjects/nutry/web/app/containers/LandingPage/LandingPageWrapper.js
FN:1,_interopRequireDefault
FNF:1
FNH:0
FNDA:0,_interopRequireDefault
DA:1,0
DA:3,0
LF:2
LH:0
BRDA:1,0,0,0
BRDA:1,0,1,0
BRDA:1,1,0,0
BRDA:1,1,1,0
BRF:4
BRH:0
end_of_record
TN:
SF:/Users/castlemilk/PycharmProjects/nutry/web/app/containers/LandingPage/Page1.js
FN:1,(anonymous_0)
FN:1,(anonymous_1)
FN:1,defineProperties
FN:1,(anonymous_3)
FN:13,_interopRequireDefault
FN:13,_classCallCheck
FN:13,_possibleConstructorReturn
FN:13,_inherits
FN:103,getTransformXY
FN:110,(anonymous_9)
FN:112,(anonymous_10)
FN:121,(anonymous_11)
FN:121,Page1
FN:125,(anonymous_13)
FN:130,(anonymous_14)
FN:135,(anonymous_15)
FN:154,(anonymous_16)
FN:154,(anonymous_17)
FN:159,(anonymous_18)
FN:173,render
FN:176,(anonymous_20)
FN:182,enter
FN:195,onMouseEnter
FNF:23
FNH:0
FNDA:0,(anonymous_0)
FNDA:0,(anonymous_1)
FNDA:0,defineProperties
FNDA:0,(anonymous_3)
FNDA:0,_interopRequireDefault
FNDA:0,_classCallCheck
FNDA:0,_possibleConstructorReturn
FNDA:0,_inherits
FNDA:0,getTransformXY
FNDA:0,(anonymous_9)
FNDA:0,(anonymous_10)
FNDA:0,(anonymous_11)
FNDA:0,Page1
FNDA:0,(anonymous_13)
FNDA:0,(anonymous_14)
FNDA:0,(anonymous_15)
FNDA:0,(anonymous_16)
FNDA:0,(anonymous_17)
FNDA:0,(anonymous_18)
FNDA:0,render
FNDA:0,(anonymous_20)
FNDA:0,enter
FNDA:0,onMouseEnter
DA:1,0
DA:2,0
DA:3,0
DA:4,0
DA:5,0
DA:6,0
DA:7,0
DA:8,0
DA:9,0
DA:10,0
DA:11,0
DA:12,0
DA:13,0
DA:15,0
DA:103,0
DA:104,0
DA:105,0
DA:110,0
DA:111,0
DA:112,0
DA:113,0
DA:114,0
DA:115,0
DA:121,0
DA:126,0
DA:131,0
DA:136,0
DA:137,0
DA:138,0
DA:139,0
DA:140,0
DA:141,0
DA:154,0
DA:155,0
DA:156,0
DA:157,0
DA:159,0
DA:160,0
DA:161,0
DA:165,0
DA:173,0
DA:175,0
DA:176,0
DA:177,0
DA:178,0
DA:182,0
DA:195,0
DA:208,0
DA:228,0
LF:49
LH:0
BRDA:1,0,0,0
BRDA:1,0,1,0
BRDA:1,1,0,0
BRDA:1,1,1,0
BRDA:1,2,0,0
BRDA:1,2,1,0
BRDA:1,3,0,0
BRDA:1,3,1,0
BRDA:1,4,0,0
BRDA:1,4,1,0
BRDA:1,5,0,0
BRDA:1,5,1,0
BRDA:13,6,0,0
BRDA:13,6,1,0
BRDA:13,7,0,0
BRDA:13,7,1,0
BRDA:13,8,0,0
BRDA:13,8,1,0
BRDA:13,9,0,0
BRDA:13,9,1,0
BRDA:13,10,0,0
BRDA:13,10,1,0
BRDA:13,11,0,0
BRDA:13,11,1,0
BRDA:13,11,2,0
BRDA:13,12,0,0
BRDA:13,12,1,0
BRDA:13,13,0,0
BRDA:13,13,1,0
BRDA:13,14,0,0
BRDA:13,14,1,0
BRDA:13,15,0,0
BRDA:13,15,1,0
BRDA:13,16,0,0
BRDA:13,16,1,0
BRDA:114,17,0,0
BRDA:114,17,1,0
BRDA:116,18,0,0
BRDA:116,18,1,0
BRDA:116,18,2,0
BRDA:117,19,0,0
BRDA:117,19,1,0
BRDA:117,19,2,0
BRDA:121,20,0,0
BRDA:121,20,1,0
BRDA:147,21,0,0
BRDA:147,21,1,0
BRDA:156,22,0,0
BRDA:156,22,1,0
BRDA:160,23,0,0
BRDA:160,23,1,0
BRDA:188,24,0,0
BRDA:188,24,1,0
BRF:53
BRH:0
end_of_record
TN:
SF:/Users/castlemilk/PycharmProjects/nutry/web/app/containers/LandingPage/Page1Wrapper.js
FN:1,_interopRequireDefault
FNF:1
FNH:0
FNDA:0,_interopRequireDefault
DA:1,0
DA:3,0
LF:2
LH:0
BRDA:1,0,0,0
BRDA:1,0,1,0
BRDA:1,1,0,0
BRDA:1,1,1,0
BRF:4
BRH:0
end_of_record
TN:
SF:/Users/castlemilk/PycharmProjects/nutry/web/app/containers/LandingPage/Page2.js
FN:1,(anonymous_0)
FN:1,defineProperties
FN:1,(anonymous_2)
FN:11,_interopRequireDefault
FN:11,_classCallCheck
FN:11,_possibleConstructorReturn
FN:11,_inherits
FN:13,(anonymous_7)
FN:14,Page2
FN:20,handleHover
FN:27,render
FNF:11
FNH:0
FNDA:0,(anonymous_0)
FNDA:0,defineProperties
FNDA:0,(anonymous_2)
FNDA:0,_interopRequireDefault
FNDA:0,_classCallCheck
FNDA:0,_possibleConstructorReturn
FNDA:0,_inherits
FNDA:0,(anonymous_7)
FNDA:0,Page2
FNDA:0,handleHover
FNDA:0,render
DA:1,0
DA:3,0
DA:5,0
DA:6,0
DA:7,0
DA:8,0
DA:10,0
DA:11,0
DA:13,0
DA:14,0
DA:16,0
DA:17,0
DA:18,0
DA:20,0
DA:24,0
DA:30,0
DA:31,0
DA:34,0
DA:69,0
LF:19
LH:0
BRDA:1,0,0,0
BRDA:1,0,1,0
BRDA:1,1,0,0
BRDA:1,1,1,0
BRDA:1,2,0,0
BRDA:1,2,1,0
BRDA:1,3,0,0
BRDA:1,3,1,0
BRDA:11,4,0,0
BRDA:11,4,1,0
BRDA:11,5,0,0
BRDA:11,5,1,0
BRDA:11,6,0,0
BRDA:11,6,1,0
BRDA:11,7,0,0
BRDA:11,7,1,0
BRDA:11,8,0,0
BRDA:11,8,1,0
BRDA:11,9,0,0
BRDA:11,9,1,0
BRDA:11,9,2,0
BRDA:11,10,0,0
BRDA:11,10,1,0
BRDA:11,11,0,0
BRDA:11,11,1,0
BRDA:11,12,0,0
BRDA:11,12,1,0
BRDA:11,13,0,0
BRDA:11,13,1,0
BRDA:11,14,0,0
BRDA:11,14,1,0
BRDA:14,15,0,0
BRDA:14,15,1,0
BRF:33
BRH:0
end_of_record
TN:
SF:/Users/castlemilk/PycharmProjects/nutry/web/app/containers/LandingPage/Page2Wrapper.js
FN:1,_interopRequireDefault
FNF:1
FNH:0
FNDA:0,_interopRequireDefault
DA:1,0
DA:3,0
LF:2
LH:0
BRDA:1,0,0,0
BRDA:1,0,1,0
BRDA:1,1,0,0
BRDA:1,1,1,0
BRF:4
BRH:0
end_of_record
TN:
SF:/Users/castlemilk/PycharmProjects/nutry/web/app/containers/LandingPage/Page3.js
FN:1,(anonymous_0)
FN:1,defineProperties
FN:1,(anonymous_2)
FN:9,_interopRequireDefault
FN:9,_classCallCheck
FN:9,_possibleConstructorReturn
FN:9,_inherits
FN:12,(anonymous_7)
FN:12,Page3
FN:13,render
FNF:10
FNH:0
FNDA:0,(anonymous_0)
FNDA:0,defineProperties
FNDA:0,(anonymous_2)
FNDA:0,_interopRequireDefault
FNDA:0,_classCallCheck
FNDA:0,_possibleConstructorReturn
FNDA:0,_inherits
FNDA:0,(anonymous_7)
FNDA:0,Page3
FNDA:0,render
DA:1,0
DA:2,0
DA:3,0
DA:4,0
DA:5,0
DA:6,0
DA:8,0
DA:9,0
DA:12,0
DA:16,0
DA:17,0
DA:45,0
LF:12
LH:0
BRDA:1,0,0,0
BRDA:1,0,1,0
BRDA:1,1,0,0
BRDA:1,1,1,0
BRDA:1,2,0,0
BRDA:1,2,1,0
BRDA:1,3,0,0
BRDA:1,3,1,0
BRDA:9,4,0,0
BRDA:9,4,1,0
BRDA:9,5,0,0
BRDA:9,5,1,0
BRDA:9,6,0,0
BRDA:9,6,1,0
BRDA:9,7,0,0
BRDA:9,7,1,0
BRDA:9,8,0,0
BRDA:9,8,1,0
BRDA:9,9,0,0
BRDA:9,9,1,0
BRDA:9,9,2,0
BRDA:9,10,0,0
BRDA:9,10,1,0
BRDA:9,11,0,0
BRDA:9,11,1,0
BRDA:9,12,0,0
BRDA:9,12,1,0
BRDA:9,13,0,0
BRDA:9,13,1,0
BRDA:9,14,0,0
BRDA:9,14,1,0
BRDA:12,15,0,0
BRDA:12,15,1,0
BRF:33
BRH:0
end_of_record
TN:
SF:/Users/castlemilk/PycharmProjects/nutry/web/app/containers/LandingPage/Page3Wrapper.js
FN:1,_interopRequireDefault
FNF:1
FNH:0
FNDA:0,_interopRequireDefault
DA:1,0
DA:3,0
LF:2
LH:0
BRDA:1,0,0,0
BRDA:1,0,1,0
BRDA:1,1,0,0
BRDA:1,1,1,0
BRF:4
BRH:0
end_of_record
TN:
SF:/Users/castlemilk/PycharmProjects/nutry/web/app/containers/LandingPage/actions.js
FN:11,defaultAction
FNF:1
FNH:1
FNDA:1,defaultAction
DA:12,1
LF:1
LH:1
BRF:0
BRH:0
end_of_record
TN:
SF:/Users/castlemilk/PycharmProjects/nutry/web/app/containers/LandingPage/constants.js
FNF:0
FNH:0
DA:7,2
LF:1
LH:1
BRF:0
BRH:0
end_of_record
TN:
SF:/Users/castlemilk/PycharmProjects/nutry/web/app/containers/LandingPage/index.js
FN:1,(anonymous_0)
FN:1,(anonymous_1)
FN:1,defineProperties
FN:1,(anonymous_3)
FN:28,_interopRequireDefault
FN:28,_classCallCheck
FN:28,_possibleConstructorReturn
FN:28,_inherits
FN:39,(anonymous_8)
FN:40,LandingPage
FN:41,componentDidMount
FN:43,(anonymous_11)
FN:48,render
FN:77,mapDispatchToProps
FNF:14
FNH:0
FNDA:0,(anonymous_0)
FNDA:0,(anonymous_1)
FNDA:0,defineProperties
FNDA:0,(anonymous_3)
FNDA:0,_interopRequireDefault
FNDA:0,_classCallCheck
FNDA:0,_possibleConstructorReturn
FNDA:0,_inherits
FNDA:0,(anonymous_8)
FNDA:0,LandingPage
FNDA:0,componentDidMount
FNDA:0,(anonymous_11)
FNDA:0,render
FNDA:0,mapDispatchToProps
DA:1,0
DA:7,0
DA:9,0
DA:10,0
DA:11,0
DA:13,0
DA:14,0
DA:16,0
DA:17,0
DA:18,0
DA:19,0
DA:21,0
DA:22,0
DA:23,0
DA:24,0
DA:25,0
DA:26,0
DA:27,0
DA:28,0
DA:39,0
DA:40,0
DA:41,0
DA:42,0
DA:43,0
DA:44,0
DA:50,0
DA:51,0
DA:52,0
DA:66,0
DA:73,0
DA:78,0
DA:83,0
DA:85,0
DA:86,0
LF:34
LH:0
BRDA:1,0,0,0
BRDA:1,0,1,0
BRDA:1,1,0,0
BRDA:1,1,1,0
BRDA:1,2,0,0
BRDA:1,2,1,0
BRDA:1,3,0,0
BRDA:1,3,1,0
BRDA:1,4,0,0
BRDA:1,4,1,0
BRDA:1,5,0,0
BRDA:1,5,1,0
BRDA:28,6,0,0
BRDA:28,6,1,0
BRDA:28,7,0,0
BRDA:28,7,1,0
BRDA:28,8,0,0
BRDA:28,8,1,0
BRDA:28,9,0,0
BRDA:28,9,1,0
BRDA:28,10,0,0
BRDA:28,10,1,0
BRDA:28,11,0,0
BRDA:28,11,1,0
BRDA:28,11,2,0
BRDA:28,12,0,0
BRDA:28,12,1,0
BRDA:28,13,0,0
BRDA:28,13,1,0
BRDA:28,14,0,0
BRDA:28,14,1,0
BRDA:28,15,0,0
BRDA:28,15,1,0
BRDA:28,16,0,0
BRDA:28,16,1,0
BRDA:40,17,0,0
BRDA:40,17,1,0
BRF:37
BRH:0
end_of_record
TN:
SF:/Users/castlemilk/PycharmProjects/nutry/web/app/containers/LandingPage/messages.js
FNF:0
FNH:0
DA:1,0
DA:6,0
DA:8,0
DA:12,0
LF:4
LH:0
BRF:0
BRH:0
end_of_record
TN:
SF:/Users/castlemilk/PycharmProjects/nutry/web/app/containers/LandingPage/reducer.js
FN:14,landingPageReducer
FNF:1
FNH:1
FNDA:1,landingPageReducer
DA:12,1
DA:15,1
DA:17,0
DA:19,1
LF:4
LH:3
BRDA:14,0,0,1
BRDA:15,1,0,0
BRDA:15,1,1,1
BRF:3
BRH:2
end_of_record
TN:
SF:/Users/castlemilk/PycharmProjects/nutry/web/app/containers/LandingPage/saga.js
FN:6,defaultSaga
FN:6,defaultSaga$
FNF:2
FNH:0
FNDA:0,defaultSaga
FNDA:0,defaultSaga$
DA:1,0
DA:4,0
DA:6,0
LF:3
LH:0
BRDA:6,0,0,0
BRDA:6,0,1,0
BRF:2
BRH:0
end_of_record
TN:
SF:/Users/castlemilk/PycharmProjects/nutry/web/app/containers/LandingPage/selectors.js
FN:6,selectLandingPageDomain
FN:17,makeSelectLandingPage
FN:19,(anonymous_2)
FNF:3
FNH:0
FNDA:0,selectLandingPageDomain
FNDA:0,makeSelectLandingPage
FNDA:0,(anonymous_2)
DA:1,0
DA:6,0
DA:17,0
DA:19,0
DA:22,0
LF:5
LH:0
BRF:0
BRH:0
end_of_record
TN:
SF:/Users/castlemilk/PycharmProjects/nutry/web/app/containers/LanguageProvider/actions.js
FN:11,changeLocale
FNF:1
FNH:1
FNDA:1,changeLocale
DA:12,1
LF:1
LH:1
BRF:0
BRH:0
end_of_record
TN:
SF:/Users/castlemilk/PycharmProjects/nutry/web/app/containers/LanguageProvider/constants.js
FNF:0
FNH:0
DA:7,9
DA:8,9
LF:2
LH:2
BRF:0
BRH:0
end_of_record
TN:
SF:/Users/castlemilk/PycharmProjects/nutry/web/app/containers/LanguageProvider/index.js
FN:18,(anonymous_0)
FN:36,(anonymous_1)
FN:39,mapDispatchToProps
FNF:3
FNH:3
FNDA:2,(anonymous_0)
FNDA:1,(anonymous_1)
FNDA:1,mapDispatchToProps
DA:19,2
DA:27,1
DA:34,1
DA:36,1
DA:40,1
LF:5
LH:5
BRF:0
BRH:0
end_of_record
TN:
SF:/Users/castlemilk/PycharmProjects/nutry/web/app/containers/LanguageProvider/reducer.js
FN:20,languageProviderReducer
FNF:1
FNH:1
FNDA:51,languageProviderReducer
DA:16,8
DA:21,51
DA:23,1
DA:26,50
LF:4
LH:4
BRDA:20,0,0,41
BRDA:21,1,0,1
BRDA:21,1,1,50
BRF:3
BRH:3
end_of_record
TN:
SF:/Users/castlemilk/PycharmProjects/nutry/web/app/containers/LanguageProvider/selectors.js
FN:6,(anonymous_0)
FN:12,(anonymous_1)
FN:14,(anonymous_2)
FNF:3
FNH:3
FNDA:2,(anonymous_0)
FNDA:1,(anonymous_1)
FNDA:1,(anonymous_2)
DA:6,2
DA:12,2
DA:14,1
LF:3
LH:3
BRF:0
BRH:0
end_of_record
TN:
SF:/Users/castlemilk/PycharmProjects/nutry/web/app/containers/NotFoundPage/index.js
FN:18,(anonymous_0)
FNF:1
FNH:1
FNDA:1,(anonymous_0)
DA:19,1
LF:1
LH:1
BRF:0
BRH:0
end_of_record
TN:
SF:/Users/castlemilk/PycharmProjects/nutry/web/app/containers/NotFoundPage/messages.js
FNF:0
FNH:0
DA:8,1
LF:1
LH:1
BRF:0
BRH:0
end_of_record
TN:
SF:/Users/castlemilk/PycharmProjects/nutry/web/app/containers/NutrientProfileRankingChartView/actions.js
FN:14,defaultAction
FN:20,loadRankings
FN:25,loadRankingsSuccess
FN:31,loadRankingsFailure
FNF:4
FNH:1
FNDA:1,defaultAction
FNDA:0,loadRankings
FNDA:0,loadRankingsSuccess
FNDA:0,loadRankingsFailure
DA:15,1
DA:21,0
DA:26,0
DA:32,0
LF:4
LH:1
BRF:0
BRH:0
end_of_record
TN:
SF:/Users/castlemilk/PycharmProjects/nutry/web/app/containers/NutrientProfileRankingChartView/constants.js
FN:6,(anonymous_0)
FNF:1
FNH:1
FNDA:8,(anonymous_0)
DA:6,8
DA:7,2
DA:9,2
DA:10,2
DA:11,2
LF:5
LH:5
BRF:0
BRH:0
end_of_record
TN:
SF:/Users/castlemilk/PycharmProjects/nutry/web/app/containers/NutrientProfileRankingChartView/index.js
FN:25,_interopRequireDefault
FN:38,mapDispatchToProps
FN:38,onLoadRankings
FNF:3
FNH:0
FNDA:0,_interopRequireDefault
FNDA:0,mapDispatchToProps
FNDA:0,onLoadRankings
DA:1,0
DA:6,0
DA:7,0
DA:10,0
DA:11,0
DA:13,0
DA:14,0
DA:15,0
DA:17,0
DA:23,0
DA:24,0
DA:25,0
DA:28,0
DA:38,0
DA:44,0
DA:46,0
DA:47,0
DA:49,0
DA:55,0
DA:62,0
LF:20
LH:0
BRDA:25,0,0,0
BRDA:25,0,1,0
BRDA:25,1,0,0
BRDA:25,1,1,0
BRF:4
BRH:0
end_of_record
TN:
SF:/Users/castlemilk/PycharmProjects/nutry/web/app/containers/NutrientProfileRankingChartView/messages.js
FNF:0
FNH:0
DA:1,0
DA:6,0
DA:8,0
DA:12,0
LF:4
LH:0
BRF:0
BRH:0
end_of_record
TN:
SF:/Users/castlemilk/PycharmProjects/nutry/web/app/containers/NutrientProfileRankingChartView/reducer.js
FN:20,nutrientProfileRankingChartViewReducer
FNF:1
FNH:1
FNDA:1,nutrientProfileRankingChartViewReducer
DA:15,1
DA:21,1
DA:23,0
DA:25,0
DA:27,0
DA:31,0
DA:33,1
LF:7
LH:3
BRDA:20,0,0,1
BRDA:21,1,0,0
BRDA:21,1,1,0
BRDA:21,1,2,0
BRDA:21,1,3,0
BRDA:21,1,4,1
BRF:6
BRH:2
end_of_record
TN:
SF:/Users/castlemilk/PycharmProjects/nutry/web/app/containers/NutrientProfileRankingChartView/saga.js
FN:32,getRankings
FN:32,getRankings$
FN:35,fetchRankings
FN:35,fetchRankings$
FNF:4
FNH:0
FNDA:0,getRankings
FNDA:0,getRankings$
FNDA:0,fetchRankings
FNDA:0,fetchRankings$
DA:1,0
DA:10,0
DA:32,0
DA:33,0
DA:35,0
DA:37,0
DA:38,0
DA:39,0
LF:8
LH:0
BRDA:32,0,0,0
BRDA:32,0,1,0
BRDA:32,0,2,0
BRDA:32,0,3,0
BRDA:32,0,4,0
BRDA:32,0,5,0
BRDA:32,0,6,0
BRDA:32,0,7,0
BRDA:32,0,8,0
BRDA:32,0,9,0
BRDA:32,1,0,0
BRDA:32,1,1,0
BRDA:33,2,0,0
BRDA:33,2,1,0
BRDA:35,3,0,0
BRDA:35,3,1,0
BRDA:35,3,2,0
BRDA:35,3,3,0
BRDA:35,3,4,0
BRF:19
BRH:0
end_of_record
TN:
SF:/Users/castlemilk/PycharmProjects/nutry/web/app/containers/NutrientProfileRankingChartView/selectors.js
FN:6,selectSearchDomain
FN:7,selectFoodProfileDomain
FN:8,selectNutrientProfileRankingChartViewDomain
FN:13,makeSelectSearchResults
FN:15,(anonymous_4)
FN:22,makeSelectNutrientProfileRankingChartView
FN:24,(anonymous_6)
FN:26,makeSelectLoading
FN:28,(anonymous_8)
FN:30,makeSelectRankingResults
FN:32,(anonymous_10)
FN:34,makeSelectNutrientSelected
FN:36,(anonymous_12)
FN:38,makeSelectPortionSelected
FN:40,(anonymous_14)
FNF:15
FNH:0
FNDA:0,selectSearchDomain
FNDA:0,selectFoodProfileDomain
FNDA:0,selectNutrientProfileRankingChartViewDomain
FNDA:0,makeSelectSearchResults
FNDA:0,(anonymous_4)
FNDA:0,makeSelectNutrientProfileRankingChartView
FNDA:0,(anonymous_6)
FNDA:0,makeSelectLoading
FNDA:0,(anonymous_8)
FNDA:0,makeSelectRankingResults
FNDA:0,(anonymous_10)
FNDA:0,makeSelectNutrientSelected
FNDA:0,(anonymous_12)
FNDA:0,makeSelectPortionSelected
FNDA:0,(anonymous_14)
DA:1,0
DA:6,0
DA:7,0
DA:8,0
DA:13,0
DA:15,0
DA:22,0
DA:24,0
DA:26,0
DA:28,0
DA:30,0
DA:32,0
DA:34,0
DA:36,0
DA:38,0
DA:40,0
DA:43,0
DA:45,0
DA:46,0
DA:47,0
DA:48,0
DA:49,0
LF:22
LH:0
BRDA:15,0,0,0
BRDA:15,0,1,0
BRF:2
BRH:0
end_of_record
TN:
SF:/Users/castlemilk/PycharmProjects/nutry/web/app/containers/NutrientRowView/actions.js
FN:11,defaultAction
FNF:1
FNH:1
FNDA:1,defaultAction
DA:12,1
LF:1
LH:1
BRF:0
BRH:0
end_of_record
TN:
SF:/Users/castlemilk/PycharmProjects/nutry/web/app/containers/NutrientRowView/constants.js
FNF:0
FNH:0
DA:7,2
LF:1
LH:1
BRF:0
BRH:0
end_of_record
TN:
SF:/Users/castlemilk/PycharmProjects/nutry/web/app/containers/NutrientRowView/index.js
FN:12,_interopRequireDefault
FN:15,mapStateToProps
FN:22,mapDispatchToProps
FN:24,onClick
FN:25,onHover
FN:26,onInfoClick
FNF:6
FNH:0
FNDA:0,_interopRequireDefault
FNDA:0,mapStateToProps
FNDA:0,mapDispatchToProps
FNDA:0,onClick
FNDA:0,onHover
FNDA:0,onInfoClick
DA:1,0
DA:6,0
DA:7,0
DA:8,0
DA:9,0
DA:10,0
DA:11,0
DA:12,0
DA:15,0
DA:22,0
DA:24,0
DA:25,0
DA:26,0
DA:30,0
LF:14
LH:0
BRDA:12,0,0,0
BRDA:12,0,1,0
BRDA:12,1,0,0
BRDA:12,1,1,0
BRF:4
BRH:0
end_of_record
TN:
SF:/Users/castlemilk/PycharmProjects/nutry/web/app/containers/NutrientRowView/messages.js
FNF:0
FNH:0
DA:1,0
DA:6,0
DA:8,0
DA:12,0
LF:4
LH:0
BRF:0
BRH:0
end_of_record
TN:
SF:/Users/castlemilk/PycharmProjects/nutry/web/app/containers/NutrientRowView/reducer.js
FN:14,nutrientRowViewReducer
FNF:1
FNH:1
FNDA:1,nutrientRowViewReducer
DA:12,1
DA:15,1
DA:17,0
DA:19,1
LF:4
LH:3
BRDA:14,0,0,1
BRDA:15,1,0,0
BRDA:15,1,1,1
BRF:3
BRH:2
end_of_record
TN:
SF:/Users/castlemilk/PycharmProjects/nutry/web/app/containers/NutrientRowView/saga.js
FN:6,defaultSaga
FN:6,defaultSaga$
FNF:2
FNH:0
FNDA:0,defaultSaga
FNDA:0,defaultSaga$
DA:1,0
DA:4,0
DA:6,0
LF:3
LH:0
BRDA:6,0,0,0
BRDA:6,0,1,0
BRF:2
BRH:0
end_of_record
TN:
SF:/Users/castlemilk/PycharmProjects/nutry/web/app/containers/NutrientRowView/selectors.js
FN:7,selectNutrientRowViewDomain
FN:18,makeSelectNutrientRowView
FN:20,(anonymous_2)
FN:23,makeSelectNutrient
FN:25,(anonymous_4)
FN:27,makeSelectNutrientSelected
FN:29,(anonymous_6)
FN:31,makeSelectPortionSelected
FN:33,(anonymous_8)
FNF:9
FNH:0
FNDA:0,selectNutrientRowViewDomain
FNDA:0,makeSelectNutrientRowView
FNDA:0,(anonymous_2)
FNDA:0,makeSelectNutrient
FNDA:0,(anonymous_4)
FNDA:0,makeSelectNutrientSelected
FNDA:0,(anonymous_6)
FNDA:0,makeSelectPortionSelected
FNDA:0,(anonymous_8)
DA:1,0
DA:2,0
DA:7,0
DA:18,0
DA:20,0
DA:23,0
DA:25,0
DA:27,0
DA:29,0
DA:31,0
DA:33,0
DA:36,0
DA:38,0
DA:39,0
DA:40,0
LF:15
LH:0
BRDA:25,0,0,0
BRDA:25,0,1,0
BRF:2
BRH:0
end_of_record
TN:
SF:/Users/castlemilk/PycharmProjects/nutry/web/app/containers/Profiler/ProfilerWrapper.js
FN:1,_interopRequireDefault
FNF:1
FNH:0
FNDA:0,_interopRequireDefault
DA:1,0
DA:3,0
LF:2
LH:0
BRDA:1,0,0,0
BRDA:1,0,1,0
BRDA:1,1,0,0
BRDA:1,1,1,0
BRF:4
BRH:0
end_of_record
TN:
SF:/Users/castlemilk/PycharmProjects/nutry/web/app/containers/Profiler/actions.js
FN:18,defaultAction
FN:24,changeSearch
FN:29,searchComplete
FN:41,searchLoading
FN:46,searchFailure
FN:52,addProfilerElement
FN:57,deleteProfilerElement
FN:63,updateProfilerElement
FNF:8
FNH:1
FNDA:1,defaultAction
FNDA:0,changeSearch
FNDA:0,searchComplete
FNDA:0,searchLoading
FNDA:0,searchFailure
FNDA:0,addProfilerElement
FNDA:0,deleteProfilerElement
FNDA:0,updateProfilerElement
DA:19,1
DA:25,0
DA:30,0
DA:31,0
DA:36,0
DA:42,0
DA:47,0
DA:53,0
DA:58,0
DA:64,0
LF:10
LH:1
BRDA:30,0,0,0
BRDA:30,0,1,0
BRF:2
BRH:0
end_of_record
TN:
SF:/Users/castlemilk/PycharmProjects/nutry/web/app/containers/Profiler/constants.js
FN:6,(anonymous_0)
FNF:1
FNH:1
FNDA:16,(anonymous_0)
DA:6,16
DA:7,2
DA:9,2
DA:10,2
DA:11,2
DA:12,2
DA:13,2
DA:14,2
DA:16,2
LF:9
LH:9
BRF:0
BRH:0
end_of_record
TN:
SF:/Users/castlemilk/PycharmProjects/nutry/web/app/containers/Profiler/index.js
FN:1,(anonymous_0)
FN:1,(anonymous_1)
FN:1,defineProperties
FN:1,(anonymous_3)
FN:27,_interopRequireDefault
FN:27,_classCallCheck
FN:27,_possibleConstructorReturn
FN:27,_inherits
FN:31,(anonymous_8)
FN:32,Profiler
FN:34,componentDidMount
FN:37,handleAddClick
FN:40,handleNutrientChange
FN:44,handleSliderChange
FN:48,handleElementRemove
FN:52,handleSearchStringChange
FN:58,handleTabChange
FN:64,render
FN:72,onProfileSelected
FN:78,onClick
FN:80,(anonymous_20)
FN:82,onNutrientChange
FN:83,onScaleChange
FN:84,onElementRemove
FN:139,mapDispatchToProps
FN:142,onChangeSearch
FN:143,onAddElement
FN:144,onUpdateElement
FN:145,onDeleteElement
FNF:29
FNH:0
FNDA:0,(anonymous_0)
FNDA:0,(anonymous_1)
FNDA:0,defineProperties
FNDA:0,(anonymous_3)
FNDA:0,_interopRequireDefault
FNDA:0,_classCallCheck
FNDA:0,_possibleConstructorReturn
FNDA:0,_inherits
FNDA:0,(anonymous_8)
FNDA:0,Profiler
FNDA:0,componentDidMount
FNDA:0,handleAddClick
FNDA:0,handleNutrientChange
FNDA:0,handleSliderChange
FNDA:0,handleElementRemove
FNDA:0,handleSearchStringChange
FNDA:0,handleTabChange
FNDA:0,render
FNDA:0,onProfileSelected
FNDA:0,onClick
FNDA:0,(anonymous_20)
FNDA:0,onNutrientChange
FNDA:0,onScaleChange
FNDA:0,onElementRemove
FNDA:0,mapDispatchToProps
FNDA:0,onChangeSearch
FNDA:0,onAddElement
FNDA:0,onUpdateElement
FNDA:0,onDeleteElement
DA:1,0
DA:7,0
DA:8,0
DA:9,0
DA:10,0
DA:11,0
DA:12,0
DA:14,0
DA:15,0
DA:16,0
DA:17,0
DA:18,0
DA:19,0
DA:20,0
DA:21,0
DA:22,0
DA:23,0
DA:24,0
DA:25,0
DA:26,0
DA:27,0
DA:31,0
DA:32,0
DA:33,0
DA:34,0
DA:36,0
DA:39,0
DA:42,0
DA:43,0
DA:46,0
DA:47,0
DA:50,0
DA:51,0
DA:54,0
DA:55,0
DA:56,0
DA:60,0
DA:61,0
DA:62,0
DA:65,0
DA:66,0
DA:67,0
DA:68,0
DA:69,0
DA:71,0
DA:72,0
DA:73,0
DA:77,0
DA:78,0
DA:80,0
DA:81,0
DA:82,0
DA:83,0
DA:84,0
DA:86,0
DA:90,0
DA:97,0
DA:113,0
DA:116,0
DA:131,0
DA:140,0
DA:142,0
DA:143,0
DA:144,0
DA:145,0
DA:149,0
DA:151,0
DA:152,0
LF:68
LH:0
BRDA:1,0,0,0
BRDA:1,0,1,0
BRDA:1,1,0,0
BRDA:1,1,1,0
BRDA:1,2,0,0
BRDA:1,2,1,0
BRDA:1,3,0,0
BRDA:1,3,1,0
BRDA:1,4,0,0
BRDA:1,4,1,0
BRDA:1,5,0,0
BRDA:1,5,1,0
BRDA:27,6,0,0
BRDA:27,6,1,0
BRDA:27,7,0,0
BRDA:27,7,1,0
BRDA:27,8,0,0
BRDA:27,8,1,0
BRDA:27,9,0,0
BRDA:27,9,1,0
BRDA:27,10,0,0
BRDA:27,10,1,0
BRDA:27,11,0,0
BRDA:27,11,1,0
BRDA:27,11,2,0
BRDA:27,12,0,0
BRDA:27,12,1,0
BRDA:27,13,0,0
BRDA:27,13,1,0
BRDA:27,14,0,0
BRDA:27,14,1,0
BRDA:27,15,0,0
BRDA:27,15,1,0
BRDA:27,16,0,0
BRDA:27,16,1,0
BRDA:32,17,0,0
BRDA:32,17,1,0
BRDA:55,18,0,0
BRDA:55,18,1,0
BRDA:55,19,0,0
BRDA:55,19,1,0
BRDA:61,20,0,0
BRDA:61,20,1,0
BRDA:69,21,0,0
BRDA:69,21,1,0
BRDA:71,22,0,0
BRDA:71,22,1,0
BRDA:71,22,2,0
BRDA:72,23,0,0
BRDA:72,23,1,0
BRDA:73,24,0,0
BRDA:73,24,1,0
BRDA:73,25,0,0
BRDA:73,25,1,0
BRF:54
BRH:0
end_of_record
TN:
SF:/Users/castlemilk/PycharmProjects/nutry/web/app/containers/Profiler/messages.js
FNF:0
FNH:0
DA:1,0
DA:6,0
DA:8,0
DA:12,0
LF:4
LH:0
BRF:0
BRH:0
end_of_record
TN:
SF:/Users/castlemilk/PycharmProjects/nutry/web/app/containers/Profiler/reducer.js
FN:24,profilerReducer
FNF:1
FNH:1
FNDA:1,profilerReducer
DA:18,1
DA:25,1
DA:27,0
DA:29,0
DA:32,0
DA:36,0
DA:37,0
DA:43,0
DA:45,0
DA:47,1
LF:10
LH:3
BRDA:24,0,0,1
BRDA:25,1,0,0
BRDA:25,1,1,0
BRDA:25,1,2,0
BRDA:25,1,3,0
BRDA:25,1,4,0
BRDA:25,1,5,0
BRDA:25,1,6,1
BRF:8
BRH:2
end_of_record
TN:
SF:/Users/castlemilk/PycharmProjects/nutry/web/app/containers/Profiler/saga.js
FN:42,defaultSaga
FN:42,defaultSaga$
FN:42,getResults
FN:42,getResults$
FN:44,searcProfilerData
FN:44,searcProfilerData$
FNF:6
FNH:0
FNDA:0,defaultSaga
FNDA:0,defaultSaga$
FNDA:0,getResults
FNDA:0,getResults$
FNDA:0,searcProfilerData
FNDA:0,searcProfilerData$
DA:1,0
DA:15,0
DA:19,0
DA:41,0
DA:42,0
DA:44,0
DA:46,0
LF:7
LH:0
BRDA:42,0,0,0
BRDA:42,0,1,0
BRDA:42,1,0,0
BRDA:42,1,1,0
BRDA:42,1,2,0
BRDA:42,1,3,0
BRDA:42,1,4,0
BRDA:42,1,5,0
BRDA:42,1,6,0
BRDA:42,1,7,0
BRDA:42,1,8,0
BRDA:44,2,0,0
BRDA:44,2,1,0
BRDA:44,2,2,0
BRF:14
BRH:0
end_of_record
TN:
SF:/Users/castlemilk/PycharmProjects/nutry/web/app/containers/Profiler/selectors.js
FN:1,_toArray
FN:6,selectProfilerDomain
FN:7,selectSearchDomain
FN:18,makeSelectProfiler
FN:20,(anonymous_4)
FN:22,makeSelectAllElements
FN:24,(anonymous_6)
FN:36,(anonymous_7)
FN:41,makeSelectSearchResults
FN:43,(anonymous_9)
FN:45,makeSelectProfilerLoading
FN:47,(anonymous_11)
FN:49,makeSelectSearchLoading
FN:51,(anonymous_13)
FN:53,makeSelectElement
FN:55,(anonymous_15)
FNF:16
FNH:0
FNDA:0,_toArray
FNDA:0,selectProfilerDomain
FNDA:0,selectSearchDomain
FNDA:0,makeSelectProfiler
FNDA:0,(anonymous_4)
FNDA:0,makeSelectAllElements
FNDA:0,(anonymous_6)
FNDA:0,(anonymous_7)
FNDA:0,makeSelectSearchResults
FNDA:0,(anonymous_9)
FNDA:0,makeSelectProfilerLoading
FNDA:0,(anonymous_11)
FNDA:0,makeSelectSearchLoading
FNDA:0,(anonymous_13)
FNDA:0,makeSelectElement
FNDA:0,(anonymous_15)
DA:1,0
DA:6,0
DA:7,0
DA:18,0
DA:20,0
DA:22,0
DA:33,0
DA:34,0
DA:35,0
DA:36,0
DA:38,0
DA:41,0
DA:43,0
DA:45,0
DA:47,0
DA:49,0
DA:51,0
DA:53,0
DA:55,0
DA:58,0
DA:60,0
DA:61,0
DA:62,0
DA:63,0
DA:64,0
LF:25
LH:0
BRDA:1,0,0,0
BRDA:1,0,1,0
BRDA:34,1,0,0
BRDA:34,1,1,0
BRDA:47,2,0,0
BRDA:47,2,1,0
BRF:6
BRH:0
end_of_record
TN:
SF:/Users/castlemilk/PycharmProjects/nutry/web/app/containers/Search/SearchWrapper.js
FN:1,_interopRequireDefault
FNF:1
FNH:0
FNDA:0,_interopRequireDefault
DA:1,0
DA:3,0
LF:2
LH:0
BRDA:1,0,0,0
BRDA:1,0,1,0
BRDA:1,1,0,0
BRDA:1,1,1,0
BRF:4
BRH:0
end_of_record
TN:
SF:/Users/castlemilk/PycharmProjects/nutry/web/app/containers/Search/actions.js
FN:18,defaultAction
FN:23,changeSearchString
FN:29,searchRefresh
[...]
BRDA:69,18,1,0
BRDA:72,19,0,0
BRDA:72,19,1,0
BRDA:132,20,0,0
BRDA:132,20,1,0
BRDA:138,21,0,0
BRDA:138,21,1,0
BRDA:143,22,0,0
BRDA:143,22,1,0
BRDA:150,23,0,0
BRDA:150,23,1,0
BRF:50
BRH:0
end_of_record
TN:
SF:/Users/castlemilk/PycharmProjects/nutry/web/app/containers/Search/messages.js
FNF:0
FNH:0
DA:1,0
DA:6,0
DA:8,0
DA:12,0
LF:4
LH:0
BRF:0
BRH:0
end_of_record
TN:
SF:/Users/castlemilk/PycharmProjects/nutry/web/app/containers/Search/reducer.js
FN:26,searchReducer
FNF:1
FNH:1
FNDA:1,searchReducer
DA:18,1
DA:27,1
DA:29,0
DA:31,0
DA:35,0
DA:37,0
DA:41,0
DA:44,0
DA:47,0
DA:49,1
LF:10
LH:3
BRDA:26,0,0,1
BRDA:27,1,0,0
BRDA:27,1,1,0
BRDA:27,1,2,0
BRDA:27,1,3,0
BRDA:27,1,4,0
BRDA:27,1,5,0
BRDA:27,1,6,0
BRDA:27,1,7,1
BRF:9
BRH:2
end_of_record
TN:
SF:/Users/castlemilk/PycharmProjects/nutry/web/app/containers/Search/saga.js
FN:47,defaultSaga
FN:47,defaultSaga$
FN:47,getResults
FN:47,getResults$
FN:49,searchData
FN:49,searchData$
FNF:6
FNH:0
FNDA:0,defaultSaga
FNDA:0,defaultSaga$
FNDA:0,getResults
FNDA:0,getResults$
FNDA:0,searchData
FNDA:0,searchData$
DA:1,0
DA:13,0
DA:17,0
DA:46,0
DA:47,0
DA:49,0
DA:51,0
LF:7
LH:0
BRDA:47,0,0,0
BRDA:47,0,1,0
BRDA:47,1,0,0
BRDA:47,1,1,0
BRDA:47,1,2,0
BRDA:47,1,3,0
BRDA:47,1,4,0
BRDA:47,1,5,0
BRDA:47,1,6,0
BRDA:47,1,7,0
BRDA:47,1,8,0
BRDA:47,1,9,0
BRDA:47,1,10,0
BRDA:47,1,11,0
BRDA:47,1,12,0
BRDA:47,2,0,0
BRDA:47,2,1,0
BRDA:47,3,0,0
BRDA:47,3,1,0
BRDA:47,4,0,0
BRDA:47,4,1,0
BRDA:49,5,0,0
BRDA:49,5,1,0
BRDA:49,5,2,0
BRF:24
BRH:0
end_of_record
TN:
SF:/Users/castlemilk/PycharmProjects/nutry/web/app/containers/Search/selectors.js
FN:6,selectSearchDomain
FN:17,makeSelectSearch
FN:19,(anonymous_2)
FN:21,makeSelectSearchString
FN:23,(anonymous_4)
FN:25,makeSelectSearchResults
FN:27,(anonymous_6)
FN:29,makeSelectSearchLoading
FN:31,(anonymous_8)
FN:33,makeSelectSearchType
FN:35,(anonymous_10)
FN:37,makeSelectProfileSelected
FN:39,(anonymous_12)
FNF:13
FNH:0
FNDA:0,selectSearchDomain
FNDA:0,makeSelectSearch
FNDA:0,(anonymous_2)
FNDA:0,makeSelectSearchString
FNDA:0,(anonymous_4)
FNDA:0,makeSelectSearchResults
FNDA:0,(anonymous_6)
FNDA:0,makeSelectSearchLoading
FNDA:0,(anonymous_8)
FNDA:0,makeSelectSearchType
FNDA:0,(anonymous_10)
FNDA:0,makeSelectProfileSelected
FNDA:0,(anonymous_12)
DA:1,0
DA:6,0
DA:17,0
DA:19,0
DA:21,0
DA:23,0
DA:25,0
DA:27,0
DA:29,0
DA:31,0
DA:33,0
DA:35,0
DA:37,0
DA:39,0
DA:42,0
DA:44,0
DA:45,0
DA:46,0
DA:47,0
DA:48,0
DA:49,0
LF:21
LH:0
BRF:0
BRH:0
end_of_record
TN:
SF:/Users/castlemilk/PycharmProjects/nutry/web/app/containers/SummaryCardView/actions.js
FN:11,defaultAction
FNF:1
FNH:1
FNDA:1,defaultAction
DA:12,1
LF:1
LH:1
BRF:0
BRH:0
end_of_record
TN:
SF:/Users/castlemilk/PycharmProjects/nutry/web/app/containers/SummaryCardView/constants.js
FNF:0
FNH:0
DA:7,1
LF:1
LH:1
BRF:0
BRH:0
end_of_record
TN:
SF:/Users/castlemilk/PycharmProjects/nutry/web/app/containers/SummaryCardView/index.js
FN:12,_interopRequireDefault
FN:19,mapDispatchToProps
FNF:2
FNH:0
FNDA:0,_interopRequireDefault
FNDA:0,mapDispatchToProps
DA:1,0
DA:8,0
DA:9,0
DA:10,0
DA:11,0
DA:12,0
DA:14,0
DA:19,0
DA:21,0
LF:9
LH:0
BRDA:12,0,0,0
BRDA:12,0,1,0
BRDA:12,1,0,0
BRDA:12,1,1,0
BRF:4
BRH:0
end_of_record
TN:
SF:/Users/castlemilk/PycharmProjects/nutry/web/app/containers/SummaryCardView/messages.js
FNF:0
FNH:0
DA:1,0
DA:6,0
DA:8,0
DA:12,0
LF:4
LH:0
BRF:0
BRH:0
end_of_record
TN:
SF:/Users/castlemilk/PycharmProjects/nutry/web/app/containers/SummaryCardView/selectors.js
FN:7,selectSummaryCardViewDomain
FN:18,makeSelectSummaryCardView
FN:20,(anonymous_2)
FN:22,makeSelectBySummaryIds
FN:24,(anonymous_4)
FN:26,makeSelectSummaryNutrients
FN:28,(anonymous_6)
FN:35,(anonymous_7)
FNF:8
FNH:0
FNDA:0,selectSummaryCardViewDomain
FNDA:0,makeSelectSummaryCardView
FNDA:0,(anonymous_2)
FNDA:0,makeSelectBySummaryIds
FNDA:0,(anonymous_4)
FNDA:0,makeSelectSummaryNutrients
FNDA:0,(anonymous_6)
FNDA:0,(anonymous_7)
DA:1,0
DA:2,0
DA:7,0
DA:18,0
DA:20,0
DA:22,0
DA:24,0
DA:26,0
DA:29,0
DA:30,0
DA:35,0
DA:36,0
DA:39,0
DA:41,0
DA:42,0
LF:15
LH:0
BRDA:35,0,0,0
BRDA:35,0,1,0
BRF:2
BRH:0
end_of_record
TN:
SF:/Users/castlemilk/PycharmProjects/nutry/web/app/containers/WikiView/actions.js
FN:11,defaultAction
FNF:1
FNH:1
FNDA:1,defaultAction
DA:12,1
LF:1
LH:1
BRF:0
BRH:0
end_of_record
TN:
SF:/Users/castlemilk/PycharmProjects/nutry/web/app/containers/WikiView/constants.js
FNF:0
FNH:0
DA:7,2
LF:1
LH:1
BRF:0
BRH:0
end_of_record
TN:
SF:/Users/castlemilk/PycharmProjects/nutry/web/app/containers/WikiView/index.js
FN:1,(anonymous_0)
FN:1,defineProperties
FN:1,(anonymous_2)
FN:20,_interopRequireDefault
FN:20,_classCallCheck
FN:20,_possibleConstructorReturn
FN:20,_inherits
FN:24,(anonymous_7)
FN:24,WikiView
FN:25,render
FN:44,mapDispatchToProps
FNF:11
FNH:0
FNDA:0,(anonymous_0)
FNDA:0,defineProperties
FNDA:0,(anonymous_2)
FNDA:0,_interopRequireDefault
FNDA:0,_classCallCheck
FNDA:0,_possibleConstructorReturn
FNDA:0,_inherits
FNDA:0,(anonymous_7)
FNDA:0,WikiView
FNDA:0,render
FNDA:0,mapDispatchToProps
DA:1,0
DA:7,0
DA:8,0
DA:9,0
DA:10,0
DA:11,0
DA:12,0
DA:13,0
DA:15,0
DA:16,0
DA:17,0
DA:18,0
DA:19,0
DA:20,0
DA:24,0
DA:25,0
DA:33,0
DA:36,0
DA:40,0
DA:45,0
DA:50,0
DA:52,0
DA:53,0
LF:23
LH:0
BRDA:1,0,0,0
BRDA:1,0,1,0
BRDA:1,1,0,0
BRDA:1,1,1,0
BRDA:1,2,0,0
BRDA:1,2,1,0
BRDA:1,3,0,0
BRDA:1,3,1,0
BRDA:20,4,0,0
BRDA:20,4,1,0
BRDA:20,5,0,0
BRDA:20,5,1,0
BRDA:20,6,0,0
BRDA:20,6,1,0
BRDA:20,7,0,0
BRDA:20,7,1,0
BRDA:20,8,0,0
BRDA:20,8,1,0
BRDA:20,9,0,0
BRDA:20,9,1,0
BRDA:20,9,2,0
BRDA:20,10,0,0
BRDA:20,10,1,0
BRDA:20,11,0,0
BRDA:20,11,1,0
BRDA:20,12,0,0
BRDA:20,12,1,0
BRDA:20,13,0,0
BRDA:20,13,1,0
BRDA:20,14,0,0
BRDA:20,14,1,0
BRDA:24,15,0,0
BRDA:24,15,1,0
BRF:33
BRH:0
end_of_record
TN:
SF:/Users/castlemilk/PycharmProjects/nutry/web/app/containers/WikiView/messages.js
FNF:0
FNH:0
DA:1,0
DA:6,0
DA:8,0
DA:12,0
LF:4
LH:0
BRF:0
BRH:0
end_of_record
TN:
SF:/Users/castlemilk/PycharmProjects/nutry/web/app/containers/WikiView/reducer.js
FN:14,wikiViewReducer
FNF:1
FNH:1
FNDA:1,wikiViewReducer
DA:12,1
DA:15,1
DA:17,0
DA:19,1
LF:4
LH:3
BRDA:14,0,0,1
BRDA:15,1,0,0
BRDA:15,1,1,1
BRF:3
BRH:2
end_of_record
TN:
SF:/Users/castlemilk/PycharmProjects/nutry/web/app/containers/WikiView/saga.js
FN:6,defaultSaga
FN:6,defaultSaga$
FNF:2
FNH:0
FNDA:0,defaultSaga
FNDA:0,defaultSaga$
DA:1,0
DA:4,0
DA:6,0
LF:3
LH:0
BRDA:6,0,0,0
BRDA:6,0,1,0
BRF:2
BRH:0
end_of_record
TN:
SF:/Users/castlemilk/PycharmProjects/nutry/web/app/containers/WikiView/selectors.js
FN:6,selectWikiViewDomain
FN:17,makeSelectWikiView
FN:19,(anonymous_2)
FNF:3
FNH:0
FNDA:0,selectWikiViewDomain
FNDA:0,makeSelectWikiView
FNDA:0,(anonymous_2)
DA:1,0
DA:6,0
DA:17,0
DA:19,0
DA:22,0
LF:5
LH:0
BRF:0
BRH:0
end_of_record
TN:
SF:/Users/castlemilk/PycharmProjects/nutry/web/app/lib/nutrientAnalytics.js
FN:1,(anonymous_0)
FN:29,_defineProperty
FN:43,getFilteredData
FN:43,(anonymous_3)
FN:43,getRankingResults
FN:43,(anonymous_5)
FN:46,(anonymous_6)
FN:46,(anonymous_7)
FN:46,(anonymous_8)
FN:50,(anonymous_9)
FN:50,(anonymous_10)
FN:58,(anonymous_11)
FNF:12
FNH:0
FNDA:0,(anonymous_0)
FNDA:0,_defineProperty
FNDA:0,getFilteredData
FNDA:0,(anonymous_3)
FNDA:0,getRankingResults
FNDA:0,(anonymous_5)
FNDA:0,(anonymous_6)
FNDA:0,(anonymous_7)
FNDA:0,(anonymous_8)
FNDA:0,(anonymous_9)
FNDA:0,(anonymous_10)
FNDA:0,(anonymous_11)
DA:1,0
DA:21,0
DA:29,0
DA:43,0
DA:46,0
DA:48,0
DA:50,0
DA:53,0
DA:55,0
DA:57,0
DA:58,0
LF:11
LH:0
BRDA:1,0,0,0
BRDA:1,0,1,0
BRDA:1,1,0,0
BRDA:1,1,1,0
BRDA:29,2,0,0
BRDA:29,2,1,0
BRDA:43,3,0,0
BRDA:43,3,1,0
BRDA:43,4,0,0
BRDA:43,4,1,0
BRDA:50,5,0,0
BRDA:50,5,1,0
BRDA:50,6,0,0
BRDA:50,6,1,0
BRDA:50,7,0,0
BRDA:50,7,1,0
BRF:16
BRH:0
end_of_record
TN:
SF:/Users/castlemilk/PycharmProjects/nutry/web/app/lib/nutrientMap.js
FN:8,defaultNutrient
FN:15,getNutrient
FN:34,Nutrient
FN:41,Portion
FN:50,getOmega3
FN:68,getRDI
FN:323,defaultPortions
FN:327,(anonymous_7)
FN:340,getScaledValue
FN:366,(anonymous_9)
FN:380,scale
FN:400,isFloat
FN:403,isNumeric
FN:407,prefixToName
FN:672,prefixToUnit
FNF:15
FNH:0
FNDA:0,defaultNutrient
FNDA:0,getNutrient
FNDA:0,Nutrient
FNDA:0,Portion
FNDA:0,getOmega3
FNDA:0,getRDI
FNDA:0,defaultPortions
FNDA:0,(anonymous_7)
FNDA:0,getScaledValue
FNDA:0,(anonymous_9)
FNDA:0,scale
FNDA:0,isFloat
FNDA:0,isNumeric
FNDA:0,prefixToName
FNDA:0,prefixToUnit
DA:9,0
DA:16,0
DA:17,0
DA:18,0
DA:26,0
DA:35,0
DA:36,0
DA:37,0
DA:38,0
DA:39,0
DA:42,0
DA:43,0
DA:44,0
DA:45,0
DA:46,0
DA:47,0
DA:51,0
DA:52,0
DA:53,0
DA:55,0
DA:56,0
DA:58,0
DA:59,0
DA:61,0
DA:69,0
DA:74,1
DA:75,1
DA:76,1
DA:77,1
DA:324,0
DA:326,0
DA:327,0
DA:336,0
DA:337,0
DA:341,0
DA:342,0
DA:343,0
DA:344,0
DA:347,0
DA:366,1
DA:367,0
DA:369,0
DA:371,0
DA:374,0
DA:375,0
DA:377,0
DA:385,0
DA:387,0
DA:389,0
DA:390,0
DA:392,0
DA:393,0
DA:396,0
DA:398,0
DA:401,0
DA:404,0
DA:413,0
DA:414,0
DA:415,0
DA:416,0
DA:417,0
DA:418,0
DA:420,0
DA:421,0
DA:422,0
DA:423,0
DA:424,0
DA:425,0
DA:426,0
DA:427,0
DA:428,0
DA:429,0
DA:430,0
DA:432,0
DA:433,0
DA:434,0
DA:435,0
DA:436,0
DA:437,0
DA:438,0
DA:439,0
DA:440,0
DA:441,0
DA:445,0
DA:446,0
DA:447,0
DA:448,0
DA:449,0
DA:450,0
DA:451,0
DA:452,0
DA:453,0
DA:454,0
DA:455,0
DA:456,0
DA:457,0
DA:458,0
DA:459,0
DA:460,0
DA:461,0
DA:462,0
DA:463,0
DA:464,0
DA:465,0
DA:466,0
DA:467,0
DA:468,0
DA:469,0
DA:470,0
DA:471,0
DA:472,0
DA:473,0
DA:474,0
DA:475,0
DA:476,0
DA:477,0
DA:478,0
DA:479,0
DA:480,0
DA:481,0
DA:482,0
DA:483,0
DA:484,0
DA:485,0
DA:487,0
DA:488,0
DA:489,0
DA:490,0
DA:491,0
DA:492,0
DA:493,0
DA:494,0
DA:495,0
DA:496,0
DA:497,0
DA:498,0
DA:499,0
DA:500,0
DA:501,0
DA:502,0
DA:503,0
DA:504,0
DA:505,0
DA:506,0
DA:507,0
DA:508,0
DA:509,0
DA:510,0
DA:511,0
DA:512,0
DA:513,0
DA:514,0
DA:515,0
DA:516,0
DA:517,0
DA:518,0
DA:519,0
DA:520,0
DA:521,0
DA:522,0
DA:523,0
DA:524,0
DA:525,0
DA:526,0
DA:527,0
DA:528,0
DA:529,0
DA:530,0
DA:531,0
DA:532,0
DA:533,0
DA:534,0
DA:535,0
DA:536,0
DA:537,0
DA:538,0
DA:539,0
DA:540,0
DA:541,0
DA:542,0
DA:543,0
DA:544,0
DA:545,0
DA:546,0
DA:547,0
DA:548,0
DA:549,0
DA:550,0
DA:551,0
DA:554,0
DA:555,0
DA:556,0
DA:557,0
DA:558,0
DA:559,0
DA:560,0
DA:561,0
DA:562,0
DA:563,0
DA:564,0
DA:569,0
DA:570,0
DA:571,0
DA:572,0
DA:573,0
DA:574,0
DA:575,0
DA:576,0
DA:577,0
DA:578,0
DA:579,0
DA:580,0
DA:581,0
DA:582,0
DA:583,0
DA:584,0
DA:585,0
DA:586,0
DA:587,0
DA:588,0
DA:589,0
DA:590,0
DA:591,0
DA:592,0
DA:594,0
DA:595,0
DA:596,0
DA:597,0
DA:598,0
DA:599,0
DA:600,0
DA:601,0
DA:602,0
DA:603,0
DA:604,0
DA:605,0
DA:606,0
DA:607,0
DA:608,0
DA:611,0
DA:612,0
DA:613,0
DA:614,0
DA:615,0
DA:616,0
DA:617,0
DA:619,0
DA:620,0
DA:621,0
DA:622,0
DA:623,0
DA:624,0
DA:625,0
DA:626,0
DA:627,0
DA:628,0
DA:629,0
DA:630,0
DA:632,0
DA:633,0
DA:634,0
DA:635,0
DA:636,0
DA:637,0
DA:639,0
DA:640,0
DA:641,0
DA:642,0
DA:643,0
DA:644,0
DA:645,0
DA:646,0
DA:647,0
DA:648,0
DA:649,0
DA:650,0
DA:652,0
DA:653,0
DA:655,0
DA:679,0
DA:680,0
DA:681,0
DA:682,0
DA:683,0
DA:685,0
DA:686,0
DA:687,0
DA:688,0
DA:689,0
DA:690,0
DA:691,0
DA:692,0
DA:693,0
DA:694,0
DA:695,0
DA:697,0
DA:698,0
DA:699,0
DA:700,0
DA:701,0
DA:702,0
DA:703,0
DA:704,0
DA:705,0
DA:706,0
DA:710,0
DA:711,0
DA:712,0
DA:713,0
DA:714,0
DA:715,0
DA:716,0
DA:717,0
DA:718,0
DA:719,0
DA:720,0
DA:721,0
DA:722,0
DA:723,0
DA:724,0
DA:725,0
DA:726,0
DA:727,0
DA:728,0
DA:729,0
DA:731,0
DA:732,0
DA:733,0
DA:734,0
DA:735,0
DA:736,0
DA:737,0
DA:738,0
DA:739,0
DA:740,0
DA:741,0
DA:742,0
DA:743,0
DA:744,0
DA:745,0
DA:746,0
DA:747,0
DA:748,0
DA:749,0
DA:750,0
DA:752,0
DA:753,0
DA:754,0
DA:755,0
DA:756,0
DA:757,0
DA:758,0
DA:759,0
DA:760,0
DA:761,0
DA:762,0
DA:763,0
DA:764,0
DA:765,0
DA:766,0
DA:767,0
DA:768,0
DA:769,0
DA:770,0
DA:771,0
DA:772,0
DA:773,0
DA:774,0
DA:775,0
DA:776,0
DA:777,0
DA:778,0
DA:779,0
DA:780,0
DA:781,0
DA:782,0
DA:783,0
DA:784,0
DA:785,0
DA:786,0
DA:787,0
DA:788,0
DA:789,0
DA:790,0
DA:791,0
DA:792,0
DA:793,0
DA:794,0
DA:795,0
DA:796,0
DA:797,0
DA:798,0
DA:799,0
DA:800,0
DA:801,0
DA:802,0
DA:803,0
DA:804,0
DA:805,0
DA:806,0
DA:807,0
DA:808,0
DA:809,0
DA:810,0
DA:811,0
DA:812,0
DA:813,0
DA:814,0
DA:815,0
DA:816,0
DA:819,0
DA:820,0
DA:821,0
DA:822,0
DA:823,0
DA:824,0
DA:825,0
DA:826,0
DA:827,0
DA:828,0
DA:829,0
DA:834,0
DA:835,0
DA:836,0
DA:837,0
DA:838,0
DA:839,0
DA:840,0
DA:841,0
DA:842,0
DA:843,0
DA:844,0
DA:845,0
DA:846,0
DA:847,0
DA:848,0
DA:849,0
DA:850,0
DA:851,0
DA:852,0
DA:853,0
DA:854,0
DA:855,0
DA:856,0
DA:857,0
DA:859,0
DA:860,0
DA:861,0
DA:862,0
DA:863,0
DA:864,0
DA:865,0
DA:866,0
DA:867,0
DA:868,0
DA:869,0
DA:870,0
DA:871,0
DA:872,0
DA:873,0
DA:875,0
DA:876,0
DA:877,0
DA:878,0
DA:879,0
DA:880,0
DA:881,0
DA:883,0
DA:884,0
DA:885,0
DA:886,0
DA:887,0
DA:888,0
DA:889,0
DA:890,0
DA:891,0
DA:892,0
DA:893,0
DA:894,0
DA:896,0
DA:897,0
DA:898,0
DA:899,0
DA:900,0
DA:901,0
DA:903,0
DA:904,0
DA:905,0
DA:906,0
DA:907,0
DA:908,0
DA:909,0
DA:910,0
DA:911,0
DA:912,0
DA:913,0
DA:914,0
DA:916,0
DA:917,0
DA:918,0
LF:500
LH:5
BRDA:15,0,0,0
BRDA:17,1,0,0
BRDA:17,1,1,0
BRDA:20,2,0,0
BRDA:20,2,1,0
BRDA:21,3,0,0
BRDA:21,3,1,0
BRDA:22,4,0,0
BRDA:22,4,1,0
BRDA:34,5,0,0
BRDA:44,6,0,0
BRDA:44,6,1,0
BRDA:52,7,0,0
BRDA:52,7,1,0
BRDA:55,8,0,0
BRDA:55,8,1,0
BRDA:58,9,0,0
BRDA:58,9,1,0
BRDA:323,10,0,0
BRDA:326,11,0,0
BRDA:326,11,1,0
BRDA:327,12,0,0
BRDA:327,12,1,0
BRDA:340,13,0,0
BRDA:341,14,0,0
BRDA:341,14,1,0
BRDA:343,15,0,0
BRDA:343,15,1,0
BRDA:366,16,0,0
BRDA:369,17,0,0
BRDA:369,17,1,0
BRDA:387,18,0,0
BRDA:387,18,1,0
BRDA:390,19,0,0
BRDA:390,19,1,0
BRDA:393,20,0,0
BRDA:393,20,1,0
BRDA:401,21,0,0
BRDA:401,21,1,0
BRDA:404,22,0,0
BRDA:404,22,1,0
BRDA:655,23,0,0
BRDA:655,23,1,0
BRDA:918,24,0,0
BRDA:918,24,1,0
BRF:45
BRH:0
end_of_record
TN:
SF:/Users/castlemilk/PycharmProjects/nutry/web/app/lib/utils.js
FN:1,(anonymous_0)
FN:89,_interopRequireDefault
FN:89,_defineProperty
FN:89,interpolateColor
FN:89,interpolateColors
FN:89,hex
FN:89,convertToHex
FN:89,trim
FN:89,convertToRGB
FN:89,generateColor
FN:93,arrayToObject
FN:93,(anonymous_11)
FN:93,scaledValue
FN:99,truncateTo
FN:112,scale
FN:132,isFloat
FN:135,isNumeric
FNF:17
FNH:0
FNDA:0,(anonymous_0)
FNDA:0,_interopRequireDefault
FNDA:0,_defineProperty
FNDA:0,interpolateColor
FNDA:0,interpolateColors
FNDA:0,hex
FNDA:0,convertToHex
FNDA:0,trim
FNDA:0,convertToRGB
FNDA:0,generateColor
FNDA:0,arrayToObject
FNDA:0,(anonymous_11)
FNDA:0,scaledValue
FNDA:0,truncateTo
FNDA:0,scale
FNDA:0,isFloat
FNDA:0,isNumeric
DA:1,0
DA:14,0
DA:52,0
DA:89,0
DA:90,0
DA:91,0
DA:92,0
DA:93,0
DA:96,0
DA:99,0
DA:100,0
DA:102,0
DA:104,0
DA:107,0
DA:108,0
DA:109,0
DA:117,0
DA:119,0
DA:121,0
DA:122,0
DA:124,0
DA:125,0
DA:128,0
DA:130,0
DA:133,0
DA:136,0
LF:26
LH:0
BRDA:1,0,0,0
BRDA:1,0,1,0
BRDA:1,1,0,0
BRDA:1,1,1,0
BRDA:89,2,0,0
BRDA:89,2,1,0
BRDA:89,3,0,0
BRDA:89,3,1,0
BRDA:89,4,0,0
BRDA:89,4,1,0
BRDA:89,5,0,0
BRDA:89,5,1,0
BRDA:89,6,0,0
BRDA:89,6,1,0
BRDA:89,7,0,0
BRDA:89,7,1,0
BRDA:89,8,0,0
BRDA:89,8,1,0
BRDA:93,9,0,0
BRDA:93,9,1,0
BRDA:93,10,0,0
BRDA:93,10,1,0
BRDA:93,11,0,0
BRDA:93,11,1,0
BRDA:93,12,0,0
BRDA:93,12,1,0
BRDA:99,13,0,0
BRDA:99,13,1,0
BRDA:99,14,0,0
BRDA:99,14,1,0
BRDA:102,15,0,0
BRDA:102,15,1,0
BRDA:119,16,0,0
BRDA:119,16,1,0
BRDA:122,17,0,0
BRDA:122,17,1,0
BRDA:125,18,0,0
BRDA:125,18,1,0
BRDA:133,19,0,0
BRDA:133,19,1,0
BRDA:136,20,0,0
BRDA:136,20,1,0
BRF:42
BRH:0
end_of_record
TN:
SF:/Users/castlemilk/PycharmProjects/nutry/web/app/services/elasticsearch/elasticsearch.js
FN:91,_interopRequireDefault
FN:91,parseResults
FN:91,checkStatus
FN:95,search
FN:102,profiler
FN:108,(anonymous_5)
FN:108,getDocument
FNF:7
FNH:0
FNDA:0,_interopRequireDefault
FNDA:0,parseResults
FNDA:0,checkStatus
FNDA:0,search
FNDA:0,profiler
FNDA:0,(anonymous_5)
FNDA:0,getDocument
DA:1,0
DA:35,0
DA:59,0
DA:91,0
DA:95,0
DA:102,0
DA:108,0
LF:7
LH:0
BRDA:91,0,0,0
BRDA:91,0,1,0
BRDA:91,1,0,0
BRDA:91,1,1,0
BRDA:91,2,0,0
BRDA:91,2,1,0
BRDA:91,3,0,0
BRDA:91,3,1,0
BRDA:91,4,0,0
BRDA:91,4,1,0
BRF:10
BRH:0
end_of_record
TN:
SF:/Users/castlemilk/PycharmProjects/nutry/web/app/services/elasticsearch/queries.js
FN:99,searchQuery
FN:99,profilerSearchQuery
FN:99,profilerFunctionQuery
FN:99,profilerDecayFunctionQuery
FN:111,matchField
FNF:5
FNH:0
FNDA:0,searchQuery
FNDA:0,profilerSearchQuery
FNDA:0,profilerFunctionQuery
FNDA:0,profilerDecayFunctionQuery
FNDA:0,matchField
DA:1,0
DA:26,0
DA:52,0
DA:61,0
DA:99,0
DA:111,0
LF:6
LH:0
BRF:0
BRH:0
end_of_record
TN:
SF:/Users/castlemilk/PycharmProjects/nutry/web/app/services/firebase/firebase.js
FN:1,(anonymous_0)
FN:36,_callee2
FN:36,_callee2$
FN:38,(anonymous_3)
FN:38,_callee
FN:38,_callee$
FN:39,(anonymous_6)
FN:42,getMultiFoodProfile
FN:54,_interopRequireDefault
FN:54,_asyncToGenerator
FN:54,(anonymous_10)
FN:54,(anonymous_11)
FN:54,step
FN:54,(anonymous_13)
FN:54,(anonymous_14)
FN:55,parseResults
FN:55,checkStatus
FN:56,getFoodProfile
FNF:18
FNH:0
FNDA:0,(anonymous_0)
FNDA:0,_callee2
FNDA:0,_callee2$
FNDA:0,(anonymous_3)
FNDA:0,_callee
FNDA:0,_callee$
FNDA:0,(anonymous_6)
FNDA:0,getMultiFoodProfile
FNDA:0,_interopRequireDefault
FNDA:0,_asyncToGenerator
FNDA:0,(anonymous_10)
FNDA:0,(anonymous_11)
FNDA:0,step
FNDA:0,(anonymous_13)
FNDA:0,(anonymous_14)
FNDA:0,parseResults
FNDA:0,checkStatus
FNDA:0,getFoodProfile
DA:1,0
DA:36,0
DA:37,0
DA:38,0
DA:39,0
DA:42,0
DA:54,0
DA:55,0
DA:56,0
DA:57,0
LF:10
LH:0
BRDA:36,0,0,0
BRDA:36,0,1,0
BRDA:36,0,2,0
BRDA:36,0,3,0
BRDA:38,1,0,0
BRDA:38,1,1,0
BRDA:38,1,2,0
BRDA:38,1,3,0
BRDA:54,2,0,0
BRDA:54,2,1,0
BRDA:54,3,0,0
BRDA:54,3,1,0
BRDA:54,4,0,0
BRDA:54,4,1,0
BRDA:55,5,0,0
BRDA:55,5,1,0
BRDA:56,6,0,0
BRDA:56,6,1,0
BRDA:56,7,0,0
BRDA:56,7,1,0
BRF:20
BRH:0
end_of_record
TN:
SF:/Users/castlemilk/PycharmProjects/nutry/web/app/utils/checkStore.js
FN:9,checkStore
FNF:1
FNH:1
FNDA:14,checkStore
DA:10,14
DA:19,14
LF:2
LH:2
BRF:0
BRH:0
end_of_record
TN:
SF:/Users/castlemilk/PycharmProjects/nutry/web/app/utils/constants.js
FNF:0
FNH:0
DA:1,3
DA:2,3
DA:3,3
LF:3
LH:3
BRF:0
BRH:0
end_of_record
TN:
SF:/Users/castlemilk/PycharmProjects/nutry/web/app/utils/injectReducer.js
FN:14,(anonymous_0)
FN:14,(anonymous_1)
FN:22,(anonymous_2)
FN:30,(anonymous_3)
FNF:4
FNH:4
FNDA:5,(anonymous_0)
FNDA:5,(anonymous_1)
FNDA:2,(anonymous_2)
FNDA:2,(anonymous_3)
DA:14,5
DA:23,2
DA:25,2
DA:31,2
DA:35,5
LF:5
LH:5
BRDA:20,0,0,5
BRDA:20,0,1,4
BRDA:20,0,2,1
BRF:3
BRH:3
end_of_record
TN:
SF:/Users/castlemilk/PycharmProjects/nutry/web/app/utils/injectSaga.js
FN:18,(anonymous_0)
FN:18,(anonymous_1)
FN:26,(anonymous_2)
FN:32,(anonymous_3)
FN:40,(anonymous_4)
FNF:5
FNH:5
FNDA:6,(anonymous_0)
FNDA:6,(anonymous_1)
FNDA:3,(anonymous_2)
FNDA:1,(anonymous_3)
FNDA:3,(anonymous_4)
DA:18,6
DA:27,3
DA:29,3
DA:33,1
DA:35,1
DA:41,3
DA:45,6
LF:7
LH:7
BRDA:24,0,0,6
BRDA:24,0,1,6
BRDA:24,0,2,1
BRF:3
BRH:3
end_of_record
TN:
SF:/Users/castlemilk/PycharmProjects/nutry/web/app/utils/reducerInjectors.js
FN:9,injectReducerFactory
FN:10,injectReducer
FN:26,getInjectors
FNF:3
FNH:3
FNDA:8,injectReducerFactory
FNDA:10,injectReducer
FNDA:3,getInjectors
DA:10,8
DA:11,10
DA:13,9
DA:19,6
DA:21,5
DA:22,5
DA:27,3
DA:29,1
LF:8
LH:8
BRDA:11,0,0,1
BRDA:11,0,1,9
BRDA:14,1,0,9
BRDA:14,1,1,7
BRDA:14,1,2,6
BRDA:19,2,0,1
BRDA:19,2,1,5
BRDA:19,3,0,6
BRDA:19,3,1,2
BRF:9
BRH:9
end_of_record
TN:
SF:/Users/castlemilk/PycharmProjects/nutry/web/app/utils/sagaInjectors.js
FN:16,(anonymous_0)
FN:21,(anonymous_1)
FN:24,(anonymous_2)
FN:32,injectSagaFactory
FN:33,injectSaga
FN:59,ejectSagaFactory
FN:60,ejectSaga
FN:79,getInjectors
FNF:8
FNH:8
FNDA:36,(anonymous_0)
FNDA:24,(anonymous_1)
FNDA:24,(anonymous_2)
FNDA:21,injectSagaFactory
FNDA:27,injectSaga
FNDA:21,ejectSagaFactory
FNDA:11,ejectSaga
FNDA:2,getInjectors
DA:14,3
DA:16,36
DA:21,3
DA:22,24
DA:24,24
DA:26,24
DA:33,21
DA:34,27
DA:36,26
DA:37,26
DA:39,26
DA:40,24
DA:42,20
DA:44,20
DA:45,16
DA:47,16
DA:48,1
DA:49,1
DA:53,20
DA:54,15
DA:60,21
DA:61,11
DA:63,10
DA:65,8
DA:66,7
DA:67,7
DA:68,4
DA:70,4
DA:72,2
DA:80,2
DA:82,1
LF:31
LH:31
BRDA:17,0,0,36
BRDA:17,0,1,34
BRDA:24,1,0,24
BRDA:24,1,1,23
BRDA:33,2,0,1
BRDA:34,3,0,1
BRDA:34,3,1,26
BRDA:36,4,0,26
BRDA:36,4,1,10
BRDA:44,5,0,16
BRDA:44,5,1,4
BRDA:47,6,0,1
BRDA:47,6,1,15
BRDA:47,7,0,16
BRDA:47,7,1,5
BRDA:53,8,0,15
BRDA:53,8,1,5
BRDA:53,9,0,20
BRDA:53,9,1,5
BRDA:53,9,2,5
BRDA:53,9,3,2
BRDA:61,10,0,1
BRDA:61,10,1,10
BRDA:65,11,0,7
BRDA:65,11,1,1
BRDA:67,12,0,4
BRDA:67,12,1,3
BRDA:70,13,0,2
BRDA:70,13,1,2
BRF:29
BRH:29
end_of_record
